#
# There is insufficient memory for the Java Runtime Environment to continue.
# Native memory allocation (malloc) failed to allocate 1079376 bytes for Chunk::new
# Possible reasons:
#   The system is out of physical RAM or swap space
#   The process is running with CompressedOops enabled, and the Java Heap may be blocking the growth of the native heap
# Possible solutions:
#   Reduce memory load on the system
#   Increase physical memory or swap space
#   Check if swap backing store is full
#   Decrease Java heap size (-Xmx/-Xms)
#   Decrease number of Java threads
#   Decrease Java thread stack sizes (-Xss)
#   Set larger code cache with -XX:ReservedCodeCacheSize=
#   JVM is running with Unscaled Compressed Oops mode in which the Java heap is
#     placed in the first 4GB address space. The Java Heap base address is the
#     maximum limit for the native heap growth. Please use -XX:HeapBaseMinAddress
#     to set the Java Heap base and to place the Java Heap above 4GB virtual address.
# This output file may be truncated or incomplete.
#
#  Out of Memory Error (./src/hotspot/share/memory/arena.cpp:197), pid=15516, tid=11752
#
# JRE version: OpenJDK Runtime Environment (11.0.13) (build 11.0.13+0-b1751.21-8125866)
# Java VM: OpenJDK 64-Bit Server VM (11.0.13+0-b1751.21-8125866, mixed mode, tiered, compressed oops, g1 gc, windows-amd64)
# No core dump will be written. Minidumps are not enabled by default on client versions of Windows
#

---------------  S U M M A R Y ------------

Command Line: --add-opens=java.base/java.util=ALL-UNNAMED --add-opens=java.base/java.lang=ALL-UNNAMED --add-opens=java.base/java.lang.invoke=ALL-UNNAMED --add-opens=java.base/java.util=ALL-UNNAMED --add-opens=java.prefs/java.util.prefs=ALL-UNNAMED --add-opens=java.prefs/java.util.prefs=ALL-UNNAMED --add-opens=java.base/java.nio.charset=ALL-UNNAMED --add-opens=java.base/java.net=ALL-UNNAMED --add-opens=java.base/java.util.concurrent.atomic=ALL-UNNAMED -Xmx2048m -Dfile.encoding=UTF-8 -Duser.country=RU -Duser.language=ru -Duser.variant org.gradle.launcher.daemon.bootstrap.GradleDaemon 7.4

Host: 11th Gen Intel(R) Core(TM) i3-1115G4 @ 3.00GHz, 4 cores, 7G,  Windows 11 , 64 bit Build 22000 (10.0.22000.1335)
Time: Wed Feb  1 13:57:25 2023 ???????? ???? (????) elapsed time: 2.019876 seconds (0d 0h 0m 2s)

---------------  T H R E A D  ---------------

Current thread (0x000001b88f3f4800):  JavaThread "C2 CompilerThread1" daemon [_thread_in_native, id=11752, stack(0x0000004b66a00000,0x0000004b66b00000)]


Current CompileTask:
C2:   2019 2028       4       java.net.URLClassLoader$1::run (5 bytes)

Stack: [0x0000004b66a00000,0x0000004b66b00000]
Native frames: (J=compiled Java code, j=interpreted, Vv=VM code, C=native code)
V  [jvm.dll+0x6100fa]
V  [jvm.dll+0x747090]
V  [jvm.dll+0x7486ad]
V  [jvm.dll+0x748d83]
V  [jvm.dll+0x24ab48]
V  [jvm.dll+0xc04dc]
V  [jvm.dll+0xc0a0c]
V  [jvm.dll+0x2bfab4]
V  [jvm.dll+0x524238]
V  [jvm.dll+0x20b193]
V  [jvm.dll+0x204ca0]
V  [jvm.dll+0x2023c2]
V  [jvm.dll+0x188e01]
V  [jvm.dll+0x21106b]
V  [jvm.dll+0x20f8c1]
V  [jvm.dll+0x70de0f]
V  [jvm.dll+0x706a75]
V  [jvm.dll+0x60ed66]
C  [ucrtbase.dll+0x26c0c]
C  [KERNEL32.DLL+0x155a0]
C  [ntdll.dll+0x485b]


---------------  P R O C E S S  ---------------

Threads class SMR info:
_java_thread_list=0x000001b891784cd0, length=24, elements={
0x000001b8f2a6d800, 0x000001b8ff601800, 0x000001b8ff604800, 0x000001b88f042800,
0x000001b8ff623000, 0x000001b8ff623800, 0x000001b8ff626800, 0x000001b8ff62a000,
0x000001b8ff637000, 0x000001b88f18f800, 0x000001b88f3f4800, 0x000001b891d65000,
0x000001b891343000, 0x000001b891a38000, 0x000001b89207a000, 0x000001b892077800,
0x000001b892078800, 0x000001b892079000, 0x000001b89207b000, 0x000001b892075000,
0x000001b892076800, 0x000001b89207b800, 0x000001b892076000, 0x000001b891b50000
}

Java Threads: ( => current thread )
  0x000001b8f2a6d800 JavaThread "main" [_thread_blocked, id=9352, stack(0x0000004b65900000,0x0000004b65a00000)]
  0x000001b8ff601800 JavaThread "Reference Handler" daemon [_thread_blocked, id=10824, stack(0x0000004b66000000,0x0000004b66100000)]
  0x000001b8ff604800 JavaThread "Finalizer" daemon [_thread_blocked, id=7708, stack(0x0000004b66100000,0x0000004b66200000)]
  0x000001b88f042800 JavaThread "Signal Dispatcher" daemon [_thread_blocked, id=16396, stack(0x0000004b66200000,0x0000004b66300000)]
  0x000001b8ff623000 JavaThread "Attach Listener" daemon [_thread_blocked, id=14304, stack(0x0000004b66300000,0x0000004b66400000)]
  0x000001b8ff623800 JavaThread "Service Thread" daemon [_thread_blocked, id=11408, stack(0x0000004b66400000,0x0000004b66500000)]
  0x000001b8ff626800 JavaThread "C2 CompilerThread0" daemon [_thread_in_native, id=1408, stack(0x0000004b66500000,0x0000004b66600000)]
  0x000001b8ff62a000 JavaThread "C1 CompilerThread0" daemon [_thread_blocked, id=17892, stack(0x0000004b66600000,0x0000004b66700000)]
  0x000001b8ff637000 JavaThread "Sweeper thread" daemon [_thread_blocked, id=10600, stack(0x0000004b66700000,0x0000004b66800000)]
  0x000001b88f18f800 JavaThread "Common-Cleaner" daemon [_thread_blocked, id=14840, stack(0x0000004b66800000,0x0000004b66900000)]
=>0x000001b88f3f4800 JavaThread "C2 CompilerThread1" daemon [_thread_in_native, id=11752, stack(0x0000004b66a00000,0x0000004b66b00000)]
  0x000001b891d65000 JavaThread "Daemon health stats" [_thread_blocked, id=15108, stack(0x0000004b66d00000,0x0000004b66e00000)]
  0x000001b891343000 JavaThread "Incoming local TCP Connector on port 14567" [_thread_in_native, id=19132, stack(0x0000004b66e00000,0x0000004b66f00000)]
  0x000001b891a38000 JavaThread "Daemon periodic checks" [_thread_blocked, id=14092, stack(0x0000004b66f00000,0x0000004b67000000)]
  0x000001b89207a000 JavaThread "Daemon" [_thread_blocked, id=5260, stack(0x0000004b67000000,0x0000004b67100000)]
  0x000001b892077800 JavaThread "Handler for socket connection from /127.0.0.1:14567 to /127.0.0.1:14568" [_thread_in_native, id=13948, stack(0x0000004b67100000,0x0000004b67200000)]
  0x000001b892078800 JavaThread "Cancel handler" [_thread_blocked, id=14808, stack(0x0000004b67200000,0x0000004b67300000)]
  0x000001b892079000 JavaThread "Daemon worker" [_thread_in_vm, id=2452, stack(0x0000004b67300000,0x0000004b67400000)]
  0x000001b89207b000 JavaThread "Asynchronous log dispatcher for DefaultDaemonConnection: socket connection from /127.0.0.1:14567 to /127.0.0.1:14568" [_thread_blocked, id=12772, stack(0x0000004b67400000,0x0000004b67500000)]
  0x000001b892075000 JavaThread "Stdin handler" [_thread_blocked, id=18192, stack(0x0000004b67500000,0x0000004b67600000)]
  0x000001b892076800 JavaThread "Daemon client event forwarder" [_thread_blocked, id=16796, stack(0x0000004b67600000,0x0000004b67700000)]
  0x000001b89207b800 JavaThread "Cache worker for journal cache (C:\Users\Yusufjon\.gradle\caches\journal-1)" [_thread_blocked, id=18804, stack(0x0000004b67800000,0x0000004b67900000)]
  0x000001b892076000 JavaThread "File lock request listener" [_thread_in_native, id=15960, stack(0x0000004b67900000,0x0000004b67a00000)]
  0x000001b891b50000 JavaThread "Cache worker for file hash cache (C:\Users\Yusufjon\.gradle\caches\7.4\fileHashes)" [_thread_blocked, id=16940, stack(0x0000004b67a00000,0x0000004b67b00000)]

Other Threads:
  0x000001b8ff5ff000 VMThread "VM Thread" [stack: 0x0000004b65f00000,0x0000004b66000000] [id=17648]
  0x000001b88f1c3000 WatcherThread [stack: 0x0000004b66900000,0x0000004b66a00000] [id=5948]
  0x000001b8f2a87800 GCTaskThread "GC Thread#0" [stack: 0x0000004b65a00000,0x0000004b65b00000] [id=3592]
  0x000001b88f9f6800 GCTaskThread "GC Thread#1" [stack: 0x0000004b66b00000,0x0000004b66c00000] [id=16084]
  0x000001b88fc8d800 GCTaskThread "GC Thread#2" [stack: 0x0000004b66c00000,0x0000004b66d00000] [id=18556]
  0x000001b89166e800 GCTaskThread "GC Thread#3" [stack: 0x0000004b67700000,0x0000004b67800000] [id=17368]
  0x000001b8f2ab8800 ConcurrentGCThread "G1 Main Marker" [stack: 0x0000004b65b00000,0x0000004b65c00000] [id=2968]
  0x000001b8f2aba800 ConcurrentGCThread "G1 Conc#0" [stack: 0x0000004b65c00000,0x0000004b65d00000] [id=18872]
  0x000001b8f2b49800 ConcurrentGCThread "G1 Refine#0" [stack: 0x0000004b65d00000,0x0000004b65e00000] [id=10816]
  0x000001b8f2b4c800 ConcurrentGCThread "G1 Young RemSet Sampling" [stack: 0x0000004b65e00000,0x0000004b65f00000] [id=17260]

Threads with active compile tasks:
C2 CompilerThread0   2028 1967   !   4       java.lang.ClassLoader::loadClass (122 bytes)
C2 CompilerThread1   2028 2028       4       java.net.URLClassLoader$1::run (5 bytes)

VM state:not at safepoint (normal execution)

VM Mutex/Monitor currently owned by a thread:  ([mutex/lock_event])
[0x000001b8f2a6a950] MetaspaceExpand_lock - owner thread: 0x000001b892079000

Heap address: 0x0000000080000000, size: 2048 MB, Compressed Oops mode: 32-bit
Narrow klass base: 0x0000000000000000, Narrow klass shift: 3
Compressed class space size: 1073741824 Address: 0x0000000100000000

Heap:
 garbage-first heap   total 155648K, used 46651K [0x0000000080000000, 0x0000000100000000)
  region size 1024K, 35 young (35840K), 6 survivors (6144K)
 Metaspace       used 23576K, capacity 24186K, committed 24448K, reserved 1071104K
  class space    used 2975K, capacity 3190K, committed 3200K, reserved 1048576K
Heap Regions: E=young(eden), S=young(survivor), O=old, HS=humongous(starts), HC=humongous(continues), CS=collection set, F=free, A=archive, TAMS=top-at-mark-start (previous, next)
|   0|0x0000000080000000, 0x0000000080100000, 0x0000000080100000|100%|HS|  |TAMS 0x0000000080100000, 0x0000000080000000| Complete 
|   1|0x0000000080100000, 0x0000000080200000, 0x0000000080200000|100%|HC|  |TAMS 0x0000000080200000, 0x0000000080100000| Complete 
|   2|0x0000000080200000, 0x0000000080300000, 0x0000000080300000|100%|HC|  |TAMS 0x0000000080300000, 0x0000000080200000| Complete 
|   3|0x0000000080300000, 0x0000000080400000, 0x0000000080400000|100%| O|  |TAMS 0x0000000080400000, 0x0000000080300000| Untracked 
|   4|0x0000000080400000, 0x0000000080500000, 0x0000000080500000|100%| O|  |TAMS 0x0000000080500000, 0x0000000080400000| Untracked 
|   5|0x0000000080500000, 0x0000000080600000, 0x0000000080600000|100%| O|  |TAMS 0x0000000080600000, 0x0000000080500000| Untracked 
|   6|0x0000000080600000, 0x0000000080700000, 0x0000000080700000|100%| O|  |TAMS 0x0000000080700000, 0x0000000080600000| Untracked 
|   7|0x0000000080700000, 0x0000000080800000, 0x0000000080800000|100%| O|  |TAMS 0x0000000080800000, 0x0000000080700000| Untracked 
|   8|0x0000000080800000, 0x0000000080900000, 0x0000000080900000|100%| O|  |TAMS 0x0000000080900000, 0x0000000080800000| Untracked 
|   9|0x0000000080900000, 0x0000000080a00000, 0x0000000080a00000|100%| O|  |TAMS 0x0000000080a00000, 0x0000000080900000| Untracked 
|  10|0x0000000080a00000, 0x0000000080b00000, 0x0000000080b00000|100%| O|  |TAMS 0x0000000080b00000, 0x0000000080a00000| Untracked 
|  11|0x0000000080b00000, 0x0000000080c00000, 0x0000000080c00000|100%| O|  |TAMS 0x0000000080c00000, 0x0000000080b00000| Untracked 
|  12|0x0000000080c00000, 0x0000000080c0f800, 0x0000000080d00000|  6%| O|  |TAMS 0x0000000080c0f800, 0x0000000080c00000| Untracked 
|  13|0x0000000080d00000, 0x0000000080d00000, 0x0000000080e00000|  0%| F|  |TAMS 0x0000000080d00000, 0x0000000080d00000| Untracked 
|  14|0x0000000080e00000, 0x0000000080e00000, 0x0000000080f00000|  0%| F|  |TAMS 0x0000000080e00000, 0x0000000080e00000| Untracked 
|  15|0x0000000080f00000, 0x0000000080f00000, 0x0000000081000000|  0%| F|  |TAMS 0x0000000080f00000, 0x0000000080f00000| Untracked 
|  16|0x0000000081000000, 0x0000000081000000, 0x0000000081100000|  0%| F|  |TAMS 0x0000000081000000, 0x0000000081000000| Untracked 
|  17|0x0000000081100000, 0x0000000081100000, 0x0000000081200000|  0%| F|  |TAMS 0x0000000081100000, 0x0000000081100000| Untracked 
|  18|0x0000000081200000, 0x0000000081200000, 0x0000000081300000|  0%| F|  |TAMS 0x0000000081200000, 0x0000000081200000| Untracked 
|  19|0x0000000081300000, 0x0000000081300000, 0x0000000081400000|  0%| F|  |TAMS 0x0000000081300000, 0x0000000081300000| Untracked 
|  20|0x0000000081400000, 0x0000000081400000, 0x0000000081500000|  0%| F|  |TAMS 0x0000000081400000, 0x0000000081400000| Untracked 
|  21|0x0000000081500000, 0x0000000081500000, 0x0000000081600000|  0%| F|  |TAMS 0x0000000081500000, 0x0000000081500000| Untracked 
|  22|0x0000000081600000, 0x0000000081600000, 0x0000000081700000|  0%| F|  |TAMS 0x0000000081600000, 0x0000000081600000| Untracked 
|  23|0x0000000081700000, 0x0000000081700000, 0x0000000081800000|  0%| F|  |TAMS 0x0000000081700000, 0x0000000081700000| Untracked 
|  24|0x0000000081800000, 0x0000000081800000, 0x0000000081900000|  0%| F|  |TAMS 0x0000000081800000, 0x0000000081800000| Untracked 
|  25|0x0000000081900000, 0x0000000081900000, 0x0000000081a00000|  0%| F|  |TAMS 0x0000000081900000, 0x0000000081900000| Untracked 
|  26|0x0000000081a00000, 0x0000000081a00000, 0x0000000081b00000|  0%| F|  |TAMS 0x0000000081a00000, 0x0000000081a00000| Untracked 
|  27|0x0000000081b00000, 0x0000000081b00000, 0x0000000081c00000|  0%| F|  |TAMS 0x0000000081b00000, 0x0000000081b00000| Untracked 
|  28|0x0000000081c00000, 0x0000000081c00000, 0x0000000081d00000|  0%| F|  |TAMS 0x0000000081c00000, 0x0000000081c00000| Untracked 
|  29|0x0000000081d00000, 0x0000000081d00000, 0x0000000081e00000|  0%| F|  |TAMS 0x0000000081d00000, 0x0000000081d00000| Untracked 
|  30|0x0000000081e00000, 0x0000000081e00000, 0x0000000081f00000|  0%| F|  |TAMS 0x0000000081e00000, 0x0000000081e00000| Untracked 
|  31|0x0000000081f00000, 0x0000000081f00000, 0x0000000082000000|  0%| F|  |TAMS 0x0000000081f00000, 0x0000000081f00000| Untracked 
|  32|0x0000000082000000, 0x0000000082000000, 0x0000000082100000|  0%| F|  |TAMS 0x0000000082000000, 0x0000000082000000| Untracked 
|  33|0x0000000082100000, 0x0000000082100000, 0x0000000082200000|  0%| F|  |TAMS 0x0000000082100000, 0x0000000082100000| Untracked 
|  34|0x0000000082200000, 0x0000000082200000, 0x0000000082300000|  0%| F|  |TAMS 0x0000000082200000, 0x0000000082200000| Untracked 
|  35|0x0000000082300000, 0x0000000082300000, 0x0000000082400000|  0%| F|  |TAMS 0x0000000082300000, 0x0000000082300000| Untracked 
|  36|0x0000000082400000, 0x0000000082400000, 0x0000000082500000|  0%| F|  |TAMS 0x0000000082400000, 0x0000000082400000| Untracked 
|  37|0x0000000082500000, 0x0000000082500000, 0x0000000082600000|  0%| F|  |TAMS 0x0000000082500000, 0x0000000082500000| Untracked 
|  38|0x0000000082600000, 0x0000000082600000, 0x0000000082700000|  0%| F|  |TAMS 0x0000000082600000, 0x0000000082600000| Untracked 
|  39|0x0000000082700000, 0x0000000082700000, 0x0000000082800000|  0%| F|  |TAMS 0x0000000082700000, 0x0000000082700000| Untracked 
|  40|0x0000000082800000, 0x0000000082800000, 0x0000000082900000|  0%| F|  |TAMS 0x0000000082800000, 0x0000000082800000| Untracked 
|  41|0x0000000082900000, 0x0000000082900000, 0x0000000082a00000|  0%| F|  |TAMS 0x0000000082900000, 0x0000000082900000| Untracked 
|  42|0x0000000082a00000, 0x0000000082a00000, 0x0000000082b00000|  0%| F|  |TAMS 0x0000000082a00000, 0x0000000082a00000| Untracked 
|  43|0x0000000082b00000, 0x0000000082b00000, 0x0000000082c00000|  0%| F|  |TAMS 0x0000000082b00000, 0x0000000082b00000| Untracked 
|  44|0x0000000082c00000, 0x0000000082c00000, 0x0000000082d00000|  0%| F|  |TAMS 0x0000000082c00000, 0x0000000082c00000| Untracked 
|  45|0x0000000082d00000, 0x0000000082d00000, 0x0000000082e00000|  0%| F|  |TAMS 0x0000000082d00000, 0x0000000082d00000| Untracked 
|  46|0x0000000082e00000, 0x0000000082e00000, 0x0000000082f00000|  0%| F|  |TAMS 0x0000000082e00000, 0x0000000082e00000| Untracked 
|  47|0x0000000082f00000, 0x0000000082f00000, 0x0000000083000000|  0%| F|  |TAMS 0x0000000082f00000, 0x0000000082f00000| Untracked 
|  48|0x0000000083000000, 0x0000000083000000, 0x0000000083100000|  0%| F|  |TAMS 0x0000000083000000, 0x0000000083000000| Untracked 
|  49|0x0000000083100000, 0x0000000083100000, 0x0000000083200000|  0%| F|  |TAMS 0x0000000083100000, 0x0000000083100000| Untracked 
|  50|0x0000000083200000, 0x0000000083200000, 0x0000000083300000|  0%| F|  |TAMS 0x0000000083200000, 0x0000000083200000| Untracked 
|  51|0x0000000083300000, 0x0000000083300000, 0x0000000083400000|  0%| F|  |TAMS 0x0000000083300000, 0x0000000083300000| Untracked 
|  52|0x0000000083400000, 0x0000000083400000, 0x0000000083500000|  0%| F|  |TAMS 0x0000000083400000, 0x0000000083400000| Untracked 
|  53|0x0000000083500000, 0x0000000083500000, 0x0000000083600000|  0%| F|  |TAMS 0x0000000083500000, 0x0000000083500000| Untracked 
|  54|0x0000000083600000, 0x0000000083600000, 0x0000000083700000|  0%| F|  |TAMS 0x0000000083600000, 0x0000000083600000| Untracked 
|  55|0x0000000083700000, 0x0000000083700000, 0x0000000083800000|  0%| F|  |TAMS 0x0000000083700000, 0x0000000083700000| Untracked 
|  56|0x0000000083800000, 0x0000000083800000, 0x0000000083900000|  0%| F|  |TAMS 0x0000000083800000, 0x0000000083800000| Untracked 
|  57|0x0000000083900000, 0x0000000083900000, 0x0000000083a00000|  0%| F|  |TAMS 0x0000000083900000, 0x0000000083900000| Untracked 
|  58|0x0000000083a00000, 0x0000000083a00000, 0x0000000083b00000|  0%| F|  |TAMS 0x0000000083a00000, 0x0000000083a00000| Untracked 
|  59|0x0000000083b00000, 0x0000000083b00000, 0x0000000083c00000|  0%| F|  |TAMS 0x0000000083b00000, 0x0000000083b00000| Untracked 
|  60|0x0000000083c00000, 0x0000000083c00000, 0x0000000083d00000|  0%| F|  |TAMS 0x0000000083c00000, 0x0000000083c00000| Untracked 
|  61|0x0000000083d00000, 0x0000000083d00000, 0x0000000083e00000|  0%| F|  |TAMS 0x0000000083d00000, 0x0000000083d00000| Untracked 
|  62|0x0000000083e00000, 0x0000000083e00000, 0x0000000083f00000|  0%| F|  |TAMS 0x0000000083e00000, 0x0000000083e00000| Untracked 
|  63|0x0000000083f00000, 0x0000000083f00000, 0x0000000084000000|  0%| F|  |TAMS 0x0000000083f00000, 0x0000000083f00000| Untracked 
|  64|0x0000000084000000, 0x0000000084000000, 0x0000000084100000|  0%| F|  |TAMS 0x0000000084000000, 0x0000000084000000| Untracked 
|  65|0x0000000084100000, 0x0000000084100000, 0x0000000084200000|  0%| F|  |TAMS 0x0000000084100000, 0x0000000084100000| Untracked 
|  66|0x0000000084200000, 0x0000000084200000, 0x0000000084300000|  0%| F|  |TAMS 0x0000000084200000, 0x0000000084200000| Untracked 
|  67|0x0000000084300000, 0x0000000084300000, 0x0000000084400000|  0%| F|  |TAMS 0x0000000084300000, 0x0000000084300000| Untracked 
|  68|0x0000000084400000, 0x0000000084400000, 0x0000000084500000|  0%| F|  |TAMS 0x0000000084400000, 0x0000000084400000| Untracked 
|  69|0x0000000084500000, 0x0000000084500000, 0x0000000084600000|  0%| F|  |TAMS 0x0000000084500000, 0x0000000084500000| Untracked 
|  70|0x0000000084600000, 0x0000000084600000, 0x0000000084700000|  0%| F|  |TAMS 0x0000000084600000, 0x0000000084600000| Untracked 
|  71|0x0000000084700000, 0x0000000084700000, 0x0000000084800000|  0%| F|  |TAMS 0x0000000084700000, 0x0000000084700000| Untracked 
|  72|0x0000000084800000, 0x0000000084800000, 0x0000000084900000|  0%| F|  |TAMS 0x0000000084800000, 0x0000000084800000| Untracked 
|  73|0x0000000084900000, 0x0000000084900000, 0x0000000084a00000|  0%| F|  |TAMS 0x0000000084900000, 0x0000000084900000| Untracked 
|  74|0x0000000084a00000, 0x0000000084a00000, 0x0000000084b00000|  0%| F|  |TAMS 0x0000000084a00000, 0x0000000084a00000| Untracked 
|  75|0x0000000084b00000, 0x0000000084b00000, 0x0000000084c00000|  0%| F|  |TAMS 0x0000000084b00000, 0x0000000084b00000| Untracked 
|  76|0x0000000084c00000, 0x0000000084c00000, 0x0000000084d00000|  0%| F|  |TAMS 0x0000000084c00000, 0x0000000084c00000| Untracked 
|  77|0x0000000084d00000, 0x0000000084d00000, 0x0000000084e00000|  0%| F|  |TAMS 0x0000000084d00000, 0x0000000084d00000| Untracked 
|  78|0x0000000084e00000, 0x0000000084e00000, 0x0000000084f00000|  0%| F|  |TAMS 0x0000000084e00000, 0x0000000084e00000| Untracked 
|  79|0x0000000084f00000, 0x0000000084f00000, 0x0000000085000000|  0%| F|  |TAMS 0x0000000084f00000, 0x0000000084f00000| Untracked 
|  80|0x0000000085000000, 0x0000000085000000, 0x0000000085100000|  0%| F|  |TAMS 0x0000000085000000, 0x0000000085000000| Untracked 
|  81|0x0000000085100000, 0x0000000085100000, 0x0000000085200000|  0%| F|  |TAMS 0x0000000085100000, 0x0000000085100000| Untracked 
|  82|0x0000000085200000, 0x0000000085200000, 0x0000000085300000|  0%| F|  |TAMS 0x0000000085200000, 0x0000000085200000| Untracked 
|  83|0x0000000085300000, 0x0000000085300000, 0x0000000085400000|  0%| F|  |TAMS 0x0000000085300000, 0x0000000085300000| Untracked 
|  84|0x0000000085400000, 0x0000000085400000, 0x0000000085500000|  0%| F|  |TAMS 0x0000000085400000, 0x0000000085400000| Untracked 
|  85|0x0000000085500000, 0x0000000085500000, 0x0000000085600000|  0%| F|  |TAMS 0x0000000085500000, 0x0000000085500000| Untracked 
|  86|0x0000000085600000, 0x0000000085600000, 0x0000000085700000|  0%| F|  |TAMS 0x0000000085600000, 0x0000000085600000| Untracked 
|  87|0x0000000085700000, 0x0000000085700000, 0x0000000085800000|  0%| F|  |TAMS 0x0000000085700000, 0x0000000085700000| Untracked 
|  88|0x0000000085800000, 0x0000000085800000, 0x0000000085900000|  0%| F|  |TAMS 0x0000000085800000, 0x0000000085800000| Untracked 
|  89|0x0000000085900000, 0x0000000085900000, 0x0000000085a00000|  0%| F|  |TAMS 0x0000000085900000, 0x0000000085900000| Untracked 
|  90|0x0000000085a00000, 0x0000000085a00000, 0x0000000085b00000|  0%| F|  |TAMS 0x0000000085a00000, 0x0000000085a00000| Untracked 
|  91|0x0000000085b00000, 0x0000000085b00000, 0x0000000085c00000|  0%| F|  |TAMS 0x0000000085b00000, 0x0000000085b00000| Untracked 
|  92|0x0000000085c00000, 0x0000000085c00000, 0x0000000085d00000|  0%| F|  |TAMS 0x0000000085c00000, 0x0000000085c00000| Untracked 
|  93|0x0000000085d00000, 0x0000000085d00000, 0x0000000085e00000|  0%| F|  |TAMS 0x0000000085d00000, 0x0000000085d00000| Untracked 
|  94|0x0000000085e00000, 0x0000000085e00000, 0x0000000085f00000|  0%| F|  |TAMS 0x0000000085e00000, 0x0000000085e00000| Untracked 
|  95|0x0000000085f00000, 0x0000000085f00000, 0x0000000086000000|  0%| F|  |TAMS 0x0000000085f00000, 0x0000000085f00000| Untracked 
|  96|0x0000000086000000, 0x0000000086000000, 0x0000000086100000|  0%| F|  |TAMS 0x0000000086000000, 0x0000000086000000| Untracked 
|  97|0x0000000086100000, 0x0000000086100000, 0x0000000086200000|  0%| F|  |TAMS 0x0000000086100000, 0x0000000086100000| Untracked 
|  98|0x0000000086200000, 0x0000000086200000, 0x0000000086300000|  0%| F|  |TAMS 0x0000000086200000, 0x0000000086200000| Untracked 
|  99|0x0000000086300000, 0x0000000086300000, 0x0000000086400000|  0%| F|  |TAMS 0x0000000086300000, 0x0000000086300000| Untracked 
| 100|0x0000000086400000, 0x0000000086400000, 0x0000000086500000|  0%| F|  |TAMS 0x0000000086400000, 0x0000000086400000| Untracked 
| 101|0x0000000086500000, 0x0000000086500000, 0x0000000086600000|  0%| F|  |TAMS 0x0000000086500000, 0x0000000086500000| Untracked 
| 102|0x0000000086600000, 0x0000000086600000, 0x0000000086700000|  0%| F|  |TAMS 0x0000000086600000, 0x0000000086600000| Untracked 
| 103|0x0000000086700000, 0x0000000086700000, 0x0000000086800000|  0%| F|  |TAMS 0x0000000086700000, 0x0000000086700000| Untracked 
| 104|0x0000000086800000, 0x0000000086800000, 0x0000000086900000|  0%| F|  |TAMS 0x0000000086800000, 0x0000000086800000| Untracked 
| 105|0x0000000086900000, 0x0000000086900000, 0x0000000086a00000|  0%| F|  |TAMS 0x0000000086900000, 0x0000000086900000| Untracked 
| 106|0x0000000086a00000, 0x0000000086a00000, 0x0000000086b00000|  0%| F|  |TAMS 0x0000000086a00000, 0x0000000086a00000| Untracked 
| 107|0x0000000086b00000, 0x0000000086b00000, 0x0000000086c00000|  0%| F|  |TAMS 0x0000000086b00000, 0x0000000086b00000| Untracked 
| 108|0x0000000086c00000, 0x0000000086c00000, 0x0000000086d00000|  0%| F|  |TAMS 0x0000000086c00000, 0x0000000086c00000| Untracked 
| 109|0x0000000086d00000, 0x0000000086d00000, 0x0000000086e00000|  0%| F|  |TAMS 0x0000000086d00000, 0x0000000086d00000| Untracked 
| 110|0x0000000086e00000, 0x0000000086e00000, 0x0000000086f00000|  0%| F|  |TAMS 0x0000000086e00000, 0x0000000086e00000| Untracked 
| 111|0x0000000086f00000, 0x0000000086f00000, 0x0000000087000000|  0%| F|  |TAMS 0x0000000086f00000, 0x0000000086f00000| Untracked 
| 112|0x0000000087000000, 0x0000000087000000, 0x0000000087100000|  0%| F|  |TAMS 0x0000000087000000, 0x0000000087000000| Untracked 
| 113|0x0000000087100000, 0x000000008717f5a8, 0x0000000087200000| 49%| S|CS|TAMS 0x0000000087100000, 0x0000000087100000| Complete 
| 114|0x0000000087200000, 0x0000000087300000, 0x0000000087300000|100%| S|CS|TAMS 0x0000000087200000, 0x0000000087200000| Complete 
| 115|0x0000000087300000, 0x0000000087400000, 0x0000000087400000|100%| S|CS|TAMS 0x0000000087300000, 0x0000000087300000| Complete 
| 116|0x0000000087400000, 0x0000000087500000, 0x0000000087500000|100%| S|CS|TAMS 0x0000000087400000, 0x0000000087400000| Complete 
| 117|0x0000000087500000, 0x0000000087600000, 0x0000000087600000|100%| S|CS|TAMS 0x0000000087500000, 0x0000000087500000| Complete 
| 118|0x0000000087600000, 0x0000000087700000, 0x0000000087700000|100%| S|CS|TAMS 0x0000000087600000, 0x0000000087600000| Complete 
| 119|0x0000000087700000, 0x0000000087700000, 0x0000000087800000|  0%| F|  |TAMS 0x0000000087700000, 0x0000000087700000| Untracked 
| 120|0x0000000087800000, 0x0000000087800000, 0x0000000087900000|  0%| F|  |TAMS 0x0000000087800000, 0x0000000087800000| Untracked 
| 121|0x0000000087900000, 0x0000000087900000, 0x0000000087a00000|  0%| F|  |TAMS 0x0000000087900000, 0x0000000087900000| Untracked 
| 122|0x0000000087a00000, 0x0000000087a00000, 0x0000000087b00000|  0%| F|  |TAMS 0x0000000087a00000, 0x0000000087a00000| Untracked 
| 123|0x0000000087b00000, 0x0000000087c00000, 0x0000000087c00000|100%| E|  |TAMS 0x0000000087b00000, 0x0000000087b00000| Complete 
| 124|0x0000000087c00000, 0x0000000087d00000, 0x0000000087d00000|100%| E|CS|TAMS 0x0000000087c00000, 0x0000000087c00000| Complete 
| 125|0x0000000087d00000, 0x0000000087e00000, 0x0000000087e00000|100%| E|CS|TAMS 0x0000000087d00000, 0x0000000087d00000| Complete 
| 126|0x0000000087e00000, 0x0000000087f00000, 0x0000000087f00000|100%| E|CS|TAMS 0x0000000087e00000, 0x0000000087e00000| Complete 
| 127|0x0000000087f00000, 0x0000000088000000, 0x0000000088000000|100%| E|CS|TAMS 0x0000000087f00000, 0x0000000087f00000| Complete 
| 128|0x0000000088000000, 0x0000000088100000, 0x0000000088100000|100%| E|CS|TAMS 0x0000000088000000, 0x0000000088000000| Complete 
| 129|0x0000000088100000, 0x0000000088200000, 0x0000000088200000|100%| E|CS|TAMS 0x0000000088100000, 0x0000000088100000| Complete 
| 130|0x0000000088200000, 0x0000000088300000, 0x0000000088300000|100%| E|CS|TAMS 0x0000000088200000, 0x0000000088200000| Complete 
| 131|0x0000000088300000, 0x0000000088400000, 0x0000000088400000|100%| E|CS|TAMS 0x0000000088300000, 0x0000000088300000| Complete 
| 132|0x0000000088400000, 0x0000000088500000, 0x0000000088500000|100%| E|CS|TAMS 0x0000000088400000, 0x0000000088400000| Complete 
| 133|0x0000000088500000, 0x0000000088600000, 0x0000000088600000|100%| E|CS|TAMS 0x0000000088500000, 0x0000000088500000| Complete 
| 134|0x0000000088600000, 0x0000000088700000, 0x0000000088700000|100%| E|CS|TAMS 0x0000000088600000, 0x0000000088600000| Complete 
| 135|0x0000000088700000, 0x0000000088800000, 0x0000000088800000|100%| E|CS|TAMS 0x0000000088700000, 0x0000000088700000| Complete 
| 136|0x0000000088800000, 0x0000000088900000, 0x0000000088900000|100%| E|CS|TAMS 0x0000000088800000, 0x0000000088800000| Complete 
| 137|0x0000000088900000, 0x0000000088a00000, 0x0000000088a00000|100%| E|CS|TAMS 0x0000000088900000, 0x0000000088900000| Complete 
| 138|0x0000000088a00000, 0x0000000088b00000, 0x0000000088b00000|100%| E|CS|TAMS 0x0000000088a00000, 0x0000000088a00000| Complete 
| 139|0x0000000088b00000, 0x0000000088c00000, 0x0000000088c00000|100%| E|CS|TAMS 0x0000000088b00000, 0x0000000088b00000| Complete 
| 140|0x0000000088c00000, 0x0000000088d00000, 0x0000000088d00000|100%| E|CS|TAMS 0x0000000088c00000, 0x0000000088c00000| Complete 
| 141|0x0000000088d00000, 0x0000000088e00000, 0x0000000088e00000|100%| E|CS|TAMS 0x0000000088d00000, 0x0000000088d00000| Complete 
| 142|0x0000000088e00000, 0x0000000088f00000, 0x0000000088f00000|100%| E|CS|TAMS 0x0000000088e00000, 0x0000000088e00000| Complete 
| 143|0x0000000088f00000, 0x0000000089000000, 0x0000000089000000|100%| E|CS|TAMS 0x0000000088f00000, 0x0000000088f00000| Complete 
| 144|0x0000000089000000, 0x0000000089100000, 0x0000000089100000|100%| E|CS|TAMS 0x0000000089000000, 0x0000000089000000| Complete 
| 145|0x0000000089100000, 0x0000000089200000, 0x0000000089200000|100%| E|CS|TAMS 0x0000000089100000, 0x0000000089100000| Complete 
| 146|0x0000000089200000, 0x0000000089300000, 0x0000000089300000|100%| E|CS|TAMS 0x0000000089200000, 0x0000000089200000| Complete 
| 147|0x0000000089300000, 0x0000000089400000, 0x0000000089400000|100%| E|CS|TAMS 0x0000000089300000, 0x0000000089300000| Complete 
| 148|0x0000000089400000, 0x0000000089500000, 0x0000000089500000|100%| E|CS|TAMS 0x0000000089400000, 0x0000000089400000| Complete 
| 149|0x0000000089500000, 0x0000000089600000, 0x0000000089600000|100%| E|CS|TAMS 0x0000000089500000, 0x0000000089500000| Complete 
| 150|0x0000000089600000, 0x0000000089700000, 0x0000000089700000|100%| E|CS|TAMS 0x0000000089600000, 0x0000000089600000| Complete 
| 151|0x0000000089700000, 0x0000000089800000, 0x0000000089800000|100%| E|CS|TAMS 0x0000000089700000, 0x0000000089700000| Complete 

Card table byte_map: [0x000001b8f87c0000,0x000001b8f8bc0000] _byte_map_base: 0x000001b8f83c0000

Marking Bits (Prev, Next): (CMBitMap*) 0x000001b8f2aafa90, (CMBitMap*) 0x000001b8f2aafa58
 Prev Bits: [0x000001b8fafc0000, 0x000001b8fcfc0000)
 Next Bits: [0x000001b8f8fc0000, 0x000001b8fafc0000)

Polling page: 0x000001b8f2b50000

Metaspace:

Usage:
  Non-class:     20.50 MB capacity,    20.13 MB ( 98%) used,   344.04 KB (  2%) free+waste,    42.13 KB ( <1%) overhead. 
      Class:      3.12 MB capacity,     2.91 MB ( 93%) used,   189.04 KB (  6%) free+waste,    21.00 KB ( <1%) overhead. 
       Both:     23.62 MB capacity,    23.04 MB ( 98%) used,   533.08 KB (  2%) free+waste,    63.13 KB ( <1%) overhead. 

Virtual space:
  Non-class space:       22.00 MB reserved,      20.75 MB ( 94%) committed 
      Class space:        1.00 GB reserved,       3.13 MB ( <1%) committed 
             Both:        1.02 GB reserved,      23.88 MB (  2%) committed 

Chunk freelists:
   Non-Class:  60.00 KB
       Class:  10.00 KB
        Both:  70.00 KB

MaxMetaspaceSize: 17179869184.00 GB
CompressedClassSpaceSize: 1.00 GB
Initial GC threshold: 20.80 MB
Current GC threshold: 35.20 MB
CDS: off

CodeHeap 'non-profiled nmethods': size=120064Kb used=1055Kb max_used=1055Kb free=119008Kb
 bounds [0x000001b887ac0000, 0x000001b887d30000, 0x000001b88f000000]
CodeHeap 'profiled nmethods': size=120000Kb used=4391Kb max_used=4391Kb free=115608Kb
 bounds [0x000001b880590000, 0x000001b8809e0000, 0x000001b887ac0000]
CodeHeap 'non-nmethods': size=5696Kb used=1260Kb max_used=1260Kb free=4435Kb
 bounds [0x000001b880000000, 0x000001b880270000, 0x000001b880590000]
 total_blobs=2573 nmethods=2086 adapters=397
 compilation: enabled
              stopped_count=0, restarted_count=0
 full_count=0

Compilation events (20 events):
Event: 2.011 Thread 0x000001b8ff62a000 nmethod 2061 0x000001b8809c7590 code [0x000001b8809c7740, 0x000001b8809c7858]
Event: 2.011 Thread 0x000001b8ff62a000 2062       3       java.lang.reflect.Modifier::isAbstract (14 bytes)
Event: 2.011 Thread 0x000001b8ff62a000 nmethod 2062 0x000001b8809c7910 code [0x000001b8809c7ac0, 0x000001b8809c7bf8]
Event: 2.011 Thread 0x000001b8ff62a000 2063       3       java.lang.Integer::hashCode (8 bytes)
Event: 2.011 Thread 0x000001b8ff62a000 nmethod 2063 0x000001b8809c7c90 code [0x000001b8809c7e40, 0x000001b8809c7f98]
Event: 2.011 Thread 0x000001b8ff62a000 2064       3       java.lang.Integer::hashCode (2 bytes)
Event: 2.011 Thread 0x000001b8ff62a000 nmethod 2064 0x000001b8809c8090 code [0x000001b8809c8240, 0x000001b8809c8318]
Event: 2.013 Thread 0x000001b8ff62a000 2065       3       sun.reflect.generics.scope.AbstractScope::<init> (10 bytes)
Event: 2.013 Thread 0x000001b8ff62a000 nmethod 2065 0x000001b8809c8390 code [0x000001b8809c8540, 0x000001b8809c86f8]
Event: 2.014 Thread 0x000001b8ff62a000 2066       3       java.lang.reflect.Modifier::isFinal (13 bytes)
Event: 2.014 Thread 0x000001b8ff62a000 nmethod 2066 0x000001b8809c8790 code [0x000001b8809c8940, 0x000001b8809c8a78]
Event: 2.014 Thread 0x000001b8ff62a000 2067       3       sun.reflect.generics.factory.CoreReflectionFactory::make (10 bytes)
Event: 2.014 Thread 0x000001b8ff62a000 nmethod 2067 0x000001b8809c8b10 code [0x000001b8809c8ce0, 0x000001b8809c8f98]
Event: 2.015 Thread 0x000001b8ff62a000 2068       3       java.lang.invoke.DirectMethodHandle::preparedLambdaForm (248 bytes)
Event: 2.016 Thread 0x000001b8ff62a000 nmethod 2068 0x000001b8809c9090 code [0x000001b8809c9360, 0x000001b8809c9df8]
Event: 2.016 Thread 0x000001b8ff62a000 2070       3       java.lang.reflect.ProxyGenerator::getParameterDescriptors (47 bytes)
Event: 2.016 Thread 0x000001b8ff62a000 nmethod 2070 0x000001b8809ca290 code [0x000001b8809ca520, 0x000001b8809caee8]
Event: 2.016 Thread 0x000001b8ff62a000 2069       3       java.lang.invoke.DirectMethodHandle::<init> (141 bytes)
Event: 2.017 Thread 0x000001b8ff62a000 nmethod 2069 0x000001b8809cb290 code [0x000001b8809cb580, 0x000001b8809cc628]
Event: 2.017 Thread 0x000001b8ff62a000 2072       3       org.gradle.internal.reflect.PropertyAccessorType::of (95 bytes)

GC Heap History (10 events):
Event: 0.373 GC heap before
{Heap before GC invocations=0 (full 0):
 garbage-first heap   total 129024K, used 16384K [0x0000000080000000, 0x0000000100000000)
  region size 1024K, 14 young (14336K), 0 survivors (0K)
 Metaspace       used 6731K, capacity 6925K, committed 7168K, reserved 1056768K
  class space    used 572K, capacity 650K, committed 768K, reserved 1048576K
}
Event: 0.377 GC heap after
{Heap after GC invocations=1 (full 0):
 garbage-first heap   total 129024K, used 4564K [0x0000000080000000, 0x0000000100000000)
  region size 1024K, 2 young (2048K), 2 survivors (2048K)
 Metaspace       used 6731K, capacity 6925K, committed 7168K, reserved 1056768K
  class space    used 572K, capacity 650K, committed 768K, reserved 1048576K
}
Event: 0.666 GC heap before
{Heap before GC invocations=1 (full 0):
 garbage-first heap   total 129024K, used 27092K [0x0000000080000000, 0x0000000100000000)
  region size 1024K, 21 young (21504K), 2 survivors (2048K)
 Metaspace       used 11068K, capacity 11379K, committed 11520K, reserved 1058816K
  class space    used 1150K, capacity 1244K, committed 1280K, reserved 1048576K
}
Event: 0.670 GC heap after
{Heap after GC invocations=2 (full 0):
 garbage-first heap   total 129024K, used 10122K [0x0000000080000000, 0x0000000100000000)
  region size 1024K, 3 young (3072K), 3 survivors (3072K)
 Metaspace       used 11068K, capacity 11379K, committed 11520K, reserved 1058816K
  class space    used 1150K, capacity 1244K, committed 1280K, reserved 1048576K
}
Event: 0.854 GC heap before
{Heap before GC invocations=2 (full 0):
 garbage-first heap   total 129024K, used 35722K [0x0000000080000000, 0x0000000100000000)
  region size 1024K, 28 young (28672K), 3 survivors (3072K)
 Metaspace       used 11251K, capacity 11508K, committed 11776K, reserved 1060864K
  class space    used 1152K, capacity 1244K, committed 1280K, reserved 1048576K
}
Event: 0.857 GC heap after
{Heap after GC invocations=3 (full 0):
 garbage-first heap   total 129024K, used 12248K [0x0000000080000000, 0x0000000100000000)
  region size 1024K, 3 young (3072K), 3 survivors (3072K)
 Metaspace       used 11251K, capacity 11508K, committed 11776K, reserved 1060864K
  class space    used 1152K, capacity 1244K, committed 1280K, reserved 1048576K
}
Event: 1.707 GC heap before
{Heap before GC invocations=3 (full 0):
 garbage-first heap   total 129024K, used 73688K [0x0000000080000000, 0x0000000100000000)
  region size 1024K, 63 young (64512K), 3 survivors (3072K)
 Metaspace       used 19946K, capacity 20410K, committed 20480K, reserved 1067008K
  class space    used 2413K, capacity 2523K, committed 2560K, reserved 1048576K
}
Event: 1.717 GC heap after
{Heap after GC invocations=4 (full 0):
 garbage-first heap   total 129024K, used 17367K [0x0000000080000000, 0x0000000100000000)
  region size 1024K, 8 young (8192K), 8 survivors (8192K)
 Metaspace       used 19946K, capacity 20410K, committed 20480K, reserved 1067008K
  class space    used 2413K, capacity 2523K, committed 2560K, reserved 1048576K
}
Event: 1.772 GC heap before
{Heap before GC invocations=4 (full 0):
 garbage-first heap   total 129024K, used 23511K [0x0000000080000000, 0x0000000100000000)
  region size 1024K, 15 young (15360K), 8 survivors (8192K)
 Metaspace       used 20700K, capacity 21154K, committed 21296K, reserved 1069056K
  class space    used 2510K, capacity 2665K, committed 2688K, reserved 1048576K
}
Event: 1.779 GC heap after
{Heap after GC invocations=5 (full 0):
 garbage-first heap   total 155648K, used 17979K [0x0000000080000000, 0x0000000100000000)
  region size 1024K, 6 young (6144K), 6 survivors (6144K)
 Metaspace       used 20700K, capacity 21154K, committed 21296K, reserved 1069056K
  class space    used 2510K, capacity 2665K, committed 2688K, reserved 1048576K
}

Deoptimization events (20 events):
Event: 1.792 Thread 0x000001b892079000 Uncommon trap: trap_request=0xffffffc6 fr.pc=0x000001b887b3f424 relative=0x0000000000000084
Event: 1.792 Thread 0x000001b892079000 Uncommon trap: reason=bimorphic_or_optimized_type_check action=maybe_recompile pc=0x000001b887b3f424 method=java.util.AbstractList$Itr.hasNext()Z @ 8 c2
Event: 1.792 Thread 0x000001b892079000 DEOPT PACKING pc=0x000001b887b3f424 sp=0x0000004b673fa5c0
Event: 1.792 Thread 0x000001b892079000 DEOPT UNPACKING pc=0x000001b8800085af sp=0x0000004b673fa558 mode 2
Event: 1.792 Thread 0x000001b892079000 Uncommon trap: trap_request=0xffffffc6 fr.pc=0x000001b887b3f7d4 relative=0x0000000000000114
Event: 1.792 Thread 0x000001b892079000 Uncommon trap: reason=bimorphic_or_optimized_type_check action=maybe_recompile pc=0x000001b887b3f7d4 method=java.util.AbstractList$Itr.next()Ljava/lang/Object; @ 14 c2
Event: 1.792 Thread 0x000001b892079000 DEOPT PACKING pc=0x000001b887b3f7d4 sp=0x0000004b673fa5b0
Event: 1.792 Thread 0x000001b892079000 DEOPT UNPACKING pc=0x000001b8800085af sp=0x0000004b673fa548 mode 2
Event: 1.792 Thread 0x000001b892079000 Uncommon trap: trap_request=0xffffff4d fr.pc=0x000001b887b3b584 relative=0x00000000000005c4
Event: 1.792 Thread 0x000001b892079000 Uncommon trap: reason=unstable_if action=reinterpret pc=0x000001b887b3b584 method=java.io.File.getName()Ljava/lang/String; @ 16 c2
Event: 1.792 Thread 0x000001b892079000 DEOPT PACKING pc=0x000001b887b3b584 sp=0x0000004b673faf90
Event: 1.792 Thread 0x000001b892079000 DEOPT UNPACKING pc=0x000001b8800085af sp=0x0000004b673faf60 mode 2
Event: 1.792 Thread 0x000001b892079000 Uncommon trap: trap_request=0xffffff4d fr.pc=0x000001b887b3abb4 relative=0x0000000000000474
Event: 1.792 Thread 0x000001b892079000 Uncommon trap: reason=unstable_if action=reinterpret pc=0x000001b887b3abb4 method=java.lang.String.substring(I)Ljava/lang/String; @ 34 c2
Event: 1.792 Thread 0x000001b892079000 DEOPT PACKING pc=0x000001b887b3abb4 sp=0x0000004b673faf10
Event: 1.792 Thread 0x000001b892079000 DEOPT UNPACKING pc=0x000001b8800085af sp=0x0000004b673faee8 mode 2
Event: 1.868 Thread 0x000001b892079000 Uncommon trap: trap_request=0xffffff4d fr.pc=0x000001b887ba4eb0 relative=0x00000000000003b0
Event: 1.868 Thread 0x000001b892079000 Uncommon trap: reason=unstable_if action=reinterpret pc=0x000001b887ba4eb0 method=jdk.internal.org.objectweb.asm.Type.getArgumentsAndReturnSizes(Ljava/lang/String;)I @ 88 c2
Event: 1.868 Thread 0x000001b892079000 DEOPT PACKING pc=0x000001b887ba4eb0 sp=0x0000004b673f94e0
Event: 1.868 Thread 0x000001b892079000 DEOPT UNPACKING pc=0x000001b8800085af sp=0x0000004b673f9468 mode 2

Classes redefined (0 events):
No events

Internal exceptions (20 events):
Event: 1.046 Thread 0x000001b8f2a6d800 Exception <a 'java/lang/NoSuchMethodError'{0x0000000086aae750}: 'java.lang.Object java.lang.invoke.DirectMethodHandle$Holder.invokeStaticInit(java.lang.Object, java.lang.Object, java.lang.Object)'> (0x0000000086aae750) thrown at [./src/hotspot/share/interpreter/linkResolver.cpp, line 773]
Event: 1.190 Thread 0x000001b8f2a6d800 Exception <a 'java/lang/NoSuchMethodError'{0x0000000086374f18}: 'java.lang.Object java.lang.invoke.DirectMethodHandle$Holder.invokeStaticInit(java.lang.Object, int, int, int, int)'> (0x0000000086374f18) thrown at [./src/hotspot/share/interpreter/linkResolver.cpp, line 773]
Event: 1.286 Thread 0x000001b8f2a6d800 Exception <a 'java/lang/NoSuchMethodError'{0x00000000863bf810}: 'java.lang.Object java.lang.invoke.DirectMethodHandle$Holder.invokeStaticInit(java.lang.Object, java.lang.Object, int, int, int, int)'> (0x00000000863bf810) thrown at [./src/hotspot/share/interpreter/linkResolver.cpp, line 773]
Event: 1.457 Thread 0x000001b8f2a6d800 Exception <a 'java/io/IOException'{0x0000000085d14718}> (0x0000000085d14718) thrown at [./src/hotspot/share/prims/jni.cpp, line 616]
Event: 1.497 Thread 0x000001b892077800 Exception <a 'java/lang/NoSuchMethodError'{0x0000000085bed5d0}: <clinit>> (0x0000000085bed5d0) thrown at [./src/hotspot/share/prims/jni.cpp, line 1366]
Event: 1.499 Thread 0x000001b892077800 Exception <a 'java/lang/NoSuchMethodError'{0x0000000085a05ae0}: <clinit>> (0x0000000085a05ae0) thrown at [./src/hotspot/share/prims/jni.cpp, line 1366]
Event: 1.500 Thread 0x000001b892077800 Exception <a 'java/lang/NoSuchMethodError'{0x0000000085a0f4a8}: <clinit>> (0x0000000085a0f4a8) thrown at [./src/hotspot/share/prims/jni.cpp, line 1366]
Event: 1.501 Thread 0x000001b892077800 Exception <a 'java/lang/NoSuchMethodError'{0x0000000085a24818}: <clinit>> (0x0000000085a24818) thrown at [./src/hotspot/share/prims/jni.cpp, line 1366]
Event: 1.550 Thread 0x000001b892079000 Exception <a 'java/lang/NoSuchMethodError'{0x00000000857e30a0}: 'long java.lang.invoke.DirectMethodHandle$Holder.invokeInterface(java.lang.Object, java.lang.Object)'> (0x00000000857e30a0) thrown at [./src/hotspot/share/interpreter/linkResolver.cpp, line 773]
Event: 1.551 Thread 0x000001b892079000 Exception <a 'java/lang/NoSuchMethodError'{0x00000000857f0140}: 'void java.lang.invoke.DelegatingMethodHandle$Holder.reinvoke_L(java.lang.Object, java.lang.Object, java.lang.Object, java.lang.Object, java.lang.Object, java.lang.Object, java.lang.Object)'> (0x00000000857f0140) thrown at [./src/hotspot/share/interpreter/linkResolver.cpp, line 773]
Event: 1.734 Thread 0x000001b892079000 Exception <a 'java/lang/NoSuchMethodError'{0x0000000087bd1f58}: 'void java.lang.invoke.DirectMethodHandle$Holder.invokeStaticInit(java.lang.Object)'> (0x0000000087bd1f58) thrown at [./src/hotspot/share/interpreter/linkResolver.cpp, line 773]
Event: 1.741 Thread 0x000001b892079000 Exception <a 'java/lang/NoSuchMethodError'{0x0000000087a7e5d0}: 'java.lang.Object java.lang.invoke.DirectMethodHandle$Holder.invokeStatic(java.lang.Object, java.lang.Object, java.lang.Object, int)'> (0x0000000087a7e5d0) thrown at [./src/hotspot/share/interpreter/linkResolver.cpp, line 773]
Event: 1.742 Thread 0x000001b892079000 Exception <a 'java/lang/NoSuchMethodError'{0x0000000087abc228}: 'java.lang.Object java.lang.invoke.DirectMethodHandle$Holder.invokeSpecial(java.lang.Object, java.lang.Object, java.lang.Object, java.lang.Object, int)'> (0x0000000087abc228) thrown at [./src/hotspot/share/interpreter/linkResolver.cpp, line 773]
Event: 1.742 Thread 0x000001b892079000 Exception <a 'java/lang/NoSuchMethodError'{0x0000000087ac0160}: 'java.lang.Object java.lang.invoke.Invokers$Holder.linkToTargetMethod(java.lang.Object, java.lang.Object, int, java.lang.Object)'> (0x0000000087ac0160) thrown at [./src/hotspot/share/interpreter/linkResolver.cpp, line 773]
Event: 1.823 Thread 0x000001b892079000 Exception <a 'java/lang/NoSuchMethodError'{0x00000000894e6ca0}: 'int java.lang.invoke.DirectMethodHandle$Holder.invokeSpecialIFC(java.lang.Object, java.lang.Object, java.lang.Object, java.lang.Object)'> (0x00000000894e6ca0) thrown at [./src/hotspot/share/interpreter/linkResolver.cpp, line 773]
Event: 1.824 Thread 0x000001b892079000 Exception <a 'java/lang/NoSuchMethodError'{0x00000000894f4c58}: 'java.lang.Object java.lang.invoke.DirectMethodHandle$Holder.invokeInterface(java.lang.Object, java.lang.Object, java.lang.Object)'> (0x00000000894f4c58) thrown at [./src/hotspot/share/interpreter/linkResolver.cpp, line 773]
Event: 1.824 Thread 0x000001b892079000 Exception <a 'java/lang/IncompatibleClassChangeError'{0x00000000894f8130}: Found class java.lang.Object, but interface was expected> (0x00000000894f8130) thrown at [./src/hotspot/share/interpreter/linkResolver.cpp, line 839]
Event: 1.899 Thread 0x000001b892079000 Exception <a 'java/lang/NoSuchMethodError'{0x0000000088c4eba0}: 'void java.lang.invoke.DirectMethodHandle$Holder.invokeSpecial(java.lang.Object, java.lang.Object, java.lang.Object, java.lang.Object, java.lang.Object)'> (0x0000000088c4eba0) thrown at [./src/hotspot/share/interpreter/linkResolver.cpp, line 773]
Event: 1.913 Thread 0x000001b892079000 Exception <a 'java/lang/NoSuchMethodError'{0x0000000088a7c188}: 'java.lang.Object java.lang.invoke.DirectMethodHandle$Holder.invokeSpecial(java.lang.Object, java.lang.Object, java.lang.Object, java.lang.Object, java.lang.Object, java.lang.Object, java.lang.Object, java.lang.Object, java.lang.Object)'> (0x0000000088a7c188) thrown at [./src/hotspot/share/interpreter/linkResolver.cpp, line 773]
Event: 1.972 Thread 0x000001b892079000 Exception <a 'java/lang/NoSuchMethodError'{0x00000000880b2630}: 'java.lang.Object java.lang.invoke.DirectMethodHandle$Holder.invokeVirtual(java.lang.Object, java.lang.Object, java.lang.Object, java.lang.Object)'> (0x00000000880b2630) thrown at [./src/hotspot/share/interpreter/linkResolver.cpp, line 773]

Events (20 events):
Event: 2.012 loading class org/gradle/internal/reflect/JavaPropertyReflectionUtil
Event: 2.012 loading class org/gradle/internal/reflect/JavaPropertyReflectionUtil done
Event: 2.013 loading class org/gradle/internal/reflect/PropertyAccessor
Event: 2.013 loading class org/gradle/internal/reflect/PropertyAccessor done
Event: 2.013 loading class org/gradle/internal/reflect/PropertyMutator
Event: 2.013 loading class org/gradle/internal/reflect/PropertyMutator done
Event: 2.013 loading class org/gradle/internal/instantiation/generator/AbstractClassGenerator$MethodMetadata
Event: 2.013 loading class org/gradle/internal/instantiation/generator/AbstractClassGenerator$MethodMetadata done
Event: 2.013 loading class sun/reflect/generics/tree/BottomSignature
Event: 2.013 loading class sun/reflect/generics/tree/BottomSignature done
Event: 2.013 loading class sun/reflect/generics/tree/Wildcard
Event: 2.013 loading class sun/reflect/generics/tree/Wildcard done
Event: 2.013 loading class sun/reflect/generics/reflectiveObjects/WildcardTypeImpl
Event: 2.014 loading class sun/reflect/generics/reflectiveObjects/WildcardTypeImpl done
Event: 2.014 loading class java/lang/annotation/ElementType
Event: 2.015 loading class java/lang/annotation/ElementType done
Event: 2.015 loading class org/gradle/internal/extensibility/NoConventionMapping
Event: 2.015 loading class org/gradle/internal/extensibility/NoConventionMapping done
Event: 2.016 loading class org/gradle/api/internal/DynamicObjectAware
Event: 2.016 loading class org/gradle/api/internal/DynamicObjectAware done


Dynamic libraries:
0x00007ff6e8810000 - 0x00007ff6e881a000 	C:\Program Files\Android\Android Studio\jre\bin\java.exe
0x00007ffca7b80000 - 0x00007ffca7d89000 	C:\Windows\SYSTEM32\ntdll.dll
0x00007ffca63e0000 - 0x00007ffca649e000 	C:\Windows\System32\KERNEL32.DLL
0x00007ffca50d0000 - 0x00007ffca544b000 	C:\Windows\System32\KERNELBASE.dll
0x00007ffca5690000 - 0x00007ffca57a1000 	C:\Windows\System32\ucrtbase.dll
0x00007ffc902b0000 - 0x00007ffc902c7000 	C:\Program Files\Android\Android Studio\jre\bin\VCRUNTIME140.dll
0x00007ffc97c40000 - 0x00007ffc97c59000 	C:\Program Files\Android\Android Studio\jre\bin\jli.dll
0x00007ffca6870000 - 0x00007ffca6a1d000 	C:\Windows\System32\USER32.dll
0x00007ffca4220000 - 0x00007ffca44c5000 	C:\Windows\WinSxS\amd64_microsoft.windows.common-controls_6595b64144ccf1df_6.0.22000.120_none_9d947278b86cc467\COMCTL32.dll
0x00007ffca5450000 - 0x00007ffca5476000 	C:\Windows\System32\win32u.dll
0x00007ffca7290000 - 0x00007ffca7333000 	C:\Windows\System32\msvcrt.dll
0x00007ffca6e70000 - 0x00007ffca6e99000 	C:\Windows\System32\GDI32.dll
0x00007ffca58e0000 - 0x00007ffca59f8000 	C:\Windows\System32\gdi32full.dll
0x00007ffca55f0000 - 0x00007ffca568d000 	C:\Windows\System32\msvcp_win.dll
0x00007ffca6aa0000 - 0x00007ffca6ad2000 	C:\Windows\System32\IMM32.DLL
0x00007ffc7ba80000 - 0x00007ffc7bb1d000 	C:\Program Files\Android\Android Studio\jre\bin\msvcp140.dll
0x00007ffc63f00000 - 0x00007ffc64a02000 	C:\Program Files\Android\Android Studio\jre\bin\server\jvm.dll
0x00007ffca7030000 - 0x00007ffca70de000 	C:\Windows\System32\ADVAPI32.dll
0x00007ffca7170000 - 0x00007ffca720e000 	C:\Windows\System32\sechost.dll
0x00007ffca6ea0000 - 0x00007ffca6fc0000 	C:\Windows\System32\RPCRT4.dll
0x00007ffca6860000 - 0x00007ffca6868000 	C:\Windows\System32\PSAPI.DLL
0x00007ffc727a0000 - 0x00007ffc727a9000 	C:\Windows\SYSTEM32\WSOCK32.dll
0x00007ffca7ad0000 - 0x00007ffca7b3f000 	C:\Windows\System32\WS2_32.dll
0x00007ffc9b030000 - 0x00007ffc9b063000 	C:\Windows\SYSTEM32\WINMM.dll
0x00007ffc9a440000 - 0x00007ffc9a44a000 	C:\Windows\SYSTEM32\VERSION.dll
0x00007ffca3f70000 - 0x00007ffca3f88000 	C:\Windows\SYSTEM32\kernel.appcore.dll
0x00007ffca0680000 - 0x00007ffca0691000 	C:\Program Files\Android\Android Studio\jre\bin\verify.dll
0x00007ffca4930000 - 0x00007ffca4b51000 	C:\Windows\SYSTEM32\DBGHELP.DLL
0x00007ffca4870000 - 0x00007ffca48a1000 	C:\Windows\SYSTEM32\dbgcore.DLL
0x00007ffca5050000 - 0x00007ffca50cf000 	C:\Windows\System32\bcryptPrimitives.dll
0x00007ffc975a0000 - 0x00007ffc975c9000 	C:\Program Files\Android\Android Studio\jre\bin\java.dll
0x00007ffca15f0000 - 0x00007ffca15fb000 	C:\Program Files\Android\Android Studio\jre\bin\jimage.dll
0x00007ffc97bd0000 - 0x00007ffc97be8000 	C:\Program Files\Android\Android Studio\jre\bin\zip.dll
0x00007ffca5c20000 - 0x00007ffca63d7000 	C:\Windows\System32\SHELL32.dll
0x00007ffca2ac0000 - 0x00007ffca3325000 	C:\Windows\SYSTEM32\windows.storage.dll
0x00007ffca6ae0000 - 0x00007ffca6e58000 	C:\Windows\System32\combase.dll
0x00007ffca2950000 - 0x00007ffca2ab6000 	C:\Windows\SYSTEM32\wintypes.dll
0x00007ffca5b30000 - 0x00007ffca5c1a000 	C:\Windows\System32\SHCORE.dll
0x00007ffca6fd0000 - 0x00007ffca702d000 	C:\Windows\System32\shlwapi.dll
0x00007ffca4f80000 - 0x00007ffca4fa1000 	C:\Windows\SYSTEM32\profapi.dll
0x00007ffc938d0000 - 0x00007ffc938ea000 	C:\Program Files\Android\Android Studio\jre\bin\net.dll
0x00007ffc9d620000 - 0x00007ffc9d734000 	C:\Windows\SYSTEM32\WINHTTP.dll
0x00007ffca3fb0000 - 0x00007ffca4017000 	C:\Windows\system32\mswsock.dll
0x00007ffc938b0000 - 0x00007ffc938c4000 	C:\Program Files\Android\Android Studio\jre\bin\nio.dll
0x00007ffc93860000 - 0x00007ffc93887000 	C:\Users\Yusufjon\.gradle\native\e1d6ef7f7dcc3fd88c89a11ec53ec762bb8ba0a96d01ffa2cd45eb1d1d8dd5c5\windows-amd64\native-platform.dll
0x00007ffc7a040000 - 0x00007ffc7a184000 	C:\Users\Yusufjon\.gradle\native\0d407fdbe67a94daf76414ababcb853783967236a71b16ec16e742cd7a986fd3\windows-amd64\native-platform-file-events.dll
0x00007ffc9f4b0000 - 0x00007ffc9f4ba000 	C:\Program Files\Android\Android Studio\jre\bin\management.dll
0x00007ffc9a050000 - 0x00007ffc9a05d000 	C:\Program Files\Android\Android Studio\jre\bin\management_ext.dll
0x00007ffca4d00000 - 0x00007ffca4d18000 	C:\Windows\SYSTEM32\CRYPTSP.dll
0x00007ffca3cc0000 - 0x00007ffca3cf5000 	C:\Windows\system32\rsaenh.dll
0x00007ffca4020000 - 0x00007ffca4049000 	C:\Windows\SYSTEM32\USERENV.dll
0x00007ffca4ba0000 - 0x00007ffca4bc7000 	C:\Windows\SYSTEM32\bcrypt.dll
0x00007ffca4170000 - 0x00007ffca417c000 	C:\Windows\SYSTEM32\CRYPTBASE.dll
0x00007ffca3580000 - 0x00007ffca35ad000 	C:\Windows\SYSTEM32\IPHLPAPI.DLL
0x00007ffca6e60000 - 0x00007ffca6e69000 	C:\Windows\System32\NSI.dll
0x00007ffc97610000 - 0x00007ffc97629000 	C:\Windows\SYSTEM32\dhcpcsvc6.DLL
0x00007ffc97780000 - 0x00007ffc9779e000 	C:\Windows\SYSTEM32\dhcpcsvc.DLL
0x00007ffca35b0000 - 0x00007ffca3698000 	C:\Windows\SYSTEM32\DNSAPI.dll

dbghelp: loaded successfully - version: 4.0.5 - missing functions: none
symbol engine: initialized successfully - sym options: 0x614 - pdb path: .;C:\Program Files\Android\Android Studio\jre\bin;C:\Windows\SYSTEM32;C:\Windows\WinSxS\amd64_microsoft.windows.common-controls_6595b64144ccf1df_6.0.22000.120_none_9d947278b86cc467;C:\Program Files\Android\Android Studio\jre\bin\server;C:\Users\Yusufjon\.gradle\native\e1d6ef7f7dcc3fd88c89a11ec53ec762bb8ba0a96d01ffa2cd45eb1d1d8dd5c5\windows-amd64;C:\Users\Yusufjon\.gradle\native\0d407fdbe67a94daf76414ababcb853783967236a71b16ec16e742cd7a986fd3\windows-amd64

VM Arguments:
jvm_args: --add-opens=java.base/java.util=ALL-UNNAMED --add-opens=java.base/java.lang=ALL-UNNAMED --add-opens=java.base/java.lang.invoke=ALL-UNNAMED --add-opens=java.base/java.util=ALL-UNNAMED --add-opens=java.prefs/java.util.prefs=ALL-UNNAMED --add-opens=java.prefs/java.util.prefs=ALL-UNNAMED --add-opens=java.base/java.nio.charset=ALL-UNNAMED --add-opens=java.base/java.net=ALL-UNNAMED --add-opens=java.base/java.util.concurrent.atomic=ALL-UNNAMED -Xmx2048m -Dfile.encoding=UTF-8 -Duser.country=RU -Duser.language=ru -Duser.variant 
java_command: org.gradle.launcher.daemon.bootstrap.GradleDaemon 7.4
java_class_path (initial): C:\Users\Yusufjon\.gradle\wrapper\dists\gradle-7.4-bin\c0gwcg53nkjbqw7r0h0umtfvt\gradle-7.4\lib\gradle-launcher-7.4.jar
Launcher Type: SUN_STANDARD

[Global flags]
     intx CICompilerCount                          = 3                                         {product} {ergonomic}
     uint ConcGCThreads                            = 1                                         {product} {ergonomic}
     uint G1ConcRefinementThreads                  = 4                                         {product} {ergonomic}
   size_t G1HeapRegionSize                         = 1048576                                   {product} {ergonomic}
    uintx GCDrainStackTargetSize                   = 64                                        {product} {ergonomic}
   size_t InitialHeapSize                          = 132120576                                 {product} {ergonomic}
   size_t MarkStackSize                            = 4194304                                   {product} {ergonomic}
   size_t MaxHeapSize                              = 2147483648                                {product} {command line}
   size_t MaxNewSize                               = 1287651328                                {product} {ergonomic}
   size_t MinHeapDeltaBytes                        = 1048576                                   {product} {ergonomic}
    uintx NonNMethodCodeHeapSize                   = 5830732                                {pd product} {ergonomic}
    uintx NonProfiledCodeHeapSize                  = 122913754                              {pd product} {ergonomic}
    uintx ProfiledCodeHeapSize                     = 122913754                              {pd product} {ergonomic}
    uintx ReservedCodeCacheSize                    = 251658240                              {pd product} {ergonomic}
     bool SegmentedCodeCache                       = true                                      {product} {ergonomic}
     bool UseCompressedClassPointers               = true                                 {lp64_product} {ergonomic}
     bool UseCompressedOops                        = true                                 {lp64_product} {ergonomic}
     bool UseG1GC                                  = true                                      {product} {ergonomic}
     bool UseLargePagesIndividualAllocation        = false                                  {pd product} {ergonomic}

Logging:
Log output configuration:
 #0: stdout all=warning uptime,level,tags
 #1: stderr all=off uptime,level,tags

Environment Variables:
PATH=C:\Program Files\Common Files\Oracle\Java\javapath;C:\Windows\system32;C:\Windows;C:\Windows\System32\Wbem;C:\Windows\System32\WindowsPowerShell\v1.0\;C:\Windows\System32\OpenSSH\;C:\Program Files\Git\cmd;C:\Program Files\MySQL\MySQL Shell 8.0\bin\;C:\Users\Yusufjon\AppData\Local\Microsoft\WindowsApps;C:\Users\Yusufjon\AppData\Local\GitHubDesktop\bin
USERNAME=Yusufjon
OS=Windows_NT
PROCESSOR_IDENTIFIER=Intel64 Family 6 Model 140 Stepping 1, GenuineIntel



---------------  S Y S T E M  ---------------

OS: Windows 11 , 64 bit Build 22000 (10.0.22000.1335)
OS uptime: 0 days 14:32 hours

CPU:total 4 (initial active 4) (2 cores per cpu, 2 threads per core) family 6 model 140 stepping 1 microcode 0x66, cmov, cx8, fxsr, mmx, sse, sse2, sse3, ssse3, sse4.1, sse4.2, popcnt, avx, avx2, aes, clmul, erms, 3dnowpref, lzcnt, ht, tsc, tscinvbit, bmi1, bmi2, adx, evex, sha, fma

Memory: 4k page, system-wide physical 7991M (929M free)
TotalPageFile size 10462M (AvailPageFile size 6M)
current process WorkingSet (physical memory assigned to process): 220M, peak: 223M
current process commit charge ("private bytes"): 297M, peak: 300M

vm_info: OpenJDK 64-Bit Server VM (11.0.13+0-b1751.21-8125866) for windows-amd64 JRE (11.0.13+0-b1751.21-8125866), built on Feb  2 2022 03:00:22 by "builder" with MS VC++ 14.0 (VS2015)

END.
