#
# There is insufficient memory for the Java Runtime Environment to continue.
# Native memory allocation (malloc) failed to allocate 1306896 bytes for Chunk::new
# Possible reasons:
#   The system is out of physical RAM or swap space
#   The process is running with CompressedOops enabled, and the Java Heap may be blocking the growth of the native heap
# Possible solutions:
#   Reduce memory load on the system
#   Increase physical memory or swap space
#   Check if swap backing store is full
#   Decrease Java heap size (-Xmx/-Xms)
#   Decrease number of Java threads
#   Decrease Java thread stack sizes (-Xss)
#   Set larger code cache with -XX:ReservedCodeCacheSize=
#   JVM is running with Unscaled Compressed Oops mode in which the Java heap is
#     placed in the first 4GB address space. The Java Heap base address is the
#     maximum limit for the native heap growth. Please use -XX:HeapBaseMinAddress
#     to set the Java Heap base and to place the Java Heap above 4GB virtual address.
# This output file may be truncated or incomplete.
#
#  Out of Memory Error (./src/hotspot/share/memory/arena.cpp:197), pid=15392, tid=11036
#
# JRE version: OpenJDK Runtime Environment (11.0.13) (build 11.0.13+0-b1751.21-8125866)
# Java VM: OpenJDK 64-Bit Server VM (11.0.13+0-b1751.21-8125866, mixed mode, tiered, compressed oops, g1 gc, windows-amd64)
# No core dump will be written. Minidumps are not enabled by default on client versions of Windows
#

---------------  S U M M A R Y ------------

Command Line: --add-opens=java.base/java.util=ALL-UNNAMED --add-opens=java.base/java.lang=ALL-UNNAMED --add-opens=java.base/java.lang.invoke=ALL-UNNAMED --add-opens=java.base/java.util=ALL-UNNAMED --add-opens=java.prefs/java.util.prefs=ALL-UNNAMED --add-opens=java.prefs/java.util.prefs=ALL-UNNAMED --add-opens=java.base/java.nio.charset=ALL-UNNAMED --add-opens=java.base/java.net=ALL-UNNAMED --add-opens=java.base/java.util.concurrent.atomic=ALL-UNNAMED -Xmx2048m -Dfile.encoding=UTF-8 -Duser.country=RU -Duser.language=ru -Duser.variant org.gradle.launcher.daemon.bootstrap.GradleDaemon 7.4

Host: 11th Gen Intel(R) Core(TM) i3-1115G4 @ 3.00GHz, 4 cores, 7G,  Windows 11 , 64 bit Build 22000 (10.0.22000.1335)
Time: Wed Feb  1 13:56:58 2023 ???????? ???? (????) elapsed time: 2.069694 seconds (0d 0h 0m 2s)

---------------  T H R E A D  ---------------

Current thread (0x000002827f4b7800):  JavaThread "C2 CompilerThread1" daemon [_thread_in_native, id=11036, stack(0x000000e0c5a00000,0x000000e0c5b00000)]


Current CompileTask:
C2:   2069 1924   !   4       java.lang.ClassLoader::loadClass (122 bytes)

Stack: [0x000000e0c5a00000,0x000000e0c5b00000]
Native frames: (J=compiled Java code, j=interpreted, Vv=VM code, C=native code)
V  [jvm.dll+0x6100fa]
V  [jvm.dll+0x747090]
V  [jvm.dll+0x7486ad]
V  [jvm.dll+0x748d83]
V  [jvm.dll+0x24ab48]
V  [jvm.dll+0xc04dc]
V  [jvm.dll+0xc0a0c]
V  [jvm.dll+0x35eb9d]
V  [jvm.dll+0x32b833]
V  [jvm.dll+0x32ad2a]
V  [jvm.dll+0x2032b2]
V  [jvm.dll+0x202437]
V  [jvm.dll+0x188e01]
V  [jvm.dll+0x21106b]
V  [jvm.dll+0x20f8c1]
V  [jvm.dll+0x70de0f]
V  [jvm.dll+0x706a75]
V  [jvm.dll+0x60ed66]
C  [ucrtbase.dll+0x26c0c]
C  [KERNEL32.DLL+0x155a0]
C  [ntdll.dll+0x485b]


---------------  P R O C E S S  ---------------

Threads class SMR info:
_java_thread_list=0x0000028219c97210, length=24, elements={
0x000002827d5c0800, 0x000002827e787000, 0x000002827e789800, 0x000002827f122800,
0x000002827e7a5800, 0x000002827e7a6000, 0x000002827e7a9000, 0x000002827e7ac000,
0x000002827f178800, 0x000002827f271000, 0x000002827f4b7800, 0x0000028219537000,
0x000002821b46d800, 0x000002821b490000, 0x000002821b243000, 0x000002821b476800,
0x0000028219dc3000, 0x000002821b4b0800, 0x0000028219dea000, 0x000002821a8a2000,
0x0000028219dbf800, 0x0000028219dba000, 0x0000028219db5800, 0x0000028219dbc000
}

Java Threads: ( => current thread )
  0x000002827d5c0800 JavaThread "main" [_thread_blocked, id=7232, stack(0x000000e0c4900000,0x000000e0c4a00000)]
  0x000002827e787000 JavaThread "Reference Handler" daemon [_thread_blocked, id=15216, stack(0x000000e0c5000000,0x000000e0c5100000)]
  0x000002827e789800 JavaThread "Finalizer" daemon [_thread_blocked, id=11296, stack(0x000000e0c5100000,0x000000e0c5200000)]
  0x000002827f122800 JavaThread "Signal Dispatcher" daemon [_thread_blocked, id=4788, stack(0x000000e0c5200000,0x000000e0c5300000)]
  0x000002827e7a5800 JavaThread "Attach Listener" daemon [_thread_blocked, id=13344, stack(0x000000e0c5300000,0x000000e0c5400000)]
  0x000002827e7a6000 JavaThread "Service Thread" daemon [_thread_blocked, id=12196, stack(0x000000e0c5400000,0x000000e0c5500000)]
  0x000002827e7a9000 JavaThread "C2 CompilerThread0" daemon [_thread_in_native, id=15980, stack(0x000000e0c5500000,0x000000e0c5600000)]
  0x000002827e7ac000 JavaThread "C1 CompilerThread0" daemon [_thread_in_native, id=11656, stack(0x000000e0c5600000,0x000000e0c5700000)]
  0x000002827f178800 JavaThread "Sweeper thread" daemon [_thread_blocked, id=19108, stack(0x000000e0c5700000,0x000000e0c5800000)]
  0x000002827f271000 JavaThread "Common-Cleaner" daemon [_thread_blocked, id=13744, stack(0x000000e0c5800000,0x000000e0c5900000)]
=>0x000002827f4b7800 JavaThread "C2 CompilerThread1" daemon [_thread_in_native, id=11036, stack(0x000000e0c5a00000,0x000000e0c5b00000)]
  0x0000028219537000 JavaThread "Daemon health stats" [_thread_blocked, id=11640, stack(0x000000e0c5d00000,0x000000e0c5e00000)]
  0x000002821b46d800 JavaThread "Incoming local TCP Connector on port 14544" [_thread_in_native, id=2608, stack(0x000000e0c5e00000,0x000000e0c5f00000)]
  0x000002821b490000 JavaThread "Daemon periodic checks" [_thread_blocked, id=5328, stack(0x000000e0c5f00000,0x000000e0c6000000)]
  0x000002821b243000 JavaThread "Daemon" [_thread_blocked, id=15184, stack(0x000000e0c6000000,0x000000e0c6100000)]
  0x000002821b476800 JavaThread "Handler for socket connection from /127.0.0.1:14544 to /127.0.0.1:14545" [_thread_in_native, id=16364, stack(0x000000e0c6100000,0x000000e0c6200000)]
  0x0000028219dc3000 JavaThread "Cancel handler" [_thread_blocked, id=17736, stack(0x000000e0c6200000,0x000000e0c6300000)]
  0x000002821b4b0800 JavaThread "Daemon worker" [_thread_in_native, id=18480, stack(0x000000e0c6300000,0x000000e0c6400000)]
  0x0000028219dea000 JavaThread "Asynchronous log dispatcher for DefaultDaemonConnection: socket connection from /127.0.0.1:14544 to /127.0.0.1:14545" [_thread_blocked, id=7524, stack(0x000000e0c6400000,0x000000e0c6500000)]
  0x000002821a8a2000 JavaThread "Stdin handler" [_thread_blocked, id=14860, stack(0x000000e0c6500000,0x000000e0c6600000)]
  0x0000028219dbf800 JavaThread "Daemon client event forwarder" [_thread_blocked, id=16544, stack(0x000000e0c6600000,0x000000e0c6700000)]
  0x0000028219dba000 JavaThread "Cache worker for journal cache (C:\Users\Yusufjon\.gradle\caches\journal-1)" [_thread_blocked, id=272, stack(0x000000e0c6700000,0x000000e0c6800000)]
  0x0000028219db5800 JavaThread "File lock request listener" [_thread_in_native, id=17544, stack(0x000000e0c6900000,0x000000e0c6a00000)]
  0x0000028219dbc000 JavaThread "Cache worker for file hash cache (C:\Users\Yusufjon\.gradle\caches\7.4\fileHashes)" [_thread_blocked, id=11960, stack(0x000000e0c6a00000,0x000000e0c6b00000)]

Other Threads:
  0x000002827e782000 VMThread "VM Thread" [stack: 0x000000e0c4f00000,0x000000e0c5000000] [id=17456]
  0x000002827f2b8800 WatcherThread [stack: 0x000000e0c5900000,0x000000e0c5a00000] [id=15588]
  0x000002827d5d9800 GCTaskThread "GC Thread#0" [stack: 0x000000e0c4a00000,0x000000e0c4b00000] [id=18816]
  0x000002827fafa000 GCTaskThread "GC Thread#1" [stack: 0x000000e0c5b00000,0x000000e0c5c00000] [id=13936]
  0x000002827fc0d800 GCTaskThread "GC Thread#2" [stack: 0x000000e0c5c00000,0x000000e0c5d00000] [id=18400]
  0x000002821a16d000 GCTaskThread "GC Thread#3" [stack: 0x000000e0c6800000,0x000000e0c6900000] [id=17680]
  0x000002827d60b000 ConcurrentGCThread "G1 Main Marker" [stack: 0x000000e0c4b00000,0x000000e0c4c00000] [id=10264]
  0x000002827d60c000 ConcurrentGCThread "G1 Conc#0" [stack: 0x000000e0c4c00000,0x000000e0c4d00000] [id=11132]
  0x000002827d69c000 ConcurrentGCThread "G1 Refine#0" [stack: 0x000000e0c4d00000,0x000000e0c4e00000] [id=16512]
  0x000002827e5d0800 ConcurrentGCThread "G1 Young RemSet Sampling" [stack: 0x000000e0c4e00000,0x000000e0c4f00000] [id=16716]

Threads with active compile tasks:
C2 CompilerThread0   2079 1942       4       jdk.internal.org.objectweb.asm.ByteVector::putByte (39 bytes)
C2 CompilerThread1   2079 1924   !   4       java.lang.ClassLoader::loadClass (122 bytes)

VM state:not at safepoint (normal execution)

VM Mutex/Monitor currently owned by a thread: None

Heap address: 0x0000000080000000, size: 2048 MB, Compressed Oops mode: 32-bit
Narrow klass base: 0x0000000000000000, Narrow klass shift: 3
Compressed class space size: 1073741824 Address: 0x0000000100000000

Heap:
 garbage-first heap   total 161792K, used 24766K [0x0000000080000000, 0x0000000100000000)
  region size 1024K, 9 young (9216K), 1 survivors (1024K)
 Metaspace       used 21699K, capacity 22241K, committed 22524K, reserved 1069056K
  class space    used 2680K, capacity 2882K, committed 2944K, reserved 1048576K
Heap Regions: E=young(eden), S=young(survivor), O=old, HS=humongous(starts), HC=humongous(continues), CS=collection set, F=free, A=archive, TAMS=top-at-mark-start (previous, next)
|   0|0x0000000080000000, 0x0000000080100000, 0x0000000080100000|100%|HS|  |TAMS 0x0000000080100000, 0x0000000080000000| Complete 
|   1|0x0000000080100000, 0x0000000080200000, 0x0000000080200000|100%|HC|  |TAMS 0x0000000080200000, 0x0000000080100000| Complete 
|   2|0x0000000080200000, 0x0000000080300000, 0x0000000080300000|100%|HC|  |TAMS 0x0000000080300000, 0x0000000080200000| Complete 
|   3|0x0000000080300000, 0x0000000080400000, 0x0000000080400000|100%| O|  |TAMS 0x0000000080400000, 0x0000000080300000| Untracked 
|   4|0x0000000080400000, 0x0000000080500000, 0x0000000080500000|100%| O|  |TAMS 0x0000000080500000, 0x0000000080400000| Untracked 
|   5|0x0000000080500000, 0x0000000080600000, 0x0000000080600000|100%| O|  |TAMS 0x0000000080600000, 0x0000000080500000| Untracked 
|   6|0x0000000080600000, 0x0000000080700000, 0x0000000080700000|100%| O|  |TAMS 0x0000000080700000, 0x0000000080600000| Untracked 
|   7|0x0000000080700000, 0x0000000080800000, 0x0000000080800000|100%| O|  |TAMS 0x0000000080800000, 0x0000000080700000| Untracked 
|   8|0x0000000080800000, 0x0000000080900000, 0x0000000080900000|100%| O|  |TAMS 0x0000000080900000, 0x0000000080800000| Untracked 
|   9|0x0000000080900000, 0x0000000080a00000, 0x0000000080a00000|100%| O|  |TAMS 0x0000000080a00000, 0x0000000080900000| Untracked 
|  10|0x0000000080a00000, 0x0000000080b00000, 0x0000000080b00000|100%| O|  |TAMS 0x0000000080b00000, 0x0000000080a00000| Untracked 
|  11|0x0000000080b00000, 0x0000000080c00000, 0x0000000080c00000|100%| O|  |TAMS 0x0000000080c00000, 0x0000000080b00000| Untracked 
|  12|0x0000000080c00000, 0x0000000080d00000, 0x0000000080d00000|100%| O|  |TAMS 0x0000000080d00000, 0x0000000080c00000| Untracked 
|  13|0x0000000080d00000, 0x0000000080e00000, 0x0000000080e00000|100%| O|  |TAMS 0x0000000080e00000, 0x0000000080d00000| Untracked 
|  14|0x0000000080e00000, 0x0000000080f00000, 0x0000000080f00000|100%| O|  |TAMS 0x0000000080f00000, 0x0000000080e00000| Untracked 
|  15|0x0000000080f00000, 0x0000000081000000, 0x0000000081000000|100%| O|  |TAMS 0x0000000081000000, 0x0000000080f00000| Untracked 
|  16|0x0000000081000000, 0x0000000081084800, 0x0000000081100000| 51%| O|  |TAMS 0x0000000081084800, 0x0000000081000000| Untracked 
|  17|0x0000000081100000, 0x0000000081100000, 0x0000000081200000|  0%| F|  |TAMS 0x0000000081100000, 0x0000000081100000| Untracked 
|  18|0x0000000081200000, 0x0000000081200000, 0x0000000081300000|  0%| F|  |TAMS 0x0000000081200000, 0x0000000081200000| Untracked 
|  19|0x0000000081300000, 0x0000000081300000, 0x0000000081400000|  0%| F|  |TAMS 0x0000000081300000, 0x0000000081300000| Untracked 
|  20|0x0000000081400000, 0x0000000081400000, 0x0000000081500000|  0%| F|  |TAMS 0x0000000081400000, 0x0000000081400000| Untracked 
|  21|0x0000000081500000, 0x0000000081500000, 0x0000000081600000|  0%| F|  |TAMS 0x0000000081500000, 0x0000000081500000| Untracked 
|  22|0x0000000081600000, 0x0000000081600000, 0x0000000081700000|  0%| F|  |TAMS 0x0000000081600000, 0x0000000081600000| Untracked 
|  23|0x0000000081700000, 0x0000000081700000, 0x0000000081800000|  0%| F|  |TAMS 0x0000000081700000, 0x0000000081700000| Untracked 
|  24|0x0000000081800000, 0x0000000081800000, 0x0000000081900000|  0%| F|  |TAMS 0x0000000081800000, 0x0000000081800000| Untracked 
|  25|0x0000000081900000, 0x0000000081900000, 0x0000000081a00000|  0%| F|  |TAMS 0x0000000081900000, 0x0000000081900000| Untracked 
|  26|0x0000000081a00000, 0x0000000081a00000, 0x0000000081b00000|  0%| F|  |TAMS 0x0000000081a00000, 0x0000000081a00000| Untracked 
|  27|0x0000000081b00000, 0x0000000081b00000, 0x0000000081c00000|  0%| F|  |TAMS 0x0000000081b00000, 0x0000000081b00000| Untracked 
|  28|0x0000000081c00000, 0x0000000081c00000, 0x0000000081d00000|  0%| F|  |TAMS 0x0000000081c00000, 0x0000000081c00000| Untracked 
|  29|0x0000000081d00000, 0x0000000081d00000, 0x0000000081e00000|  0%| F|  |TAMS 0x0000000081d00000, 0x0000000081d00000| Untracked 
|  30|0x0000000081e00000, 0x0000000081e00000, 0x0000000081f00000|  0%| F|  |TAMS 0x0000000081e00000, 0x0000000081e00000| Untracked 
|  31|0x0000000081f00000, 0x0000000081f00000, 0x0000000082000000|  0%| F|  |TAMS 0x0000000081f00000, 0x0000000081f00000| Untracked 
|  32|0x0000000082000000, 0x0000000082000000, 0x0000000082100000|  0%| F|  |TAMS 0x0000000082000000, 0x0000000082000000| Untracked 
|  33|0x0000000082100000, 0x0000000082100000, 0x0000000082200000|  0%| F|  |TAMS 0x0000000082100000, 0x0000000082100000| Untracked 
|  34|0x0000000082200000, 0x0000000082200000, 0x0000000082300000|  0%| F|  |TAMS 0x0000000082200000, 0x0000000082200000| Untracked 
|  35|0x0000000082300000, 0x0000000082300000, 0x0000000082400000|  0%| F|  |TAMS 0x0000000082300000, 0x0000000082300000| Untracked 
|  36|0x0000000082400000, 0x0000000082400000, 0x0000000082500000|  0%| F|  |TAMS 0x0000000082400000, 0x0000000082400000| Untracked 
|  37|0x0000000082500000, 0x0000000082500000, 0x0000000082600000|  0%| F|  |TAMS 0x0000000082500000, 0x0000000082500000| Untracked 
|  38|0x0000000082600000, 0x0000000082600000, 0x0000000082700000|  0%| F|  |TAMS 0x0000000082600000, 0x0000000082600000| Untracked 
|  39|0x0000000082700000, 0x0000000082700000, 0x0000000082800000|  0%| F|  |TAMS 0x0000000082700000, 0x0000000082700000| Untracked 
|  40|0x0000000082800000, 0x0000000082800000, 0x0000000082900000|  0%| F|  |TAMS 0x0000000082800000, 0x0000000082800000| Untracked 
|  41|0x0000000082900000, 0x0000000082900000, 0x0000000082a00000|  0%| F|  |TAMS 0x0000000082900000, 0x0000000082900000| Untracked 
|  42|0x0000000082a00000, 0x0000000082a00000, 0x0000000082b00000|  0%| F|  |TAMS 0x0000000082a00000, 0x0000000082a00000| Untracked 
|  43|0x0000000082b00000, 0x0000000082b00000, 0x0000000082c00000|  0%| F|  |TAMS 0x0000000082b00000, 0x0000000082b00000| Untracked 
|  44|0x0000000082c00000, 0x0000000082c00000, 0x0000000082d00000|  0%| F|  |TAMS 0x0000000082c00000, 0x0000000082c00000| Untracked 
|  45|0x0000000082d00000, 0x0000000082d00000, 0x0000000082e00000|  0%| F|  |TAMS 0x0000000082d00000, 0x0000000082d00000| Untracked 
|  46|0x0000000082e00000, 0x0000000082e00000, 0x0000000082f00000|  0%| F|  |TAMS 0x0000000082e00000, 0x0000000082e00000| Untracked 
|  47|0x0000000082f00000, 0x0000000082f00000, 0x0000000083000000|  0%| F|  |TAMS 0x0000000082f00000, 0x0000000082f00000| Untracked 
|  48|0x0000000083000000, 0x0000000083000000, 0x0000000083100000|  0%| F|  |TAMS 0x0000000083000000, 0x0000000083000000| Untracked 
|  49|0x0000000083100000, 0x0000000083100000, 0x0000000083200000|  0%| F|  |TAMS 0x0000000083100000, 0x0000000083100000| Untracked 
|  50|0x0000000083200000, 0x0000000083200000, 0x0000000083300000|  0%| F|  |TAMS 0x0000000083200000, 0x0000000083200000| Untracked 
|  51|0x0000000083300000, 0x0000000083300000, 0x0000000083400000|  0%| F|  |TAMS 0x0000000083300000, 0x0000000083300000| Untracked 
|  52|0x0000000083400000, 0x0000000083400000, 0x0000000083500000|  0%| F|  |TAMS 0x0000000083400000, 0x0000000083400000| Untracked 
|  53|0x0000000083500000, 0x0000000083500000, 0x0000000083600000|  0%| F|  |TAMS 0x0000000083500000, 0x0000000083500000| Untracked 
|  54|0x0000000083600000, 0x0000000083600000, 0x0000000083700000|  0%| F|  |TAMS 0x0000000083600000, 0x0000000083600000| Untracked 
|  55|0x0000000083700000, 0x0000000083700000, 0x0000000083800000|  0%| F|  |TAMS 0x0000000083700000, 0x0000000083700000| Untracked 
|  56|0x0000000083800000, 0x0000000083800000, 0x0000000083900000|  0%| F|  |TAMS 0x0000000083800000, 0x0000000083800000| Untracked 
|  57|0x0000000083900000, 0x0000000083900000, 0x0000000083a00000|  0%| F|  |TAMS 0x0000000083900000, 0x0000000083900000| Untracked 
|  58|0x0000000083a00000, 0x0000000083a00000, 0x0000000083b00000|  0%| F|  |TAMS 0x0000000083a00000, 0x0000000083a00000| Untracked 
|  59|0x0000000083b00000, 0x0000000083b00000, 0x0000000083c00000|  0%| F|  |TAMS 0x0000000083b00000, 0x0000000083b00000| Untracked 
|  60|0x0000000083c00000, 0x0000000083c00000, 0x0000000083d00000|  0%| F|  |TAMS 0x0000000083c00000, 0x0000000083c00000| Untracked 
|  61|0x0000000083d00000, 0x0000000083d00000, 0x0000000083e00000|  0%| F|  |TAMS 0x0000000083d00000, 0x0000000083d00000| Untracked 
|  62|0x0000000083e00000, 0x0000000083e00000, 0x0000000083f00000|  0%| F|  |TAMS 0x0000000083e00000, 0x0000000083e00000| Untracked 
|  63|0x0000000083f00000, 0x0000000083f00000, 0x0000000084000000|  0%| F|  |TAMS 0x0000000083f00000, 0x0000000083f00000| Untracked 
|  64|0x0000000084000000, 0x0000000084000000, 0x0000000084100000|  0%| F|  |TAMS 0x0000000084000000, 0x0000000084000000| Untracked 
|  65|0x0000000084100000, 0x0000000084100000, 0x0000000084200000|  0%| F|  |TAMS 0x0000000084100000, 0x0000000084100000| Untracked 
|  66|0x0000000084200000, 0x0000000084200000, 0x0000000084300000|  0%| F|  |TAMS 0x0000000084200000, 0x0000000084200000| Untracked 
|  67|0x0000000084300000, 0x0000000084300000, 0x0000000084400000|  0%| F|  |TAMS 0x0000000084300000, 0x0000000084300000| Untracked 
|  68|0x0000000084400000, 0x0000000084400000, 0x0000000084500000|  0%| F|  |TAMS 0x0000000084400000, 0x0000000084400000| Untracked 
|  69|0x0000000084500000, 0x0000000084500000, 0x0000000084600000|  0%| F|  |TAMS 0x0000000084500000, 0x0000000084500000| Untracked 
|  70|0x0000000084600000, 0x0000000084600000, 0x0000000084700000|  0%| F|  |TAMS 0x0000000084600000, 0x0000000084600000| Untracked 
|  71|0x0000000084700000, 0x0000000084700000, 0x0000000084800000|  0%| F|  |TAMS 0x0000000084700000, 0x0000000084700000| Untracked 
|  72|0x0000000084800000, 0x0000000084800000, 0x0000000084900000|  0%| F|  |TAMS 0x0000000084800000, 0x0000000084800000| Untracked 
|  73|0x0000000084900000, 0x0000000084900000, 0x0000000084a00000|  0%| F|  |TAMS 0x0000000084900000, 0x0000000084900000| Untracked 
|  74|0x0000000084a00000, 0x0000000084a00000, 0x0000000084b00000|  0%| F|  |TAMS 0x0000000084a00000, 0x0000000084a00000| Untracked 
|  75|0x0000000084b00000, 0x0000000084b00000, 0x0000000084c00000|  0%| F|  |TAMS 0x0000000084b00000, 0x0000000084b00000| Untracked 
|  76|0x0000000084c00000, 0x0000000084c00000, 0x0000000084d00000|  0%| F|  |TAMS 0x0000000084c00000, 0x0000000084c00000| Untracked 
|  77|0x0000000084d00000, 0x0000000084d00000, 0x0000000084e00000|  0%| F|  |TAMS 0x0000000084d00000, 0x0000000084d00000| Untracked 
|  78|0x0000000084e00000, 0x0000000084e00000, 0x0000000084f00000|  0%| F|  |TAMS 0x0000000084e00000, 0x0000000084e00000| Untracked 
|  79|0x0000000084f00000, 0x0000000084f00000, 0x0000000085000000|  0%| F|  |TAMS 0x0000000084f00000, 0x0000000084f00000| Untracked 
|  80|0x0000000085000000, 0x0000000085000000, 0x0000000085100000|  0%| F|  |TAMS 0x0000000085000000, 0x0000000085000000| Untracked 
|  81|0x0000000085100000, 0x0000000085100000, 0x0000000085200000|  0%| F|  |TAMS 0x0000000085100000, 0x0000000085100000| Untracked 
|  82|0x0000000085200000, 0x0000000085200000, 0x0000000085300000|  0%| F|  |TAMS 0x0000000085200000, 0x0000000085200000| Untracked 
|  83|0x0000000085300000, 0x0000000085300000, 0x0000000085400000|  0%| F|  |TAMS 0x0000000085300000, 0x0000000085300000| Untracked 
|  84|0x0000000085400000, 0x0000000085400000, 0x0000000085500000|  0%| F|  |TAMS 0x0000000085400000, 0x0000000085400000| Untracked 
|  85|0x0000000085500000, 0x0000000085500000, 0x0000000085600000|  0%| F|  |TAMS 0x0000000085500000, 0x0000000085500000| Untracked 
|  86|0x0000000085600000, 0x0000000085600000, 0x0000000085700000|  0%| F|  |TAMS 0x0000000085600000, 0x0000000085600000| Untracked 
|  87|0x0000000085700000, 0x0000000085700000, 0x0000000085800000|  0%| F|  |TAMS 0x0000000085700000, 0x0000000085700000| Untracked 
|  88|0x0000000085800000, 0x0000000085800000, 0x0000000085900000|  0%| F|  |TAMS 0x0000000085800000, 0x0000000085800000| Untracked 
|  89|0x0000000085900000, 0x0000000085900000, 0x0000000085a00000|  0%| F|  |TAMS 0x0000000085900000, 0x0000000085900000| Untracked 
|  90|0x0000000085a00000, 0x0000000085a00000, 0x0000000085b00000|  0%| F|  |TAMS 0x0000000085a00000, 0x0000000085a00000| Untracked 
|  91|0x0000000085b00000, 0x0000000085b00000, 0x0000000085c00000|  0%| F|  |TAMS 0x0000000085b00000, 0x0000000085b00000| Untracked 
|  92|0x0000000085c00000, 0x0000000085c00000, 0x0000000085d00000|  0%| F|  |TAMS 0x0000000085c00000, 0x0000000085c00000| Untracked 
|  93|0x0000000085d00000, 0x0000000085d00000, 0x0000000085e00000|  0%| F|  |TAMS 0x0000000085d00000, 0x0000000085d00000| Untracked 
|  94|0x0000000085e00000, 0x0000000085e00000, 0x0000000085f00000|  0%| F|  |TAMS 0x0000000085e00000, 0x0000000085e00000| Untracked 
|  95|0x0000000085f00000, 0x0000000085f00000, 0x0000000086000000|  0%| F|  |TAMS 0x0000000085f00000, 0x0000000085f00000| Untracked 
|  96|0x0000000086000000, 0x0000000086000000, 0x0000000086100000|  0%| F|  |TAMS 0x0000000086000000, 0x0000000086000000| Untracked 
|  97|0x0000000086100000, 0x0000000086100000, 0x0000000086200000|  0%| F|  |TAMS 0x0000000086100000, 0x0000000086100000| Untracked 
|  98|0x0000000086200000, 0x0000000086200000, 0x0000000086300000|  0%| F|  |TAMS 0x0000000086200000, 0x0000000086200000| Untracked 
|  99|0x0000000086300000, 0x0000000086300000, 0x0000000086400000|  0%| F|  |TAMS 0x0000000086300000, 0x0000000086300000| Untracked 
| 100|0x0000000086400000, 0x0000000086400000, 0x0000000086500000|  0%| F|  |TAMS 0x0000000086400000, 0x0000000086400000| Untracked 
| 101|0x0000000086500000, 0x0000000086500000, 0x0000000086600000|  0%| F|  |TAMS 0x0000000086500000, 0x0000000086500000| Untracked 
| 102|0x0000000086600000, 0x0000000086600000, 0x0000000086700000|  0%| F|  |TAMS 0x0000000086600000, 0x0000000086600000| Untracked 
| 103|0x0000000086700000, 0x0000000086700000, 0x0000000086800000|  0%| F|  |TAMS 0x0000000086700000, 0x0000000086700000| Untracked 
| 104|0x0000000086800000, 0x0000000086800000, 0x0000000086900000|  0%| F|  |TAMS 0x0000000086800000, 0x0000000086800000| Untracked 
| 105|0x0000000086900000, 0x0000000086900000, 0x0000000086a00000|  0%| F|  |TAMS 0x0000000086900000, 0x0000000086900000| Untracked 
| 106|0x0000000086a00000, 0x0000000086a00000, 0x0000000086b00000|  0%| F|  |TAMS 0x0000000086a00000, 0x0000000086a00000| Untracked 
| 107|0x0000000086b00000, 0x0000000086b00000, 0x0000000086c00000|  0%| F|  |TAMS 0x0000000086b00000, 0x0000000086b00000| Untracked 
| 108|0x0000000086c00000, 0x0000000086c00000, 0x0000000086d00000|  0%| F|  |TAMS 0x0000000086c00000, 0x0000000086c00000| Untracked 
| 109|0x0000000086d00000, 0x0000000086d00000, 0x0000000086e00000|  0%| F|  |TAMS 0x0000000086d00000, 0x0000000086d00000| Untracked 
| 110|0x0000000086e00000, 0x0000000086e00000, 0x0000000086f00000|  0%| F|  |TAMS 0x0000000086e00000, 0x0000000086e00000| Untracked 
| 111|0x0000000086f00000, 0x0000000086f00000, 0x0000000087000000|  0%| F|  |TAMS 0x0000000086f00000, 0x0000000086f00000| Untracked 
| 112|0x0000000087000000, 0x0000000087000000, 0x0000000087100000|  0%| F|  |TAMS 0x0000000087000000, 0x0000000087000000| Untracked 
| 113|0x0000000087100000, 0x0000000087100000, 0x0000000087200000|  0%| F|  |TAMS 0x0000000087100000, 0x0000000087100000| Untracked 
| 114|0x0000000087200000, 0x0000000087200000, 0x0000000087300000|  0%| F|  |TAMS 0x0000000087200000, 0x0000000087200000| Untracked 
| 115|0x0000000087300000, 0x0000000087300000, 0x0000000087400000|  0%| F|  |TAMS 0x0000000087300000, 0x0000000087300000| Untracked 
| 116|0x0000000087400000, 0x0000000087400000, 0x0000000087500000|  0%| F|  |TAMS 0x0000000087400000, 0x0000000087400000| Untracked 
| 117|0x0000000087500000, 0x0000000087500000, 0x0000000087600000|  0%| F|  |TAMS 0x0000000087500000, 0x0000000087500000| Untracked 
| 118|0x0000000087600000, 0x0000000087600000, 0x0000000087700000|  0%| F|  |TAMS 0x0000000087600000, 0x0000000087600000| Untracked 
| 119|0x0000000087700000, 0x0000000087700000, 0x0000000087800000|  0%| F|  |TAMS 0x0000000087700000, 0x0000000087700000| Untracked 
| 120|0x0000000087800000, 0x0000000087800000, 0x0000000087900000|  0%| F|  |TAMS 0x0000000087800000, 0x0000000087800000| Untracked 
| 121|0x0000000087900000, 0x00000000879ab078, 0x0000000087a00000| 66%| S|CS|TAMS 0x0000000087900000, 0x0000000087900000| Complete 
| 122|0x0000000087a00000, 0x0000000087a00000, 0x0000000087b00000|  0%| F|  |TAMS 0x0000000087a00000, 0x0000000087a00000| Untracked 
| 123|0x0000000087b00000, 0x0000000087b00000, 0x0000000087c00000|  0%| F|  |TAMS 0x0000000087b00000, 0x0000000087b00000| Untracked 
| 124|0x0000000087c00000, 0x0000000087c00000, 0x0000000087d00000|  0%| F|  |TAMS 0x0000000087c00000, 0x0000000087c00000| Untracked 
| 125|0x0000000087d00000, 0x0000000087d00000, 0x0000000087e00000|  0%| F|  |TAMS 0x0000000087d00000, 0x0000000087d00000| Untracked 
| 126|0x0000000087e00000, 0x0000000087e00000, 0x0000000087f00000|  0%| F|  |TAMS 0x0000000087e00000, 0x0000000087e00000| Untracked 
| 127|0x0000000087f00000, 0x0000000087f00000, 0x0000000088000000|  0%| F|  |TAMS 0x0000000087f00000, 0x0000000087f00000| Untracked 
| 128|0x0000000088000000, 0x0000000088000000, 0x0000000088100000|  0%| F|  |TAMS 0x0000000088000000, 0x0000000088000000| Untracked 
| 129|0x0000000088100000, 0x0000000088100000, 0x0000000088200000|  0%| F|  |TAMS 0x0000000088100000, 0x0000000088100000| Untracked 
| 130|0x0000000088200000, 0x0000000088200000, 0x0000000088300000|  0%| F|  |TAMS 0x0000000088200000, 0x0000000088200000| Untracked 
| 131|0x0000000088300000, 0x0000000088300000, 0x0000000088400000|  0%| F|  |TAMS 0x0000000088300000, 0x0000000088300000| Untracked 
| 132|0x0000000088400000, 0x0000000088400000, 0x0000000088500000|  0%| F|  |TAMS 0x0000000088400000, 0x0000000088400000| Untracked 
| 133|0x0000000088500000, 0x0000000088500000, 0x0000000088600000|  0%| F|  |TAMS 0x0000000088500000, 0x0000000088500000| Untracked 
| 134|0x0000000088600000, 0x0000000088600000, 0x0000000088700000|  0%| F|  |TAMS 0x0000000088600000, 0x0000000088600000| Untracked 
| 135|0x0000000088700000, 0x0000000088700000, 0x0000000088800000|  0%| F|  |TAMS 0x0000000088700000, 0x0000000088700000| Untracked 
| 136|0x0000000088800000, 0x0000000088800000, 0x0000000088900000|  0%| F|  |TAMS 0x0000000088800000, 0x0000000088800000| Untracked 
| 137|0x0000000088900000, 0x0000000088900000, 0x0000000088a00000|  0%| F|  |TAMS 0x0000000088900000, 0x0000000088900000| Untracked 
| 138|0x0000000088a00000, 0x0000000088a00000, 0x0000000088b00000|  0%| F|  |TAMS 0x0000000088a00000, 0x0000000088a00000| Untracked 
| 139|0x0000000088b00000, 0x0000000088b00000, 0x0000000088c00000|  0%| F|  |TAMS 0x0000000088b00000, 0x0000000088b00000| Untracked 
| 140|0x0000000088c00000, 0x0000000088c00000, 0x0000000088d00000|  0%| F|  |TAMS 0x0000000088c00000, 0x0000000088c00000| Untracked 
| 141|0x0000000088d00000, 0x0000000088d00000, 0x0000000088e00000|  0%| F|  |TAMS 0x0000000088d00000, 0x0000000088d00000| Untracked 
| 142|0x0000000088e00000, 0x0000000088e00000, 0x0000000088f00000|  0%| F|  |TAMS 0x0000000088e00000, 0x0000000088e00000| Untracked 
| 143|0x0000000088f00000, 0x0000000088f00000, 0x0000000089000000|  0%| F|  |TAMS 0x0000000088f00000, 0x0000000088f00000| Untracked 
| 144|0x0000000089000000, 0x0000000089000000, 0x0000000089100000|  0%| F|  |TAMS 0x0000000089000000, 0x0000000089000000| Untracked 
| 145|0x0000000089100000, 0x0000000089100000, 0x0000000089200000|  0%| F|  |TAMS 0x0000000089100000, 0x0000000089100000| Untracked 
| 146|0x0000000089200000, 0x0000000089200000, 0x0000000089300000|  0%| F|  |TAMS 0x0000000089200000, 0x0000000089200000| Untracked 
| 147|0x0000000089300000, 0x0000000089300000, 0x0000000089400000|  0%| F|  |TAMS 0x0000000089300000, 0x0000000089300000| Untracked 
| 148|0x0000000089400000, 0x0000000089400000, 0x0000000089500000|  0%| F|  |TAMS 0x0000000089400000, 0x0000000089400000| Untracked 
| 149|0x0000000089500000, 0x000000008956d250, 0x0000000089600000| 42%| E|  |TAMS 0x0000000089500000, 0x0000000089500000| Complete 
| 150|0x0000000089600000, 0x0000000089700000, 0x0000000089700000|100%| E|CS|TAMS 0x0000000089600000, 0x0000000089600000| Complete 
| 151|0x0000000089700000, 0x0000000089800000, 0x0000000089800000|100%| E|CS|TAMS 0x0000000089700000, 0x0000000089700000| Complete 
| 152|0x0000000089800000, 0x0000000089900000, 0x0000000089900000|100%| E|CS|TAMS 0x0000000089800000, 0x0000000089800000| Complete 
| 153|0x0000000089900000, 0x0000000089a00000, 0x0000000089a00000|100%| E|CS|TAMS 0x0000000089900000, 0x0000000089900000| Complete 
| 154|0x0000000089a00000, 0x0000000089b00000, 0x0000000089b00000|100%| E|CS|TAMS 0x0000000089a00000, 0x0000000089a00000| Complete 
| 155|0x0000000089b00000, 0x0000000089c00000, 0x0000000089c00000|100%| E|CS|TAMS 0x0000000089b00000, 0x0000000089b00000| Complete 
| 156|0x0000000089c00000, 0x0000000089d00000, 0x0000000089d00000|100%| E|CS|TAMS 0x0000000089c00000, 0x0000000089c00000| Complete 
| 157|0x0000000089d00000, 0x0000000089e00000, 0x0000000089e00000|100%| E|CS|TAMS 0x0000000089d00000, 0x0000000089d00000| Complete 

Card table byte_map: [0x000002827daa0000,0x000002827dea0000] _byte_map_base: 0x000002827d6a0000

Marking Bits (Prev, Next): (CMBitMap*) 0x000002827d602340, (CMBitMap*) 0x000002827d602308
 Prev Bits: [0x0000028214a40000, 0x0000028216a40000)
 Next Bits: [0x0000028212a40000, 0x0000028214a40000)

Polling page: 0x000002827cda0000

Metaspace:

Usage:
  Non-class:     18.91 MB capacity,    18.61 MB ( 98%) used,   264.24 KB (  1%) free+waste,    38.63 KB ( <1%) overhead. 
      Class:      2.81 MB capacity,     2.62 MB ( 93%) used,   176.35 KB (  6%) free+waste,    19.19 KB ( <1%) overhead. 
       Both:     21.72 MB capacity,    21.23 MB ( 98%) used,   440.59 KB (  2%) free+waste,    57.81 KB ( <1%) overhead. 

Virtual space:
  Non-class space:       20.00 MB reserved,      19.12 MB ( 96%) committed 
      Class space:        1.00 GB reserved,       2.88 MB ( <1%) committed 
             Both:        1.02 GB reserved,      22.00 MB (  2%) committed 

Chunk freelists:
   Non-Class:  33.00 KB
       Class:  30.00 KB
        Both:  63.00 KB

MaxMetaspaceSize: 17179869184.00 GB
CompressedClassSpaceSize: 1.00 GB
Initial GC threshold: 20.80 MB
Current GC threshold: 35.20 MB
CDS: off

CodeHeap 'non-profiled nmethods': size=120064Kb used=1028Kb max_used=1028Kb free=119035Kb
 bounds [0x000002820b500000, 0x000002820b770000, 0x0000028212a40000]
CodeHeap 'profiled nmethods': size=120000Kb used=4047Kb max_used=4047Kb free=115952Kb
 bounds [0x0000028203fd0000, 0x00000282043d0000, 0x000002820b500000]
CodeHeap 'non-nmethods': size=5696Kb used=1214Kb max_used=1239Kb free=4481Kb
 bounds [0x0000028203a40000, 0x0000028203cb0000, 0x0000028203fd0000]
 total_blobs=2433 nmethods=1953 adapters=392
 compilation: enabled
              stopped_count=0, restarted_count=0
 full_count=0

Compilation events (20 events):
Event: 2.049 Thread 0x000002827e7a9000 1937   !   4       java.util.concurrent.ConcurrentHashMap::putVal (432 bytes)
Event: 2.055 Thread 0x000002827e7ac000 1938       3       java.lang.ClassLoader::addClass (9 bytes)
Event: 2.055 Thread 0x000002827e7ac000 nmethod 1938 0x00000282043b8910 code [0x00000282043b8ac0, 0x00000282043b8c88]
Event: 2.055 Thread 0x000002827e7ac000 1939  s    3       java.util.Vector::addElement (24 bytes)
Event: 2.056 Thread 0x000002827e7ac000 nmethod 1939 0x00000282043b8d90 code [0x00000282043b8fa0, 0x00000282043b96b8]
Event: 2.058 Thread 0x000002827e7ac000 1940       3       java.lang.invoke.DirectMethodHandle::preparedLambdaForm (31 bytes)
Event: 2.058 Thread 0x000002827e7ac000 nmethod 1940 0x00000282043b9910 code [0x00000282043b9b00, 0x00000282043b9d28]
Event: 2.064 Thread 0x000002827e7ac000 1944       1       java.lang.invoke.MethodHandleNatives::isPullModeBSM (2 bytes)
Event: 2.064 Thread 0x000002827e7ac000 nmethod 1944 0x000002820b5fdd90 code [0x000002820b5fdf40, 0x000002820b5fdfd8]
Event: 2.064 Thread 0x000002827e7ac000 1945       3       jdk.internal.org.objectweb.asm.MethodWriter::visitEnd (1 bytes)
Event: 2.064 Thread 0x000002827e7ac000 nmethod 1945 0x00000282043b9e90 code [0x00000282043ba040, 0x00000282043ba138]
Event: 2.064 Thread 0x000002827e7ac000 1946       3       jdk.internal.org.objectweb.asm.MethodWriter::getSize (838 bytes)
Event: 2.066 Thread 0x000002827e7ac000 nmethod 1946 0x00000282043ba210 code [0x00000282043ba6c0, 0x00000282043bc5a8]
Event: 2.066 Thread 0x000002827e7ac000 1949       3       sun.security.provider.MD5::FF (33 bytes)
Event: 2.066 Thread 0x000002827e7ac000 nmethod 1949 0x00000282043bd390 code [0x00000282043bd540, 0x00000282043bd658]
Event: 2.066 Thread 0x000002827e7ac000 1950       3       sun.security.provider.MD5::GG (33 bytes)
Event: 2.066 Thread 0x000002827e7ac000 nmethod 1950 0x00000282043bd710 code [0x00000282043bd8c0, 0x00000282043bd9d8]
Event: 2.066 Thread 0x000002827e7ac000 1951       3       sun.security.provider.MD5::HH (29 bytes)
Event: 2.066 Thread 0x000002827e7ac000 nmethod 1951 0x00000282043bda90 code [0x00000282043bdc40, 0x00000282043bdd58]
Event: 2.066 Thread 0x000002827e7ac000 1947       3       jdk.internal.org.objectweb.asm.MethodWriter::put (1602 bytes)

GC Heap History (10 events):
Event: 0.378 GC heap before
{Heap before GC invocations=0 (full 0):
 garbage-first heap   total 129024K, used 16384K [0x0000000080000000, 0x0000000100000000)
  region size 1024K, 14 young (14336K), 0 survivors (0K)
 Metaspace       used 6728K, capacity 6929K, committed 7168K, reserved 1056768K
  class space    used 572K, capacity 650K, committed 768K, reserved 1048576K
}
Event: 0.390 GC heap after
{Heap after GC invocations=1 (full 0):
 garbage-first heap   total 129024K, used 4219K [0x0000000080000000, 0x0000000100000000)
  region size 1024K, 2 young (2048K), 2 survivors (2048K)
 Metaspace       used 6728K, capacity 6929K, committed 7168K, reserved 1056768K
  class space    used 572K, capacity 650K, committed 768K, reserved 1048576K
}
Event: 0.696 GC heap before
{Heap before GC invocations=1 (full 0):
 garbage-first heap   total 129024K, used 23675K [0x0000000080000000, 0x0000000100000000)
  region size 1024K, 18 young (18432K), 2 survivors (2048K)
 Metaspace       used 10497K, capacity 10749K, committed 10880K, reserved 1058816K
  class space    used 1079K, capacity 1139K, committed 1152K, reserved 1048576K
}
Event: 0.701 GC heap after
{Heap after GC invocations=2 (full 0):
 garbage-first heap   total 129024K, used 9618K [0x0000000080000000, 0x0000000100000000)
  region size 1024K, 3 young (3072K), 3 survivors (3072K)
 Metaspace       used 10497K, capacity 10749K, committed 10880K, reserved 1058816K
  class space    used 1079K, capacity 1139K, committed 1152K, reserved 1048576K
}
Event: 0.943 GC heap before
{Heap before GC invocations=2 (full 0):
 garbage-first heap   total 129024K, used 33170K [0x0000000080000000, 0x0000000100000000)
  region size 1024K, 26 young (26624K), 3 survivors (3072K)
 Metaspace       used 11213K, capacity 11448K, committed 11520K, reserved 1058816K
  class space    used 1153K, capacity 1244K, committed 1280K, reserved 1048576K
}
Event: 0.947 GC heap after
{Heap after GC invocations=3 (full 0):
 garbage-first heap   total 129024K, used 12089K [0x0000000080000000, 0x0000000100000000)
  region size 1024K, 4 young (4096K), 4 survivors (4096K)
 Metaspace       used 11213K, capacity 11448K, committed 11520K, reserved 1058816K
  class space    used 1153K, capacity 1244K, committed 1280K, reserved 1048576K
}
Event: 1.951 GC heap before
{Heap before GC invocations=3 (full 0):
 garbage-first heap   total 129024K, used 80697K [0x0000000080000000, 0x0000000100000000)
  region size 1024K, 72 young (73728K), 4 survivors (4096K)
 Metaspace       used 20218K, capacity 20756K, committed 20864K, reserved 1067008K
  class space    used 2463K, capacity 2658K, committed 2688K, reserved 1048576K
}
Event: 1.960 GC heap after
{Heap after GC invocations=4 (full 0):
 garbage-first heap   total 129024K, used 16850K [0x0000000080000000, 0x0000000100000000)
  region size 1024K, 9 young (9216K), 9 survivors (9216K)
 Metaspace       used 20218K, capacity 20756K, committed 20864K, reserved 1067008K
  class space    used 2463K, capacity 2658K, committed 2688K, reserved 1048576K
}
Event: 1.988 GC heap before
{Heap before GC invocations=4 (full 0):
 garbage-first heap   total 129024K, used 19922K [0x0000000080000000, 0x0000000100000000)
  region size 1024K, 13 young (13312K), 9 survivors (9216K)
 Metaspace       used 20682K, capacity 21158K, committed 21296K, reserved 1069056K
  class space    used 2512K, capacity 2665K, committed 2688K, reserved 1048576K
}
Event: 1.998 GC heap after
{Heap after GC invocations=5 (full 0):
 garbage-first heap   total 161792K, used 17598K [0x0000000080000000, 0x0000000100000000)
  region size 1024K, 1 young (1024K), 1 survivors (1024K)
 Metaspace       used 20682K, capacity 21158K, committed 21296K, reserved 1069056K
  class space    used 2512K, capacity 2665K, committed 2688K, reserved 1048576K
}

Deoptimization events (20 events):
Event: 2.008 Thread 0x000002821b4b0800 Uncommon trap: trap_request=0xffffff4d fr.pc=0x000002820b51c088 relative=0x0000000000000ae8
Event: 2.008 Thread 0x000002821b4b0800 Uncommon trap: reason=unstable_if action=reinterpret pc=0x000002820b51c088 method=java.io.WinNTFileSystem.resolve(Ljava/lang/String;Ljava/lang/String;)Ljava/lang/String; @ 19 c2
Event: 2.008 Thread 0x000002821b4b0800 DEOPT PACKING pc=0x000002820b51c088 sp=0x000000e0c63fb610
Event: 2.008 Thread 0x000002821b4b0800 DEOPT UNPACKING pc=0x0000028203a485af sp=0x000000e0c63fb5a8 mode 2
Event: 2.009 Thread 0x000002821b4b0800 Uncommon trap: trap_request=0xffffffc6 fr.pc=0x000002820b578fa4 relative=0x0000000000000084
Event: 2.009 Thread 0x000002821b4b0800 Uncommon trap: reason=bimorphic_or_optimized_type_check action=maybe_recompile pc=0x000002820b578fa4 method=java.util.AbstractList$Itr.hasNext()Z @ 8 c2
Event: 2.009 Thread 0x000002821b4b0800 DEOPT PACKING pc=0x000002820b578fa4 sp=0x000000e0c63fabd0
Event: 2.009 Thread 0x000002821b4b0800 DEOPT UNPACKING pc=0x0000028203a485af sp=0x000000e0c63fab68 mode 2
Event: 2.009 Thread 0x000002821b4b0800 Uncommon trap: trap_request=0xffffffc6 fr.pc=0x000002820b579354 relative=0x0000000000000114
Event: 2.009 Thread 0x000002821b4b0800 Uncommon trap: reason=bimorphic_or_optimized_type_check action=maybe_recompile pc=0x000002820b579354 method=java.util.AbstractList$Itr.next()Ljava/lang/Object; @ 14 c2
Event: 2.009 Thread 0x000002821b4b0800 DEOPT PACKING pc=0x000002820b579354 sp=0x000000e0c63fabc0
Event: 2.009 Thread 0x000002821b4b0800 DEOPT UNPACKING pc=0x0000028203a485af sp=0x000000e0c63fab58 mode 2
Event: 2.009 Thread 0x000002821b4b0800 Uncommon trap: trap_request=0xffffff4d fr.pc=0x000002820b574584 relative=0x00000000000005c4
Event: 2.009 Thread 0x000002821b4b0800 Uncommon trap: reason=unstable_if action=reinterpret pc=0x000002820b574584 method=java.io.File.getName()Ljava/lang/String; @ 16 c2
Event: 2.009 Thread 0x000002821b4b0800 DEOPT PACKING pc=0x000002820b574584 sp=0x000000e0c63fb5a0
Event: 2.009 Thread 0x000002821b4b0800 DEOPT UNPACKING pc=0x0000028203a485af sp=0x000000e0c63fb570 mode 2
Event: 2.009 Thread 0x000002821b4b0800 Uncommon trap: trap_request=0xffffff4d fr.pc=0x000002820b5736b4 relative=0x0000000000000474
Event: 2.009 Thread 0x000002821b4b0800 Uncommon trap: reason=unstable_if action=reinterpret pc=0x000002820b5736b4 method=java.lang.String.substring(I)Ljava/lang/String; @ 34 c2
Event: 2.009 Thread 0x000002821b4b0800 DEOPT PACKING pc=0x000002820b5736b4 sp=0x000000e0c63fb520
Event: 2.009 Thread 0x000002821b4b0800 DEOPT UNPACKING pc=0x0000028203a485af sp=0x000000e0c63fb4f8 mode 2

Classes redefined (0 events):
No events

Internal exceptions (20 events):
Event: 0.470 Thread 0x000002827d5c0800 Exception <a 'java/lang/NoSuchMethodError'{0x00000000879dd860}: 'void java.lang.invoke.DelegatingMethodHandle$Holder.delegate(java.lang.Object, java.lang.Object, int, java.lang.Object)'> (0x00000000879dd860) thrown at [./src/hotspot/share/interpreter/linkResolver.cpp, line 773]
Event: 0.988 Thread 0x000002827d5c0800 Exception <a 'java/security/PrivilegedActionException'{0x00000000876aef48}> (0x00000000876aef48) thrown at [./src/hotspot/share/prims/jvm.cpp, line 1306]
Event: 0.988 Thread 0x000002827d5c0800 Exception <a 'java/security/PrivilegedActionException'{0x00000000876af4c0}> (0x00000000876af4c0) thrown at [./src/hotspot/share/prims/jvm.cpp, line 1306]
Event: 1.168 Thread 0x000002827d5c0800 Exception <a 'java/lang/NoSuchMethodError'{0x000000008640da10}: 'java.lang.Object java.lang.invoke.DirectMethodHandle$Holder.invokeStaticInit(java.lang.Object, java.lang.Object, java.lang.Object)'> (0x000000008640da10) thrown at [./src/hotspot/share/interpreter/linkResolver.cpp, line 773]
Event: 1.319 Thread 0x000002827d5c0800 Exception <a 'java/lang/NoSuchMethodError'{0x0000000085a91438}: 'java.lang.Object java.lang.invoke.DirectMethodHandle$Holder.invokeStaticInit(java.lang.Object, int, int, int, int)'> (0x0000000085a91438) thrown at [./src/hotspot/share/interpreter/linkResolver.cpp, line 773]
Event: 1.458 Thread 0x000002827d5c0800 Exception <a 'java/lang/NoSuchMethodError'{0x0000000085adb458}: 'java.lang.Object java.lang.invoke.DirectMethodHandle$Holder.invokeStaticInit(java.lang.Object, java.lang.Object, int, int, int, int)'> (0x0000000085adb458) thrown at [./src/hotspot/share/interpreter/linkResolver.cpp, line 773]
Event: 1.647 Thread 0x000002827d5c0800 Exception <a 'java/io/IOException'{0x00000000857271f8}> (0x00000000857271f8) thrown at [./src/hotspot/share/prims/jni.cpp, line 616]
Event: 1.697 Thread 0x000002821b476800 Exception <a 'java/lang/NoSuchMethodError'{0x00000000855ed8a0}: <clinit>> (0x00000000855ed8a0) thrown at [./src/hotspot/share/prims/jni.cpp, line 1366]
Event: 1.699 Thread 0x000002821b476800 Exception <a 'java/lang/NoSuchMethodError'{0x0000000085405b08}: <clinit>> (0x0000000085405b08) thrown at [./src/hotspot/share/prims/jni.cpp, line 1366]
Event: 1.699 Thread 0x000002821b476800 Exception <a 'java/lang/NoSuchMethodError'{0x000000008540f4d0}: <clinit>> (0x000000008540f4d0) thrown at [./src/hotspot/share/prims/jni.cpp, line 1366]
Event: 1.701 Thread 0x000002821b476800 Exception <a 'java/lang/NoSuchMethodError'{0x0000000085424840}: <clinit>> (0x0000000085424840) thrown at [./src/hotspot/share/prims/jni.cpp, line 1366]
Event: 1.759 Thread 0x000002821b4b0800 Exception <a 'java/lang/NoSuchMethodError'{0x00000000851e3038}: 'long java.lang.invoke.DirectMethodHandle$Holder.invokeInterface(java.lang.Object, java.lang.Object)'> (0x00000000851e3038) thrown at [./src/hotspot/share/interpreter/linkResolver.cpp, line 773]
Event: 1.760 Thread 0x000002821b4b0800 Exception <a 'java/lang/NoSuchMethodError'{0x00000000851f00d8}: 'void java.lang.invoke.DelegatingMethodHandle$Holder.reinvoke_L(java.lang.Object, java.lang.Object, java.lang.Object, java.lang.Object, java.lang.Object, java.lang.Object, java.lang.Object)'> (0x00000000851f00d8) thrown at [./src/hotspot/share/interpreter/linkResolver.cpp, line 773]
Event: 1.943 Thread 0x000002821b4b0800 Exception <a 'java/lang/NoSuchMethodError'{0x000000008365c878}: 'void java.lang.invoke.DirectMethodHandle$Holder.invokeStaticInit(java.lang.Object)'> (0x000000008365c878) thrown at [./src/hotspot/share/interpreter/linkResolver.cpp, line 773]
Event: 1.961 Thread 0x000002821b4b0800 Exception <a 'java/lang/NoSuchMethodError'{0x0000000087d89560}: 'java.lang.Object java.lang.invoke.DirectMethodHandle$Holder.invokeStatic(java.lang.Object, java.lang.Object, java.lang.Object, int)'> (0x0000000087d89560) thrown at [./src/hotspot/share/interpreter/linkResolver.cpp, line 773]
Event: 1.962 Thread 0x000002821b4b0800 Exception <a 'java/lang/NoSuchMethodError'{0x0000000087d8dc78}: 'java.lang.Object java.lang.invoke.DirectMethodHandle$Holder.invokeSpecial(java.lang.Object, java.lang.Object, java.lang.Object, java.lang.Object, int)'> (0x0000000087d8dc78) thrown at [./src/hotspot/share/interpreter/linkResolver.cpp, line 773]
Event: 1.962 Thread 0x000002821b4b0800 Exception <a 'java/lang/NoSuchMethodError'{0x0000000087d91bb0}: 'java.lang.Object java.lang.invoke.Invokers$Holder.linkToTargetMethod(java.lang.Object, java.lang.Object, int, java.lang.Object)'> (0x0000000087d91bb0) thrown at [./src/hotspot/share/interpreter/linkResolver.cpp, line 773]
Event: 2.040 Thread 0x000002821b4b0800 Exception <a 'java/lang/NoSuchMethodError'{0x0000000089ac63d0}: 'int java.lang.invoke.DirectMethodHandle$Holder.invokeSpecialIFC(java.lang.Object, java.lang.Object, java.lang.Object, java.lang.Object)'> (0x0000000089ac63d0) thrown at [./src/hotspot/share/interpreter/linkResolver.cpp, line 773]
Event: 2.041 Thread 0x000002821b4b0800 Exception <a 'java/lang/NoSuchMethodError'{0x0000000089ad4388}: 'java.lang.Object java.lang.invoke.DirectMethodHandle$Holder.invokeInterface(java.lang.Object, java.lang.Object, java.lang.Object)'> (0x0000000089ad4388) thrown at [./src/hotspot/share/interpreter/linkResolver.cpp, line 773]
Event: 2.042 Thread 0x000002821b4b0800 Exception <a 'java/lang/IncompatibleClassChangeError'{0x0000000089ad7860}: Found class java.lang.Object, but interface was expected> (0x0000000089ad7860) thrown at [./src/hotspot/share/interpreter/linkResolver.cpp, line 839]

Events (20 events):
Event: 2.065 loading class javax/annotation/Nonnull
Event: 2.065 loading class javax/annotation/Nonnull done
Event: 2.065 loading class javax/annotation/meta/TypeQualifierDefault
Event: 2.065 loading class javax/annotation/meta/TypeQualifierDefault done
Event: 2.066 loading class org/gradle/api/internal/initialization/loadercache/DefaultClasspathHasher
Event: 2.066 loading class org/gradle/api/internal/initialization/loadercache/DefaultClasspathHasher done
Event: 2.066 loading class org/gradle/internal/classloader/DefaultHashingClassLoaderFactory
Event: 2.066 loading class org/gradle/internal/classloader/DefaultHashingClassLoaderFactory done
Event: 2.067 loading class org/gradle/internal/classloader/DefaultClassLoaderFactory
Event: 2.067 loading class org/gradle/internal/classloader/DefaultClassLoaderFactory done
Event: 2.067 loading class org/gradle/groovy/scripts/internal/RegistryAwareClassLoaderHierarchyHasher
Event: 2.067 loading class org/gradle/groovy/scripts/internal/RegistryAwareClassLoaderHierarchyHasher done
Event: 2.067 loading class org/gradle/internal/classloader/ConfigurableClassLoaderHierarchyHasher
Event: 2.067 loading class org/gradle/internal/classloader/ConfigurableClassLoaderHierarchyHasher done
Event: 2.068 loading class org/gradle/internal/state/DefaultManagedFactoryRegistry
Event: 2.068 loading class org/gradle/internal/state/DefaultManagedFactoryRegistry done
Event: 2.068 loading class org/gradle/api/internal/file/collections/ManagedFactories$ConfigurableFileCollectionManagedFactory
Event: 2.068 loading class org/gradle/api/internal/file/collections/ManagedFactories$ConfigurableFileCollectionManagedFactory done
Event: 2.069 loading class org/gradle/api/internal/file/ManagedFactories$RegularFileManagedFactory
Event: 2.069 loading class org/gradle/api/internal/file/ManagedFactories$RegularFileManagedFactory done


Dynamic libraries:
0x00007ff6e8810000 - 0x00007ff6e881a000 	C:\Program Files\Android\Android Studio\jre\bin\java.exe
0x00007ffca7b80000 - 0x00007ffca7d89000 	C:\Windows\SYSTEM32\ntdll.dll
0x00007ffca63e0000 - 0x00007ffca649e000 	C:\Windows\System32\KERNEL32.DLL
0x00007ffca50d0000 - 0x00007ffca544b000 	C:\Windows\System32\KERNELBASE.dll
0x00007ffca5690000 - 0x00007ffca57a1000 	C:\Windows\System32\ucrtbase.dll
0x00007ffc902b0000 - 0x00007ffc902c7000 	C:\Program Files\Android\Android Studio\jre\bin\VCRUNTIME140.dll
0x00007ffc97c40000 - 0x00007ffc97c59000 	C:\Program Files\Android\Android Studio\jre\bin\jli.dll
0x00007ffca6870000 - 0x00007ffca6a1d000 	C:\Windows\System32\USER32.dll
0x00007ffca4220000 - 0x00007ffca44c5000 	C:\Windows\WinSxS\amd64_microsoft.windows.common-controls_6595b64144ccf1df_6.0.22000.120_none_9d947278b86cc467\COMCTL32.dll
0x00007ffca7290000 - 0x00007ffca7333000 	C:\Windows\System32\msvcrt.dll
0x00007ffca5450000 - 0x00007ffca5476000 	C:\Windows\System32\win32u.dll
0x00007ffca6e70000 - 0x00007ffca6e99000 	C:\Windows\System32\GDI32.dll
0x00007ffca58e0000 - 0x00007ffca59f8000 	C:\Windows\System32\gdi32full.dll
0x00007ffca55f0000 - 0x00007ffca568d000 	C:\Windows\System32\msvcp_win.dll
0x00007ffca6aa0000 - 0x00007ffca6ad2000 	C:\Windows\System32\IMM32.DLL
0x00007ffc7a220000 - 0x00007ffc7a2bd000 	C:\Program Files\Android\Android Studio\jre\bin\msvcp140.dll
0x00007ffc63f00000 - 0x00007ffc64a02000 	C:\Program Files\Android\Android Studio\jre\bin\server\jvm.dll
0x00007ffca7030000 - 0x00007ffca70de000 	C:\Windows\System32\ADVAPI32.dll
0x00007ffca7170000 - 0x00007ffca720e000 	C:\Windows\System32\sechost.dll
0x00007ffca6ea0000 - 0x00007ffca6fc0000 	C:\Windows\System32\RPCRT4.dll
0x00007ffca6860000 - 0x00007ffca6868000 	C:\Windows\System32\PSAPI.DLL
0x00007ffc727a0000 - 0x00007ffc727a9000 	C:\Windows\SYSTEM32\WSOCK32.dll
0x00007ffc9b030000 - 0x00007ffc9b063000 	C:\Windows\SYSTEM32\WINMM.dll
0x00007ffca7ad0000 - 0x00007ffca7b3f000 	C:\Windows\System32\WS2_32.dll
0x00007ffc9a440000 - 0x00007ffc9a44a000 	C:\Windows\SYSTEM32\VERSION.dll
0x00007ffca3f70000 - 0x00007ffca3f88000 	C:\Windows\SYSTEM32\kernel.appcore.dll
0x00007ffca0680000 - 0x00007ffca0691000 	C:\Program Files\Android\Android Studio\jre\bin\verify.dll
0x00007ffca4930000 - 0x00007ffca4b51000 	C:\Windows\SYSTEM32\DBGHELP.DLL
0x00007ffca4870000 - 0x00007ffca48a1000 	C:\Windows\SYSTEM32\dbgcore.DLL
0x00007ffca5050000 - 0x00007ffca50cf000 	C:\Windows\System32\bcryptPrimitives.dll
0x00007ffc975a0000 - 0x00007ffc975c9000 	C:\Program Files\Android\Android Studio\jre\bin\java.dll
0x00007ffca15f0000 - 0x00007ffca15fb000 	C:\Program Files\Android\Android Studio\jre\bin\jimage.dll
0x00007ffc97bd0000 - 0x00007ffc97be8000 	C:\Program Files\Android\Android Studio\jre\bin\zip.dll
0x00007ffca5c20000 - 0x00007ffca63d7000 	C:\Windows\System32\SHELL32.dll
0x00007ffca2ac0000 - 0x00007ffca3325000 	C:\Windows\SYSTEM32\windows.storage.dll
0x00007ffca6ae0000 - 0x00007ffca6e58000 	C:\Windows\System32\combase.dll
0x00007ffca2950000 - 0x00007ffca2ab6000 	C:\Windows\SYSTEM32\wintypes.dll
0x00007ffca5b30000 - 0x00007ffca5c1a000 	C:\Windows\System32\SHCORE.dll
0x00007ffca6fd0000 - 0x00007ffca702d000 	C:\Windows\System32\shlwapi.dll
0x00007ffca4f80000 - 0x00007ffca4fa1000 	C:\Windows\SYSTEM32\profapi.dll
0x00007ffc938d0000 - 0x00007ffc938ea000 	C:\Program Files\Android\Android Studio\jre\bin\net.dll
0x00007ffc9d620000 - 0x00007ffc9d734000 	C:\Windows\SYSTEM32\WINHTTP.dll
0x00007ffca3fb0000 - 0x00007ffca4017000 	C:\Windows\system32\mswsock.dll
0x00007ffc938b0000 - 0x00007ffc938c4000 	C:\Program Files\Android\Android Studio\jre\bin\nio.dll
0x00007ffc93860000 - 0x00007ffc93887000 	C:\Users\Yusufjon\.gradle\native\e1d6ef7f7dcc3fd88c89a11ec53ec762bb8ba0a96d01ffa2cd45eb1d1d8dd5c5\windows-amd64\native-platform.dll
0x00007ffc65ff0000 - 0x00007ffc66134000 	C:\Users\Yusufjon\.gradle\native\0d407fdbe67a94daf76414ababcb853783967236a71b16ec16e742cd7a986fd3\windows-amd64\native-platform-file-events.dll
0x00007ffc9f4b0000 - 0x00007ffc9f4ba000 	C:\Program Files\Android\Android Studio\jre\bin\management.dll
0x00007ffc9a050000 - 0x00007ffc9a05d000 	C:\Program Files\Android\Android Studio\jre\bin\management_ext.dll
0x00007ffca4d00000 - 0x00007ffca4d18000 	C:\Windows\SYSTEM32\CRYPTSP.dll
0x00007ffca3cc0000 - 0x00007ffca3cf5000 	C:\Windows\system32\rsaenh.dll
0x00007ffca4020000 - 0x00007ffca4049000 	C:\Windows\SYSTEM32\USERENV.dll
0x00007ffca4ba0000 - 0x00007ffca4bc7000 	C:\Windows\SYSTEM32\bcrypt.dll
0x00007ffca4170000 - 0x00007ffca417c000 	C:\Windows\SYSTEM32\CRYPTBASE.dll
0x00007ffca3580000 - 0x00007ffca35ad000 	C:\Windows\SYSTEM32\IPHLPAPI.DLL
0x00007ffca6e60000 - 0x00007ffca6e69000 	C:\Windows\System32\NSI.dll
0x00007ffc97610000 - 0x00007ffc97629000 	C:\Windows\SYSTEM32\dhcpcsvc6.DLL
0x00007ffc97780000 - 0x00007ffc9779e000 	C:\Windows\SYSTEM32\dhcpcsvc.DLL
0x00007ffca35b0000 - 0x00007ffca3698000 	C:\Windows\SYSTEM32\DNSAPI.dll

dbghelp: loaded successfully - version: 4.0.5 - missing functions: none
symbol engine: initialized successfully - sym options: 0x614 - pdb path: .;C:\Program Files\Android\Android Studio\jre\bin;C:\Windows\SYSTEM32;C:\Windows\WinSxS\amd64_microsoft.windows.common-controls_6595b64144ccf1df_6.0.22000.120_none_9d947278b86cc467;C:\Program Files\Android\Android Studio\jre\bin\server;C:\Users\Yusufjon\.gradle\native\e1d6ef7f7dcc3fd88c89a11ec53ec762bb8ba0a96d01ffa2cd45eb1d1d8dd5c5\windows-amd64;C:\Users\Yusufjon\.gradle\native\0d407fdbe67a94daf76414ababcb853783967236a71b16ec16e742cd7a986fd3\windows-amd64

VM Arguments:
jvm_args: --add-opens=java.base/java.util=ALL-UNNAMED --add-opens=java.base/java.lang=ALL-UNNAMED --add-opens=java.base/java.lang.invoke=ALL-UNNAMED --add-opens=java.base/java.util=ALL-UNNAMED --add-opens=java.prefs/java.util.prefs=ALL-UNNAMED --add-opens=java.prefs/java.util.prefs=ALL-UNNAMED --add-opens=java.base/java.nio.charset=ALL-UNNAMED --add-opens=java.base/java.net=ALL-UNNAMED --add-opens=java.base/java.util.concurrent.atomic=ALL-UNNAMED -Xmx2048m -Dfile.encoding=UTF-8 -Duser.country=RU -Duser.language=ru -Duser.variant 
java_command: org.gradle.launcher.daemon.bootstrap.GradleDaemon 7.4
java_class_path (initial): C:\Users\Yusufjon\.gradle\wrapper\dists\gradle-7.4-bin\c0gwcg53nkjbqw7r0h0umtfvt\gradle-7.4\lib\gradle-launcher-7.4.jar
Launcher Type: SUN_STANDARD

[Global flags]
     intx CICompilerCount                          = 3                                         {product} {ergonomic}
     uint ConcGCThreads                            = 1                                         {product} {ergonomic}
     uint G1ConcRefinementThreads                  = 4                                         {product} {ergonomic}
   size_t G1HeapRegionSize                         = 1048576                                   {product} {ergonomic}
    uintx GCDrainStackTargetSize                   = 64                                        {product} {ergonomic}
   size_t InitialHeapSize                          = 132120576                                 {product} {ergonomic}
   size_t MarkStackSize                            = 4194304                                   {product} {ergonomic}
   size_t MaxHeapSize                              = 2147483648                                {product} {command line}
   size_t MaxNewSize                               = 1287651328                                {product} {ergonomic}
   size_t MinHeapDeltaBytes                        = 1048576                                   {product} {ergonomic}
    uintx NonNMethodCodeHeapSize                   = 5830732                                {pd product} {ergonomic}
    uintx NonProfiledCodeHeapSize                  = 122913754                              {pd product} {ergonomic}
    uintx ProfiledCodeHeapSize                     = 122913754                              {pd product} {ergonomic}
    uintx ReservedCodeCacheSize                    = 251658240                              {pd product} {ergonomic}
     bool SegmentedCodeCache                       = true                                      {product} {ergonomic}
     bool UseCompressedClassPointers               = true                                 {lp64_product} {ergonomic}
     bool UseCompressedOops                        = true                                 {lp64_product} {ergonomic}
     bool UseG1GC                                  = true                                      {product} {ergonomic}
     bool UseLargePagesIndividualAllocation        = false                                  {pd product} {ergonomic}

Logging:
Log output configuration:
 #0: stdout all=warning uptime,level,tags
 #1: stderr all=off uptime,level,tags

Environment Variables:
PATH=C:\Program Files\Common Files\Oracle\Java\javapath;C:\Windows\system32;C:\Windows;C:\Windows\System32\Wbem;C:\Windows\System32\WindowsPowerShell\v1.0\;C:\Windows\System32\OpenSSH\;C:\Program Files\Git\cmd;C:\Program Files\MySQL\MySQL Shell 8.0\bin\;C:\Users\Yusufjon\AppData\Local\Microsoft\WindowsApps;C:\Users\Yusufjon\AppData\Local\GitHubDesktop\bin
USERNAME=Yusufjon
OS=Windows_NT
PROCESSOR_IDENTIFIER=Intel64 Family 6 Model 140 Stepping 1, GenuineIntel



---------------  S Y S T E M  ---------------

OS: Windows 11 , 64 bit Build 22000 (10.0.22000.1335)
OS uptime: 0 days 14:32 hours

CPU:total 4 (initial active 4) (2 cores per cpu, 2 threads per core) family 6 model 140 stepping 1 microcode 0x66, cmov, cx8, fxsr, mmx, sse, sse2, sse3, ssse3, sse4.1, sse4.2, popcnt, avx, avx2, aes, clmul, erms, 3dnowpref, lzcnt, ht, tsc, tscinvbit, bmi1, bmi2, adx, evex, sha, fma

Memory: 4k page, system-wide physical 7991M (978M free)
TotalPageFile size 10462M (AvailPageFile size 6M)
current process WorkingSet (physical memory assigned to process): 212M, peak: 212M
current process commit charge ("private bytes"): 299M, peak: 300M

vm_info: OpenJDK 64-Bit Server VM (11.0.13+0-b1751.21-8125866) for windows-amd64 JRE (11.0.13+0-b1751.21-8125866), built on Feb  2 2022 03:00:22 by "builder" with MS VC++ 14.0 (VS2015)

END.
