#
# There is insufficient memory for the Java Runtime Environment to continue.
# Native memory allocation (mmap) failed to map 27262976 bytes for Failed to commit area from 0x0000000087e00000 to 0x0000000089800000 of length 27262976.
# Possible reasons:
#   The system is out of physical RAM or swap space
#   The process is running with CompressedOops enabled, and the Java Heap may be blocking the growth of the native heap
# Possible solutions:
#   Reduce memory load on the system
#   Increase physical memory or swap space
#   Check if swap backing store is full
#   Decrease Java heap size (-Xmx/-Xms)
#   Decrease number of Java threads
#   Decrease Java thread stack sizes (-Xss)
#   Set larger code cache with -XX:ReservedCodeCacheSize=
#   JVM is running with Unscaled Compressed Oops mode in which the Java heap is
#     placed in the first 4GB address space. The Java Heap base address is the
#     maximum limit for the native heap growth. Please use -XX:HeapBaseMinAddress
#     to set the Java Heap base and to place the Java Heap above 4GB virtual address.
# This output file may be truncated or incomplete.
#
#  Out of Memory Error (./src/hotspot/os/windows/os_windows.cpp:3619), pid=16692, tid=12124
#
# JRE version: OpenJDK Runtime Environment (11.0.13) (build 11.0.13+0-b1751.21-8125866)
# Java VM: OpenJDK 64-Bit Server VM (11.0.13+0-b1751.21-8125866, mixed mode, tiered, compressed oops, g1 gc, windows-amd64)
# No core dump will be written. Minidumps are not enabled by default on client versions of Windows
#

---------------  S U M M A R Y ------------

Command Line: --add-opens=java.base/java.util=ALL-UNNAMED --add-opens=java.base/java.lang=ALL-UNNAMED --add-opens=java.base/java.lang.invoke=ALL-UNNAMED --add-opens=java.base/java.util=ALL-UNNAMED --add-opens=java.prefs/java.util.prefs=ALL-UNNAMED --add-opens=java.prefs/java.util.prefs=ALL-UNNAMED --add-opens=java.base/java.nio.charset=ALL-UNNAMED --add-opens=java.base/java.net=ALL-UNNAMED --add-opens=java.base/java.util.concurrent.atomic=ALL-UNNAMED -Xmx2048m -Dfile.encoding=UTF-8 -Duser.country=RU -Duser.language=ru -Duser.variant org.gradle.launcher.daemon.bootstrap.GradleDaemon 7.4

Host: 11th Gen Intel(R) Core(TM) i3-1115G4 @ 3.00GHz, 4 cores, 7G,  Windows 11 , 64 bit Build 22000 (10.0.22000.1335)
Time: Wed Feb  1 13:58:04 2023 ???????? ???? (????) elapsed time: 3.983177 seconds (0d 0h 0m 3s)

---------------  T H R E A D  ---------------

Current thread (0x00000203accac800):  VMThread "VM Thread" [stack: 0x0000005552800000,0x0000005552900000] [id=12124]

Stack: [0x0000005552800000,0x0000005552900000]
[error occurred during error reporting (printing stack bounds), id 0xc0000005, EXCEPTION_ACCESS_VIOLATION (0xc0000005) at pc=0x0000020396bd12e7]

Native frames: (J=compiled Java code, j=interpreted, Vv=VM code, C=native code)
V  [jvm.dll+0x6100fa]
V  [jvm.dll+0x747090]
V  [jvm.dll+0x7486ad]
V  [jvm.dll+0x748ce5]
V  [jvm.dll+0x748c9b]
V  [jvm.dll+0x60f224]
V  [jvm.dll+0x60f9b8]
C  [ntdll.dll+0xa8b1f]
C  [ntdll.dll+0x35b9a]
C  [ntdll.dll+0xa7b2e]
C  0x0000020396bd12e7

VM_Operation (0x0000005553df4010): CollectForMetadataAllocation, mode: safepoint, requested by thread 0x00000203aff6f000


---------------  P R O C E S S  ---------------

Threads class SMR info:
_java_thread_list=0x00000203b2b74b30, length=35, elements={
0x00000203930ad800, 0x00000203accb0000, 0x00000203accb3800, 0x00000203ad652800,
0x00000203accd2000, 0x00000203accd3000, 0x00000203accd8800, 0x00000203accdf000,
0x00000203acce8800, 0x00000203ad789000, 0x00000203aec7f000, 0x00000203b048e800,
0x00000203afbd6000, 0x00000203ae201800, 0x00000203afcac800, 0x00000203afcad000,
0x00000203af8e6800, 0x00000203aff6f000, 0x00000203aff70000, 0x00000203afeea800,
0x00000203aef66000, 0x00000203afede000, 0x00000203afee4800, 0x00000203afee0800,
0x00000203afee1000, 0x00000203afedf000, 0x00000203afedf800, 0x00000203afee2000,
0x00000203afee3000, 0x00000203afee3800, 0x00000203b0c75800, 0x00000203b0c77000,
0x00000203b0c76800, 0x00000203b0c71800, 0x00000203b0c78000
}

Java Threads: ( => current thread )
  0x00000203930ad800 JavaThread "main" [_thread_blocked, id=16748, stack(0x0000005552200000,0x0000005552300000)]
  0x00000203accb0000 JavaThread "Reference Handler" daemon [_thread_blocked, id=15388, stack(0x0000005552900000,0x0000005552a00000)]
  0x00000203accb3800 JavaThread "Finalizer" daemon [_thread_blocked, id=15016, stack(0x0000005552a00000,0x0000005552b00000)]
  0x00000203ad652800 JavaThread "Signal Dispatcher" daemon [_thread_blocked, id=19328, stack(0x0000005552b00000,0x0000005552c00000)]
  0x00000203accd2000 JavaThread "Attach Listener" daemon [_thread_blocked, id=11992, stack(0x0000005552c00000,0x0000005552d00000)]
  0x00000203accd3000 JavaThread "Service Thread" daemon [_thread_blocked, id=19428, stack(0x0000005552d00000,0x0000005552e00000)]
  0x00000203accd8800 JavaThread "C2 CompilerThread0" daemon [_thread_in_native, id=17040, stack(0x0000005552e00000,0x0000005552f00000)]
  0x00000203accdf000 JavaThread "C1 CompilerThread0" daemon [_thread_blocked, id=19124, stack(0x0000005552f00000,0x0000005553000000)]
  0x00000203acce8800 JavaThread "Sweeper thread" daemon [_thread_blocked, id=15508, stack(0x0000005553000000,0x0000005553100000)]
  0x00000203ad789000 JavaThread "Common-Cleaner" daemon [_thread_blocked, id=15512, stack(0x0000005553100000,0x0000005553200000)]
  0x00000203aec7f000 JavaThread "C2 CompilerThread1" daemon [_thread_in_native, id=12024, stack(0x0000005553300000,0x0000005553400000)]
  0x00000203b048e800 JavaThread "Daemon health stats" [_thread_blocked, id=11608, stack(0x0000005553600000,0x0000005553700000)]
  0x00000203afbd6000 JavaThread "Incoming local TCP Connector on port 14584" [_thread_in_native, id=17160, stack(0x0000005553700000,0x0000005553800000)]
  0x00000203ae201800 JavaThread "Daemon periodic checks" [_thread_blocked, id=4460, stack(0x0000005553900000,0x0000005553a00000)]
  0x00000203afcac800 JavaThread "Daemon" [_thread_blocked, id=1328, stack(0x0000005553a00000,0x0000005553b00000)]
  0x00000203afcad000 JavaThread "Handler for socket connection from /127.0.0.1:14584 to /127.0.0.1:14585" [_thread_in_native, id=17352, stack(0x0000005553b00000,0x0000005553c00000)]
  0x00000203af8e6800 JavaThread "Cancel handler" [_thread_blocked, id=10044, stack(0x0000005553c00000,0x0000005553d00000)]
  0x00000203aff6f000 JavaThread "Daemon worker" [_thread_blocked, id=17048, stack(0x0000005553d00000,0x0000005553e00000)]
  0x00000203aff70000 JavaThread "Asynchronous log dispatcher for DefaultDaemonConnection: socket connection from /127.0.0.1:14584 to /127.0.0.1:14585" [_thread_blocked, id=18252, stack(0x0000005553e00000,0x0000005553f00000)]
  0x00000203afeea800 JavaThread "Stdin handler" [_thread_blocked, id=17508, stack(0x0000005553f00000,0x0000005554000000)]
  0x00000203aef66000 JavaThread "Daemon client event forwarder" [_thread_blocked, id=6260, stack(0x0000005554000000,0x0000005554100000)]
  0x00000203afede000 JavaThread "Cache worker for journal cache (C:\Users\Yusufjon\.gradle\caches\journal-1)" [_thread_blocked, id=14504, stack(0x0000005554100000,0x0000005554200000)]
  0x00000203afee4800 JavaThread "File lock request listener" [_thread_in_native, id=15236, stack(0x0000005554200000,0x0000005554300000)]
  0x00000203afee0800 JavaThread "Cache worker for file hash cache (C:\Users\Yusufjon\.gradle\caches\7.4\fileHashes)" [_thread_blocked, id=12152, stack(0x0000005554300000,0x0000005554400000)]
  0x00000203afee1000 JavaThread "File watcher server" daemon [_thread_in_native, id=16700, stack(0x0000005554400000,0x0000005554500000)]
  0x00000203afedf000 JavaThread "File watcher consumer" daemon [_thread_blocked, id=18656, stack(0x0000005554500000,0x0000005554600000)]
  0x00000203afedf800 JavaThread "jar transforms" [_thread_blocked, id=19384, stack(0x0000005554600000,0x0000005554700000)]
  0x00000203afee2000 JavaThread "jar transforms Thread 2" [_thread_blocked, id=7352, stack(0x0000005554700000,0x0000005554800000)]
  0x00000203afee3000 JavaThread "jar transforms Thread 3" [_thread_blocked, id=13604, stack(0x0000005554800000,0x0000005554900000)]
  0x00000203afee3800 JavaThread "jar transforms Thread 4" [_thread_blocked, id=872, stack(0x0000005554900000,0x0000005554a00000)]
  0x00000203b0c75800 JavaThread "Cache worker for checksums cache (C:\Users\Yusufjon\AndroidStudioProjects\Quizapp\.gradle\7.4\checksums)" [_thread_blocked, id=16560, stack(0x0000005554a00000,0x0000005554b00000)]
  0x00000203b0c77000 JavaThread "Cache worker for cache directory md-rule (C:\Users\Yusufjon\.gradle\caches\7.4\md-rule)" [_thread_blocked, id=17492, stack(0x0000005554b00000,0x0000005554c00000)]
  0x00000203b0c76800 JavaThread "Cache worker for file hash cache (C:\Users\Yusufjon\AndroidStudioProjects\Quizapp\.gradle\7.4\fileHashes)" [_thread_blocked, id=10284, stack(0x0000005554c00000,0x0000005554d00000)]
  0x00000203b0c71800 JavaThread "Cache worker for cache directory md-supplier (C:\Users\Yusufjon\.gradle\caches\7.4\md-supplier)" [_thread_blocked, id=17284, stack(0x0000005554d00000,0x0000005554e00000)]
  0x00000203b0c78000 JavaThread "Cache worker for execution history cache (C:\Users\Yusufjon\.gradle\caches\7.4\executionHistory)" [_thread_blocked, id=16648, stack(0x0000005554e00000,0x0000005554f00000)]

Other Threads:
=>0x00000203accac800 VMThread "VM Thread" [stack: 0x0000005552800000,0x0000005552900000] [id=12124]
  0x00000203ad7bc800 WatcherThread [stack: 0x0000005553200000,0x0000005553300000] [id=17692]
  0x00000203930c7000 GCTaskThread "GC Thread#0" [stack: 0x0000005552300000,0x0000005552400000] [id=9860]
  0x00000203adce4800 GCTaskThread "GC Thread#1" [stack: 0x0000005553400000,0x0000005553500000] [id=19376]
  0x00000203adcf7000 GCTaskThread "GC Thread#2" [stack: 0x0000005553500000,0x0000005553600000] [id=15712]
  0x00000203ae90f800 GCTaskThread "GC Thread#3" [stack: 0x0000005553800000,0x0000005553900000] [id=17660]
  0x00000203930f9800 ConcurrentGCThread "G1 Main Marker" [stack: 0x0000005552400000,0x0000005552500000] [id=18328]
  0x00000203930fb000 ConcurrentGCThread "G1 Conc#0" [stack: 0x0000005552500000,0x0000005552600000] [id=19276]
  0x000002039318a000 ConcurrentGCThread "G1 Refine#0" [stack: 0x0000005552600000,0x0000005552700000] [id=6852]
  0x000002039318d000 ConcurrentGCThread "G1 Young RemSet Sampling" [stack: 0x0000005552700000,0x0000005552800000] [id=15284]

Threads with active compile tasks:
C2 CompilerThread0   3989 2953       4       sun.net.util.URLUtil::urlNoFragString (114 bytes)
C2 CompilerThread1   3989 2814  s!   4       jdk.internal.loader.URLClassPath::getLoader (194 bytes)

VM state:at safepoint (normal execution)

VM Mutex/Monitor currently owned by a thread:  ([mutex/lock_event])
[0x00000203930a9380] Threads_lock - owner thread: 0x00000203accac800
[0x00000203930aa4f0] Heap_lock - owner thread: 0x00000203aff6f000

Heap address: 0x0000000080000000, size: 2048 MB, Compressed Oops mode: 32-bit
Narrow klass base: 0x0000000000000000, Narrow klass shift: 3
Compressed class space size: 1073741824 Address: 0x0000000100000000

Heap:
 garbage-first heap   total 155648K, used 40851K [0x0000000080000000, 0x0000000100000000)
  region size 1024K, 2 young (2048K), 2 survivors (2048K)
 Metaspace       used 34893K, capacity 35888K, committed 35968K, reserved 1081344K
  class space    used 4603K, capacity 4960K, committed 4992K, reserved 1048576K
Heap Regions: E=young(eden), S=young(survivor), O=old, HS=humongous(starts), HC=humongous(continues), CS=collection set, F=free, A=archive, TAMS=top-at-mark-start (previous, next)
|   0|0x0000000080000000, 0x0000000080100000, 0x0000000080100000|100%|HS|  |TAMS 0x0000000080100000, 0x0000000080100000| Complete 
|   1|0x0000000080100000, 0x0000000080200000, 0x0000000080200000|100%|HC|  |TAMS 0x0000000080200000, 0x0000000080200000| Complete 
|   2|0x0000000080200000, 0x0000000080300000, 0x0000000080300000|100%|HC|  |TAMS 0x0000000080300000, 0x0000000080300000| Complete 
|   3|0x0000000080300000, 0x0000000080400000, 0x0000000080400000|100%| O|  |TAMS 0x0000000080400000, 0x0000000080400000| Untracked 
|   4|0x0000000080400000, 0x0000000080500000, 0x0000000080500000|100%| O|  |TAMS 0x0000000080500000, 0x0000000080500000| Untracked 
|   5|0x0000000080500000, 0x0000000080600000, 0x0000000080600000|100%| O|  |TAMS 0x0000000080600000, 0x0000000080600000| Untracked 
|   6|0x0000000080600000, 0x0000000080700000, 0x0000000080700000|100%| O|  |TAMS 0x0000000080700000, 0x0000000080700000| Untracked 
|   7|0x0000000080700000, 0x0000000080800000, 0x0000000080800000|100%| O|  |TAMS 0x0000000080800000, 0x0000000080800000| Untracked 
|   8|0x0000000080800000, 0x0000000080900000, 0x0000000080900000|100%| O|  |TAMS 0x0000000080900000, 0x0000000080900000| Untracked 
|   9|0x0000000080900000, 0x0000000080a00000, 0x0000000080a00000|100%| O|  |TAMS 0x0000000080a00000, 0x0000000080a00000| Untracked 
|  10|0x0000000080a00000, 0x0000000080b00000, 0x0000000080b00000|100%| O|  |TAMS 0x0000000080b00000, 0x0000000080b00000| Untracked 
|  11|0x0000000080b00000, 0x0000000080c00000, 0x0000000080c00000|100%| O|  |TAMS 0x0000000080c00000, 0x0000000080c00000| Untracked 
|  12|0x0000000080c00000, 0x0000000080d00000, 0x0000000080d00000|100%| O|  |TAMS 0x0000000080d00000, 0x0000000080d00000| Untracked 
|  13|0x0000000080d00000, 0x0000000080e00000, 0x0000000080e00000|100%| O|  |TAMS 0x0000000080e00000, 0x0000000080e00000| Untracked 
|  14|0x0000000080e00000, 0x0000000080f00000, 0x0000000080f00000|100%| O|  |TAMS 0x0000000080f00000, 0x0000000080f00000| Untracked 
|  15|0x0000000080f00000, 0x0000000081000000, 0x0000000081000000|100%| O|  |TAMS 0x0000000080f26000, 0x0000000081000000| Untracked 
|  16|0x0000000081000000, 0x0000000081100000, 0x0000000081100000|100%|HS|  |TAMS 0x0000000081000000, 0x0000000081100000| Complete 
|  17|0x0000000081100000, 0x0000000081200000, 0x0000000081200000|100%|HC|  |TAMS 0x0000000081100000, 0x0000000081200000| Complete 
|  18|0x0000000081200000, 0x0000000081300000, 0x0000000081300000|100%|HS|  |TAMS 0x0000000081200000, 0x0000000081300000| Complete 
|  19|0x0000000081300000, 0x0000000081400000, 0x0000000081400000|100%|HC|  |TAMS 0x0000000081300000, 0x0000000081400000| Complete 
|  20|0x0000000081400000, 0x0000000081500000, 0x0000000081500000|100%|HC|  |TAMS 0x0000000081400000, 0x0000000081500000| Complete 
|  21|0x0000000081500000, 0x0000000081600000, 0x0000000081600000|100%|HS|  |TAMS 0x0000000081500000, 0x0000000081600000| Complete 
|  22|0x0000000081600000, 0x0000000081700000, 0x0000000081700000|100%|HC|  |TAMS 0x0000000081600000, 0x0000000081700000| Complete 
|  23|0x0000000081700000, 0x0000000081800000, 0x0000000081800000|100%|HC|  |TAMS 0x0000000081700000, 0x0000000081800000| Complete 
|  24|0x0000000081800000, 0x0000000081900000, 0x0000000081900000|100%|HC|  |TAMS 0x0000000081800000, 0x0000000081900000| Complete 
|  25|0x0000000081900000, 0x0000000081a00000, 0x0000000081a00000|100%|HC|  |TAMS 0x0000000081900000, 0x0000000081a00000| Complete 
|  26|0x0000000081a00000, 0x0000000081b00000, 0x0000000081b00000|100%|HS|  |TAMS 0x0000000081a00000, 0x0000000081b00000| Complete 
|  27|0x0000000081b00000, 0x0000000081c00000, 0x0000000081c00000|100%|HC|  |TAMS 0x0000000081b00000, 0x0000000081c00000| Complete 
|  28|0x0000000081c00000, 0x0000000081d00000, 0x0000000081d00000|100%|HC|  |TAMS 0x0000000081c00000, 0x0000000081d00000| Complete 
|  29|0x0000000081d00000, 0x0000000081e00000, 0x0000000081e00000|100%|HS|  |TAMS 0x0000000081d00000, 0x0000000081e00000| Complete 
|  30|0x0000000081e00000, 0x0000000081f00000, 0x0000000081f00000|100%| O|  |TAMS 0x0000000081e00000, 0x0000000081f00000| Untracked 
|  31|0x0000000081f00000, 0x0000000082000000, 0x0000000082000000|100%| O|  |TAMS 0x0000000081f00000, 0x0000000082000000| Untracked 
|  32|0x0000000082000000, 0x0000000082100000, 0x0000000082100000|100%| O|  |TAMS 0x0000000082000000, 0x0000000082100000| Untracked 
|  33|0x0000000082100000, 0x0000000082200000, 0x0000000082200000|100%| O|  |TAMS 0x0000000082100000, 0x0000000082200000| Untracked 
|  34|0x0000000082200000, 0x0000000082300000, 0x0000000082300000|100%| O|  |TAMS 0x0000000082200000, 0x0000000082300000| Untracked 
|  35|0x0000000082300000, 0x0000000082400000, 0x0000000082400000|100%| O|  |TAMS 0x0000000082300000, 0x0000000082400000| Untracked 
|  36|0x0000000082400000, 0x0000000082500000, 0x0000000082500000|100%| O|  |TAMS 0x0000000082400000, 0x0000000082500000| Untracked 
|  37|0x0000000082500000, 0x0000000082600000, 0x0000000082600000|100%| O|  |TAMS 0x0000000082500000, 0x0000000082600000| Untracked 
|  38|0x0000000082600000, 0x000000008262ce00, 0x0000000082700000| 17%| O|  |TAMS 0x0000000082600000, 0x000000008262ce00| Untracked 
|  39|0x0000000082700000, 0x0000000082700000, 0x0000000082800000|  0%| F|  |TAMS 0x0000000082700000, 0x0000000082700000| Untracked 
|  40|0x0000000082800000, 0x0000000082800000, 0x0000000082900000|  0%| F|  |TAMS 0x0000000082800000, 0x0000000082800000| Untracked 
|  41|0x0000000082900000, 0x0000000082900000, 0x0000000082a00000|  0%| F|  |TAMS 0x0000000082900000, 0x0000000082900000| Untracked 
|  42|0x0000000082a00000, 0x0000000082a00000, 0x0000000082b00000|  0%| F|  |TAMS 0x0000000082a00000, 0x0000000082a00000| Untracked 
|  43|0x0000000082b00000, 0x0000000082b00000, 0x0000000082c00000|  0%| F|  |TAMS 0x0000000082b00000, 0x0000000082b00000| Untracked 
|  44|0x0000000082c00000, 0x0000000082c00000, 0x0000000082d00000|  0%| F|  |TAMS 0x0000000082c00000, 0x0000000082c00000| Untracked 
|  45|0x0000000082d00000, 0x0000000082d00000, 0x0000000082e00000|  0%| F|  |TAMS 0x0000000082d00000, 0x0000000082d00000| Untracked 
|  46|0x0000000082e00000, 0x0000000082e00000, 0x0000000082f00000|  0%| F|  |TAMS 0x0000000082e00000, 0x0000000082e00000| Untracked 
|  47|0x0000000082f00000, 0x0000000082f00000, 0x0000000083000000|  0%| F|  |TAMS 0x0000000082f00000, 0x0000000082f00000| Untracked 
|  48|0x0000000083000000, 0x0000000083000000, 0x0000000083100000|  0%| F|  |TAMS 0x0000000083000000, 0x0000000083000000| Untracked 
|  49|0x0000000083100000, 0x0000000083100000, 0x0000000083200000|  0%| F|  |TAMS 0x0000000083100000, 0x0000000083100000| Untracked 
|  50|0x0000000083200000, 0x0000000083200000, 0x0000000083300000|  0%| F|  |TAMS 0x0000000083200000, 0x0000000083200000| Untracked 
|  51|0x0000000083300000, 0x0000000083300000, 0x0000000083400000|  0%| F|  |TAMS 0x0000000083300000, 0x0000000083300000| Untracked 
|  52|0x0000000083400000, 0x0000000083400000, 0x0000000083500000|  0%| F|  |TAMS 0x0000000083400000, 0x0000000083400000| Untracked 
|  53|0x0000000083500000, 0x0000000083500000, 0x0000000083600000|  0%| F|  |TAMS 0x0000000083500000, 0x0000000083500000| Untracked 
|  54|0x0000000083600000, 0x0000000083600000, 0x0000000083700000|  0%| F|  |TAMS 0x0000000083600000, 0x0000000083600000| Untracked 
|  55|0x0000000083700000, 0x0000000083700000, 0x0000000083800000|  0%| F|  |TAMS 0x0000000083700000, 0x0000000083700000| Untracked 
|  56|0x0000000083800000, 0x0000000083800000, 0x0000000083900000|  0%| F|  |TAMS 0x0000000083800000, 0x0000000083800000| Untracked 
|  57|0x0000000083900000, 0x0000000083900000, 0x0000000083a00000|  0%| F|  |TAMS 0x0000000083900000, 0x0000000083900000| Untracked 
|  58|0x0000000083a00000, 0x0000000083a00000, 0x0000000083b00000|  0%| F|  |TAMS 0x0000000083a00000, 0x0000000083a00000| Untracked 
|  59|0x0000000083b00000, 0x0000000083b00000, 0x0000000083c00000|  0%| F|  |TAMS 0x0000000083b00000, 0x0000000083b00000| Untracked 
|  60|0x0000000083c00000, 0x0000000083c00000, 0x0000000083d00000|  0%| F|  |TAMS 0x0000000083c00000, 0x0000000083c00000| Untracked 
|  61|0x0000000083d00000, 0x0000000083d00000, 0x0000000083e00000|  0%| F|  |TAMS 0x0000000083d00000, 0x0000000083d00000| Untracked 
|  62|0x0000000083e00000, 0x0000000083e00000, 0x0000000083f00000|  0%| F|  |TAMS 0x0000000083e00000, 0x0000000083e00000| Untracked 
|  63|0x0000000083f00000, 0x0000000083f00000, 0x0000000084000000|  0%| F|  |TAMS 0x0000000083f00000, 0x0000000083f00000| Untracked 
|  64|0x0000000084000000, 0x0000000084000000, 0x0000000084100000|  0%| F|  |TAMS 0x0000000084000000, 0x0000000084000000| Untracked 
|  65|0x0000000084100000, 0x0000000084100000, 0x0000000084200000|  0%| F|  |TAMS 0x0000000084100000, 0x0000000084100000| Untracked 
|  66|0x0000000084200000, 0x0000000084200000, 0x0000000084300000|  0%| F|  |TAMS 0x0000000084200000, 0x0000000084200000| Untracked 
|  67|0x0000000084300000, 0x0000000084300000, 0x0000000084400000|  0%| F|  |TAMS 0x0000000084300000, 0x0000000084300000| Untracked 
|  68|0x0000000084400000, 0x0000000084400000, 0x0000000084500000|  0%| F|  |TAMS 0x0000000084400000, 0x0000000084400000| Untracked 
|  69|0x0000000084500000, 0x0000000084500000, 0x0000000084600000|  0%| F|  |TAMS 0x0000000084500000, 0x0000000084500000| Untracked 
|  70|0x0000000084600000, 0x0000000084600000, 0x0000000084700000|  0%| F|  |TAMS 0x0000000084600000, 0x0000000084600000| Untracked 
|  71|0x0000000084700000, 0x0000000084700000, 0x0000000084800000|  0%| F|  |TAMS 0x0000000084700000, 0x0000000084700000| Untracked 
|  72|0x0000000084800000, 0x0000000084800000, 0x0000000084900000|  0%| F|  |TAMS 0x0000000084800000, 0x0000000084800000| Untracked 
|  73|0x0000000084900000, 0x0000000084900000, 0x0000000084a00000|  0%| F|  |TAMS 0x0000000084900000, 0x0000000084900000| Untracked 
|  74|0x0000000084a00000, 0x0000000084a00000, 0x0000000084b00000|  0%| F|  |TAMS 0x0000000084a00000, 0x0000000084a00000| Untracked 
|  75|0x0000000084b00000, 0x0000000084b00000, 0x0000000084c00000|  0%| F|  |TAMS 0x0000000084b00000, 0x0000000084b00000| Untracked 
|  76|0x0000000084c00000, 0x0000000084c00000, 0x0000000084d00000|  0%| F|  |TAMS 0x0000000084c00000, 0x0000000084c00000| Untracked 
|  77|0x0000000084d00000, 0x0000000084d00000, 0x0000000084e00000|  0%| F|  |TAMS 0x0000000084d00000, 0x0000000084d00000| Untracked 
|  78|0x0000000084e00000, 0x0000000084e00000, 0x0000000084f00000|  0%| F|  |TAMS 0x0000000084e00000, 0x0000000084e00000| Untracked 
|  79|0x0000000084f00000, 0x0000000084f00000, 0x0000000085000000|  0%| F|  |TAMS 0x0000000084f00000, 0x0000000084f00000| Untracked 
|  80|0x0000000085000000, 0x0000000085000000, 0x0000000085100000|  0%| F|  |TAMS 0x0000000085000000, 0x0000000085000000| Untracked 
|  81|0x0000000085100000, 0x0000000085100000, 0x0000000085200000|  0%| F|  |TAMS 0x0000000085100000, 0x0000000085100000| Untracked 
|  82|0x0000000085200000, 0x0000000085200000, 0x0000000085300000|  0%| F|  |TAMS 0x0000000085200000, 0x0000000085200000| Untracked 
|  83|0x0000000085300000, 0x0000000085300000, 0x0000000085400000|  0%| F|  |TAMS 0x0000000085300000, 0x0000000085300000| Untracked 
|  84|0x0000000085400000, 0x0000000085400000, 0x0000000085500000|  0%| F|  |TAMS 0x0000000085400000, 0x0000000085400000| Untracked 
|  85|0x0000000085500000, 0x0000000085500000, 0x0000000085600000|  0%| F|  |TAMS 0x0000000085500000, 0x0000000085500000| Untracked 
|  86|0x0000000085600000, 0x0000000085600000, 0x0000000085700000|  0%| F|  |TAMS 0x0000000085600000, 0x0000000085600000| Untracked 
|  87|0x0000000085700000, 0x0000000085700000, 0x0000000085800000|  0%| F|  |TAMS 0x0000000085700000, 0x0000000085700000| Untracked 
|  88|0x0000000085800000, 0x0000000085800000, 0x0000000085900000|  0%| F|  |TAMS 0x0000000085800000, 0x0000000085800000| Untracked 
|  89|0x0000000085900000, 0x0000000085900000, 0x0000000085a00000|  0%| F|  |TAMS 0x0000000085900000, 0x0000000085900000| Untracked 
|  90|0x0000000085a00000, 0x0000000085a00000, 0x0000000085b00000|  0%| F|  |TAMS 0x0000000085a00000, 0x0000000085a00000| Untracked 
|  91|0x0000000085b00000, 0x0000000085b00000, 0x0000000085c00000|  0%| F|  |TAMS 0x0000000085b00000, 0x0000000085b00000| Untracked 
|  92|0x0000000085c00000, 0x0000000085c00000, 0x0000000085d00000|  0%| F|  |TAMS 0x0000000085c00000, 0x0000000085c00000| Untracked 
|  93|0x0000000085d00000, 0x0000000085d00000, 0x0000000085e00000|  0%| F|  |TAMS 0x0000000085d00000, 0x0000000085d00000| Untracked 
|  94|0x0000000085e00000, 0x0000000085e00000, 0x0000000085f00000|  0%| F|  |TAMS 0x0000000085e00000, 0x0000000085e00000| Untracked 
|  95|0x0000000085f00000, 0x0000000085f00000, 0x0000000086000000|  0%| F|  |TAMS 0x0000000085f00000, 0x0000000085f00000| Untracked 
|  96|0x0000000086000000, 0x0000000086000000, 0x0000000086100000|  0%| F|  |TAMS 0x0000000086000000, 0x0000000086000000| Untracked 
|  97|0x0000000086100000, 0x0000000086100000, 0x0000000086200000|  0%| F|  |TAMS 0x0000000086100000, 0x0000000086100000| Untracked 
|  98|0x0000000086200000, 0x0000000086200000, 0x0000000086300000|  0%| F|  |TAMS 0x0000000086200000, 0x0000000086200000| Untracked 
|  99|0x0000000086300000, 0x0000000086300000, 0x0000000086400000|  0%| F|  |TAMS 0x0000000086300000, 0x0000000086300000| Untracked 
| 100|0x0000000086400000, 0x0000000086400000, 0x0000000086500000|  0%| F|  |TAMS 0x0000000086400000, 0x0000000086400000| Untracked 
| 101|0x0000000086500000, 0x0000000086500000, 0x0000000086600000|  0%| F|  |TAMS 0x0000000086500000, 0x0000000086500000| Untracked 
| 102|0x0000000086600000, 0x0000000086600000, 0x0000000086700000|  0%| F|  |TAMS 0x0000000086600000, 0x0000000086600000| Untracked 
| 103|0x0000000086700000, 0x0000000086700000, 0x0000000086800000|  0%| F|  |TAMS 0x0000000086700000, 0x0000000086700000| Untracked 
| 104|0x0000000086800000, 0x00000000868b7f48, 0x0000000086900000| 71%| S|CS|TAMS 0x0000000086800000, 0x0000000086800000| Complete 
| 105|0x0000000086900000, 0x0000000086a00000, 0x0000000086a00000|100%| S|CS|TAMS 0x0000000086900000, 0x0000000086900000| Complete 
| 106|0x0000000086a00000, 0x0000000086a00000, 0x0000000086b00000|  0%| F|  |TAMS 0x0000000086a00000, 0x0000000086a00000| Untracked 
| 107|0x0000000086b00000, 0x0000000086b00000, 0x0000000086c00000|  0%| F|  |TAMS 0x0000000086b00000, 0x0000000086b00000| Untracked 
| 108|0x0000000086c00000, 0x0000000086c00000, 0x0000000086d00000|  0%| F|  |TAMS 0x0000000086c00000, 0x0000000086c00000| Untracked 
| 109|0x0000000086d00000, 0x0000000086d00000, 0x0000000086e00000|  0%| F|  |TAMS 0x0000000086d00000, 0x0000000086d00000| Untracked 
| 110|0x0000000086e00000, 0x0000000086e00000, 0x0000000086f00000|  0%| F|  |TAMS 0x0000000086e00000, 0x0000000086e00000| Untracked 
| 111|0x0000000086f00000, 0x0000000086f00000, 0x0000000087000000|  0%| F|  |TAMS 0x0000000086f00000, 0x0000000086f00000| Untracked 
| 112|0x0000000087000000, 0x0000000087000000, 0x0000000087100000|  0%| F|  |TAMS 0x0000000087000000, 0x0000000087000000| Untracked 
| 113|0x0000000087100000, 0x0000000087100000, 0x0000000087200000|  0%| F|  |TAMS 0x0000000087100000, 0x0000000087100000| Untracked 
| 114|0x0000000087200000, 0x0000000087200000, 0x0000000087300000|  0%| F|  |TAMS 0x0000000087200000, 0x0000000087200000| Untracked 
| 115|0x0000000087300000, 0x0000000087300000, 0x0000000087400000|  0%| F|  |TAMS 0x0000000087300000, 0x0000000087300000| Untracked 
| 116|0x0000000087400000, 0x0000000087400000, 0x0000000087500000|  0%| F|  |TAMS 0x0000000087400000, 0x0000000087400000| Untracked 
| 117|0x0000000087500000, 0x0000000087500000, 0x0000000087600000|  0%| F|  |TAMS 0x0000000087500000, 0x0000000087500000| Untracked 
| 118|0x0000000087600000, 0x0000000087600000, 0x0000000087700000|  0%| F|  |TAMS 0x0000000087600000, 0x0000000087600000| Untracked 
| 119|0x0000000087700000, 0x0000000087700000, 0x0000000087800000|  0%| F|  |TAMS 0x0000000087700000, 0x0000000087700000| Untracked 
| 120|0x0000000087800000, 0x0000000087800000, 0x0000000087900000|  0%| F|  |TAMS 0x0000000087800000, 0x0000000087800000| Untracked 
| 121|0x0000000087900000, 0x0000000087900000, 0x0000000087a00000|  0%| F|  |TAMS 0x0000000087900000, 0x0000000087900000| Untracked 
| 122|0x0000000087a00000, 0x0000000087a00000, 0x0000000087b00000|  0%| F|  |TAMS 0x0000000087a00000, 0x0000000087a00000| Untracked 
| 123|0x0000000087b00000, 0x0000000087b00000, 0x0000000087c00000|  0%| F|  |TAMS 0x0000000087b00000, 0x0000000087b00000| Untracked 
| 124|0x0000000087c00000, 0x0000000087c00000, 0x0000000087d00000|  0%| F|  |TAMS 0x0000000087c00000, 0x0000000087c00000| Untracked 
| 125|0x0000000087d00000, 0x0000000087d00000, 0x0000000087e00000|  0%| F|  |TAMS 0x0000000087d00000, 0x0000000087d00000| Untracked 

Card table byte_map: [0x00000203a5fd0000,0x00000203a63d0000] _byte_map_base: 0x00000203a5bd0000

Marking Bits (Prev, Next): (CMBitMap*) 0x00000203930f0ee0, (CMBitMap*) 0x00000203930f0ea8
 Prev Bits: [0x00000203a87d0000, 0x00000203aa7d0000)
 Next Bits: [0x00000203a67d0000, 0x00000203a87d0000)

Polling page: 0x0000020391230000

Metaspace:

Usage:
  Non-class:     30.20 MB capacity,    29.58 MB ( 98%) used,   553.21 KB (  2%) free+waste,    85.00 KB ( <1%) overhead. 
      Class:      4.84 MB capacity,     4.50 MB ( 93%) used,   314.41 KB (  6%) free+waste,    42.19 KB ( <1%) overhead. 
       Both:     35.05 MB capacity,    34.08 MB ( 97%) used,   867.62 KB (  2%) free+waste,   127.19 KB ( <1%) overhead. 

Virtual space:
  Non-class space:       32.00 MB reserved,      30.25 MB ( 95%) committed 
      Class space:        1.00 GB reserved,       4.88 MB ( <1%) committed 
             Both:        1.03 GB reserved,      35.13 MB (  3%) committed 

Chunk freelists:
   Non-Class:  48.00 KB
       Class:  0 bytes
        Both:  48.00 KB

MaxMetaspaceSize: 17179869184.00 GB
CompressedClassSpaceSize: 1.00 GB
Initial GC threshold: 20.80 MB
Current GC threshold: 35.20 MB
CDS: off

CodeHeap 'non-profiled nmethods': size=120064Kb used=1558Kb max_used=1558Kb free=118505Kb
 bounds [0x000002039e690000, 0x000002039e900000, 0x00000203a5bd0000]
CodeHeap 'profiled nmethods': size=120000Kb used=6269Kb max_used=6269Kb free=113730Kb
 bounds [0x0000020397160000, 0x0000020397780000, 0x000002039e690000]
CodeHeap 'non-nmethods': size=5696Kb used=1245Kb max_used=1288Kb free=4451Kb
 bounds [0x0000020396bd0000, 0x0000020396e40000, 0x0000020397160000]
 total_blobs=3465 nmethods=2952 adapters=425
 compilation: enabled
              stopped_count=0, restarted_count=0
 full_count=0

Compilation events (20 events):
Event: 3.961 Thread 0x00000203accdf000 2956       3       java.lang.Class::arrayContentsEq (70 bytes)
Event: 3.961 Thread 0x00000203accdf000 nmethod 2956 0x000002039777b490 code [0x000002039777b660, 0x000002039777ba58]
Event: 3.962 Thread 0x00000203accdf000 2958       3       org.codehaus.groovy.reflection.CachedMethod::compareToCachedMethod (160 bytes)
Event: 3.963 Thread 0x00000203accdf000 nmethod 2958 0x000002039777bb90 code [0x000002039777bee0, 0x000002039777d1a8]
Event: 3.963 Thread 0x00000203accdf000 2957       3       org.codehaus.groovy.reflection.CachedMethod::compareTo (25 bytes)
Event: 3.963 Thread 0x00000203accdf000 nmethod 2957 0x000002039777d990 code [0x000002039777db80, 0x000002039777dfd8]
Event: 3.963 Thread 0x00000203accdf000 2959       3       org.codehaus.groovy.reflection.CachedClass::getCachedSuperClass (11 bytes)
Event: 3.963 Thread 0x00000203accdf000 nmethod 2959 0x000002039777e110 code [0x000002039777e2e0, 0x000002039777e588]
Event: 3.964 Thread 0x00000203accdf000 2960       3       java.lang.PublicMethods$MethodList::getMostSpecific (63 bytes)
Event: 3.964 Thread 0x00000203accdf000 nmethod 2960 0x000002039777e690 code [0x000002039777e860, 0x000002039777eb68]
Event: 3.966 Thread 0x00000203accdf000 2962       1       java.lang.ClassValue$Version::promise (5 bytes)
Event: 3.966 Thread 0x00000203accdf000 nmethod 2962 0x000002039e814f90 code [0x000002039e815140, 0x000002039e8151f8]
Event: 3.966 Thread 0x00000203accdf000 2963       3       java.lang.ClassValue$Entry::isPromise (14 bytes)
Event: 3.966 Thread 0x00000203accdf000 nmethod 2963 0x000002039777ed10 code [0x000002039777eec0, 0x000002039777f018]
Event: 3.966 Thread 0x00000203accdf000 2964       3       java.lang.Throwable::<init> (34 bytes)
Event: 3.967 Thread 0x00000203accdf000 nmethod 2964 0x000002039777f090 code [0x000002039777f260, 0x000002039777f628]
Event: 3.967 Thread 0x00000203accdf000 2965       1       org.codehaus.groovy.util.ManagedConcurrentLinkedQueue::access$000 (5 bytes)
Event: 3.967 Thread 0x00000203accdf000 nmethod 2965 0x000002039e815290 code [0x000002039e815440, 0x000002039e8154d8]
Event: 3.967 Thread 0x00000203accdf000 2966       1       org.codehaus.groovy.reflection.ClassInfo::access$200 (5 bytes)
Event: 3.967 Thread 0x00000203accdf000 nmethod 2966 0x000002039e815590 code [0x000002039e815740, 0x000002039e8157d8]

GC Heap History (11 events):
Event: 0.960 GC heap before
{Heap before GC invocations=0 (full 0):
 garbage-first heap   total 129024K, used 16384K [0x0000000080000000, 0x0000000100000000)
  region size 1024K, 14 young (14336K), 0 survivors (0K)
 Metaspace       used 6744K, capacity 6929K, committed 7168K, reserved 1056768K
  class space    used 572K, capacity 650K, committed 768K, reserved 1048576K
}
Event: 0.976 GC heap after
{Heap after GC invocations=1 (full 0):
 garbage-first heap   total 129024K, used 4222K [0x0000000080000000, 0x0000000100000000)
  region size 1024K, 2 young (2048K), 2 survivors (2048K)
 Metaspace       used 6744K, capacity 6929K, committed 7168K, reserved 1056768K
  class space    used 572K, capacity 650K, committed 768K, reserved 1048576K
}
Event: 2.435 GC heap before
{Heap before GC invocations=1 (full 0):
 garbage-first heap   total 129024K, used 82046K [0x0000000080000000, 0x0000000100000000)
  region size 1024K, 75 young (76800K), 2 survivors (2048K)
 Metaspace       used 16175K, capacity 16581K, committed 16896K, reserved 1064960K
  class space    used 1817K, capacity 1935K, committed 2048K, reserved 1048576K
}
Event: 2.446 GC heap after
{Heap after GC invocations=2 (full 0):
 garbage-first heap   total 129024K, used 15529K [0x0000000080000000, 0x0000000100000000)
  region size 1024K, 10 young (10240K), 10 survivors (10240K)
 Metaspace       used 16175K, capacity 16581K, committed 16896K, reserved 1064960K
  class space    used 1817K, capacity 1935K, committed 2048K, reserved 1048576K
}
Event: 2.729 GC heap before
{Heap before GC invocations=2 (full 0):
 garbage-first heap   total 129024K, used 52393K [0x0000000080000000, 0x0000000100000000)
  region size 1024K, 47 young (48128K), 10 survivors (10240K)
 Metaspace       used 20715K, capacity 21222K, committed 21296K, reserved 1069056K
  class space    used 2512K, capacity 2665K, committed 2688K, reserved 1048576K
}
Event: 2.739 GC heap after
{Heap after GC invocations=3 (full 0):
 garbage-first heap   total 129024K, used 17446K [0x0000000080000000, 0x0000000100000000)
  region size 1024K, 2 young (2048K), 2 survivors (2048K)
 Metaspace       used 20715K, capacity 21222K, committed 21296K, reserved 1069056K
  class space    used 2512K, capacity 2665K, committed 2688K, reserved 1048576K
}
Event: 3.213 GC heap before
{Heap before GC invocations=4 (full 0):
 garbage-first heap   total 129024K, used 72742K [0x0000000080000000, 0x0000000100000000)
  region size 1024K, 56 young (57344K), 2 survivors (2048K)
 Metaspace       used 26733K, capacity 27440K, committed 27648K, reserved 1073152K
  class space    used 3476K, capacity 3727K, committed 3840K, reserved 1048576K
}
Event: 3.219 GC heap after
{Heap after GC invocations=5 (full 0):
 garbage-first heap   total 129024K, used 19336K [0x0000000080000000, 0x0000000100000000)
  region size 1024K, 4 young (4096K), 4 survivors (4096K)
 Metaspace       used 26733K, capacity 27440K, committed 27648K, reserved 1073152K
  class space    used 3476K, capacity 3727K, committed 3840K, reserved 1048576K
}
Event: 3.709 GC heap before
{Heap before GC invocations=5 (full 0):
 garbage-first heap   total 129024K, used 93064K [0x0000000080000000, 0x0000000100000000)
  region size 1024K, 63 young (64512K), 4 survivors (4096K)
 Metaspace       used 31422K, capacity 32444K, committed 32768K, reserved 1077248K
  class space    used 4185K, capacity 4537K, committed 4608K, reserved 1048576K
}
Event: 3.717 GC heap after
{Heap after GC invocations=6 (full 0):
 garbage-first heap   total 129024K, used 38470K [0x0000000080000000, 0x0000000100000000)
  region size 1024K, 8 young (8192K), 8 survivors (8192K)
 Metaspace       used 31422K, capacity 32444K, committed 32768K, reserved 1077248K
  class space    used 4185K, capacity 4537K, committed 4608K, reserved 1048576K
}
Event: 3.968 GC heap before
{Heap before GC invocations=6 (full 0):
 garbage-first heap   total 129024K, used 57926K [0x0000000080000000, 0x0000000100000000)
  region size 1024K, 28 young (28672K), 8 survivors (8192K)
 Metaspace       used 34893K, capacity 35888K, committed 35968K, reserved 1081344K
  class space    used 4603K, capacity 4960K, committed 4992K, reserved 1048576K
}

Deoptimization events (20 events):
Event: 3.817 Thread 0x00000203aff6f000 Uncommon trap: trap_request=0xffffff4d fr.pc=0x000002039e7ed658 relative=0x0000000000000e38
Event: 3.817 Thread 0x00000203aff6f000 Uncommon trap: reason=unstable_if action=reinterpret pc=0x000002039e7ed658 method=java.lang.ClassLoader.getClassLoadingLock(Ljava/lang/String;)Ljava/lang/Object; @ 6 c2
Event: 3.817 Thread 0x00000203aff6f000 DEOPT PACKING pc=0x000002039e7ed658 sp=0x0000005553df67c0
Event: 3.817 Thread 0x00000203aff6f000 DEOPT UNPACKING pc=0x0000020396bd85af sp=0x0000005553df6720 mode 2
Event: 3.846 Thread 0x00000203aff6f000 Uncommon trap: trap_request=0xffffffc6 fr.pc=0x000002039e804788 relative=0x0000000000000208
Event: 3.846 Thread 0x00000203aff6f000 Uncommon trap: reason=bimorphic_or_optimized_type_check action=maybe_recompile pc=0x000002039e804788 method=java.io.BufferedInputStream.read([BII)I @ 101 c2
Event: 3.846 Thread 0x00000203aff6f000 DEOPT PACKING pc=0x000002039e804788 sp=0x0000005553df75e0
Event: 3.846 Thread 0x00000203aff6f000 DEOPT UNPACKING pc=0x0000020396bd85af sp=0x0000005553df7598 mode 2
Event: 3.847 Thread 0x00000203aff6f000 Uncommon trap: trap_request=0xffffffc6 fr.pc=0x000002039e804788 relative=0x0000000000000208
Event: 3.847 Thread 0x00000203aff6f000 Uncommon trap: reason=bimorphic_or_optimized_type_check action=maybe_recompile pc=0x000002039e804788 method=java.io.BufferedInputStream.read([BII)I @ 101 c2
Event: 3.847 Thread 0x00000203aff6f000 DEOPT PACKING pc=0x000002039e804788 sp=0x0000005553df75e0
Event: 3.847 Thread 0x00000203aff6f000 DEOPT UNPACKING pc=0x0000020396bd85af sp=0x0000005553df7598 mode 2
Event: 3.847 Thread 0x00000203aff6f000 Uncommon trap: trap_request=0xffffffc6 fr.pc=0x000002039e804788 relative=0x0000000000000208
Event: 3.847 Thread 0x00000203aff6f000 Uncommon trap: reason=bimorphic_or_optimized_type_check action=maybe_recompile pc=0x000002039e804788 method=java.io.BufferedInputStream.read([BII)I @ 101 c2
Event: 3.847 Thread 0x00000203aff6f000 DEOPT PACKING pc=0x000002039e804788 sp=0x0000005553df75e0
Event: 3.847 Thread 0x00000203aff6f000 DEOPT UNPACKING pc=0x0000020396bd85af sp=0x0000005553df7598 mode 2
Event: 3.848 Thread 0x00000203aff6f000 Uncommon trap: trap_request=0xffffffc6 fr.pc=0x000002039e804788 relative=0x0000000000000208
Event: 3.848 Thread 0x00000203aff6f000 Uncommon trap: reason=bimorphic_or_optimized_type_check action=maybe_recompile pc=0x000002039e804788 method=java.io.BufferedInputStream.read([BII)I @ 101 c2
Event: 3.848 Thread 0x00000203aff6f000 DEOPT PACKING pc=0x000002039e804788 sp=0x0000005553df75e0
Event: 3.848 Thread 0x00000203aff6f000 DEOPT UNPACKING pc=0x0000020396bd85af sp=0x0000005553df7598 mode 2

Classes redefined (0 events):
No events

Internal exceptions (20 events):
Event: 3.369 Thread 0x00000203aff6f000 Exception <a 'java/lang/NoSuchMethodError'{0x0000000087235588}: <clinit>> (0x0000000087235588) thrown at [./src/hotspot/share/prims/jni.cpp, line 1366]
Event: 3.369 Thread 0x00000203aff6f000 Exception <a 'java/lang/NoSuchMethodError'{0x0000000087236818}: <clinit>> (0x0000000087236818) thrown at [./src/hotspot/share/prims/jni.cpp, line 1366]
Event: 3.385 Thread 0x00000203aff6f000 Exception <a 'java/lang/NoSuchMethodError'{0x0000000087097c08}: 'java.lang.Object java.lang.invoke.Invokers$Holder.linkToTargetMethod(java.lang.Object, int, java.lang.Object)'> (0x0000000087097c08) thrown at [./src/hotspot/share/interpreter/linkResolver.cpp, line 773]
Event: 3.515 Thread 0x00000203aff6f000 Exception <a 'java/lang/NoSuchMethodError'{0x0000000085d8ad58}: 'java.lang.Object java.lang.invoke.DirectMethodHandle$Holder.invokeSpecialIFC(java.lang.Object, java.lang.Object, java.lang.Object, java.lang.Object)'> (0x0000000085d8ad58) thrown at [./src/hotspot/share/interpreter/linkResolver.cpp, line 773]
Event: 3.577 Thread 0x00000203aff6f000 Implicit null exception at 0x000002039e77ddf5 to 0x000002039e77dfbc
Event: 3.577 Thread 0x00000203aff6f000 Implicit null exception at 0x000002039e6ab72f to 0x000002039e6ab79d
Event: 3.609 Thread 0x00000203aff6f000 Exception <a 'java/lang/NoSuchMethodError'{0x0000000085236198}: 'java.lang.Object java.lang.invoke.DirectMethodHandle$Holder.invokeSpecial(java.lang.Object, java.lang.Object, java.lang.Object, java.lang.Object, java.lang.Object, java.lang.Object, java.lang.Object, java.lang.Object, java.lang.Object, java.lang.Object, java.lang.Object, java.lang.Object, java.lang.Object)'> (0x0000000085236198) thrown at [./src/hotspot/share/interpreter/linkResolver.cpp, line 773]
Event: 3.610 Thread 0x00000203aff6f000 Exception <a 'java/lang/NoSuchMethodError'{0x00000000852472a0}: 'java.lang.Object java.lang.invoke.DirectMethodHandle$Holder.invokeSpecial(java.lang.Object, java.lang.Object, java.lang.Object, java.lang.Object, java.lang.Object, java.lang.Object, java.lang.Object, java.lang.Object, java.lang.Object, java.lang.Object, java.lang.Object, java.lang.Object)'> (0x00000000852472a0) thrown at [./src/hotspot/share/interpreter/linkResolver.cpp, line 773]
Event: 3.610 Thread 0x00000203aff6f000 Exception <a 'java/lang/NoSuchMethodError'{0x000000008524c670}: 'java.lang.Object java.lang.invoke.Invokers$Holder.linkToTargetMethod(java.lang.Object, java.lang.Object, java.lang.Object, java.lang.Object, java.lang.Object, java.lang.Object, java.lang.Object, java.lang.Object, java.lang.Object, java.lang.Object, java.lang.Object)'> (0x000000008524c670) thrown at [./src/hotspot/share/interpreter/linkResolver.cpp, line 773]
Event: 3.613 Thread 0x00000203aff6f000 Exception <a 'java/lang/NoSuchMethodError'{0x00000000852eed10}: 'java.lang.Object java.lang.invoke.DirectMethodHandle$Holder.invokeSpecial(java.lang.Object, java.lang.Object, java.lang.Object, java.lang.Object, java.lang.Object, java.lang.Object, java.lang.Object, java.lang.Object, java.lang.Object, java.lang.Object, java.lang.Object, java.lang.Object, java.lang.Object, java.lang.Object)'> (0x00000000852eed10) thrown at [./src/hotspot/share/interpreter/linkResolver.cpp, line 773]
Event: 3.613 Thread 0x00000203aff6f000 Exception <a 'java/lang/NoSuchMethodError'{0x0000000085100ae8}: 'java.lang.Object java.lang.invoke.Invokers$Holder.linkToTargetMethod(java.lang.Object, java.lang.Object, java.lang.Object, java.lang.Object, java.lang.Object, java.lang.Object, java.lang.Object, java.lang.Object, java.lang.Object, java.lang.Object, java.lang.Object, java.lang.Object)'> (0x0000000085100ae8) thrown at [./src/hotspot/share/interpreter/linkResolver.cpp, line 773]
Event: 3.622 Thread 0x00000203aff6f000 Exception <a 'java/lang/NoSuchMethodError'{0x00000000851edb48}: 'java.lang.Object java.lang.invoke.DirectMethodHandle$Holder.invokeStaticInit(java.lang.Object, java.lang.Object, java.lang.Object, java.lang.Object)'> (0x00000000851edb48) thrown at [./src/hotspot/share/interpreter/linkResolver.cpp, line 773]
Event: 3.675 Thread 0x00000203aff6f000 Exception <a 'java/lang/NoSuchMethodError'{0x00000000848b6e28}: 'java.lang.Object java.lang.invoke.Invokers$Holder.linkToTargetMethod(java.lang.Object, java.lang.Object, java.lang.Object, java.lang.Object, java.lang.Object, java.lang.Object, java.lang.Object, java.lang.Object)'> (0x00000000848b6e28) thrown at [./src/hotspot/share/interpreter/linkResolver.cpp, line 773]
Event: 3.677 Thread 0x00000203aff6f000 Exception <a 'java/lang/NoSuchMethodError'{0x000000008470e170}: 'java.lang.Object java.lang.invoke.Invokers$Holder.linkToTargetMethod(java.lang.Object, java.lang.Object, java.lang.Object, java.lang.Object, java.lang.Object, java.lang.Object, java.lang.Object)'> (0x000000008470e170) thrown at [./src/hotspot/share/interpreter/linkResolver.cpp, line 773]
Event: 3.680 Thread 0x00000203aff6f000 Exception <a 'java/lang/IncompatibleClassChangeError'{0x00000000847651f8}: Found class java.lang.Object, but interface was expected> (0x00000000847651f8) thrown at [./src/hotspot/share/interpreter/linkResolver.cpp, line 839]
Event: 3.798 Thread 0x00000203aff6f000 Exception <a 'java/lang/NoSuchMethodError'{0x00000000874723d8}: 'int java.lang.invoke.DirectMethodHandle$Holder.invokeStatic(java.lang.Object, java.lang.Object, java.lang.Object, java.lang.Object, java.lang.Object)'> (0x00000000874723d8) thrown at [./src/hotspot/share/interpreter/linkResolver.cpp, line 773]
Event: 3.892 Thread 0x00000203aff6f000 Exception <a 'java/lang/NoSuchMethodError'{0x0000000086ef1d80}: 'void java.lang.invoke.DirectMethodHandle$Holder.invokeStaticInit(java.lang.Object, java.lang.Object, java.lang.Object)'> (0x0000000086ef1d80) thrown at [./src/hotspot/share/interpreter/linkResolver.cpp, line 773]
Event: 3.892 Thread 0x00000203aff6f000 Exception <a 'java/lang/NoSuchMethodError'{0x0000000086ef9280}: 'void java.lang.invoke.DirectMethodHandle$Holder.invokeStaticInit(java.lang.Object, java.lang.Object, java.lang.Object, java.lang.Object)'> (0x0000000086ef9280) thrown at [./src/hotspot/share/interpreter/linkResolver.cpp, line 773]
Event: 3.895 Thread 0x00000203aff6f000 Exception <a 'java/lang/NoSuchMethodError'{0x0000000086d1c3c8}: 'void java.lang.invoke.DirectMethodHandle$Holder.invokeStaticInit(java.lang.Object, java.lang.Object, java.lang.Object, java.lang.Object, java.lang.Object)'> (0x0000000086d1c3c8) thrown at [./src/hotspot/share/interpreter/linkResolver.cpp, line 773]
Event: 3.922 Thread 0x00000203aff6f000 Exception <a 'java/lang/NoSuchMethodError'{0x0000000086d94958}: 'int java.lang.invoke.DirectMethodHandle$Holder.invokeStaticInit(java.lang.Object, java.lang.Object, java.lang.Object, java.lang.Object)'> (0x0000000086d94958) thrown at [./src/hotspot/share/interpreter/linkResolver.cpp, line 773]

Events (20 events):
Event: 3.962 loading class java/util/function/ToIntFunction
Event: 3.962 loading class java/util/function/ToIntFunction done
Event: 3.962 loading class java/util/function/ToLongFunction
Event: 3.962 loading class java/util/function/ToLongFunction done
Event: 3.962 loading class java/util/function/ToDoubleFunction
Event: 3.962 loading class java/util/function/ToDoubleFunction done
Event: 3.964 loading class org/codehaus/groovy/runtime/RangeInfo
Event: 3.964 loading class org/codehaus/groovy/runtime/RangeInfo done
Event: 3.964 loading class org/codehaus/groovy/reflection/CachedClass
Event: 3.964 loading class org/codehaus/groovy/reflection/CachedClass done
Event: 3.965 loading class org/codehaus/groovy/runtime/metaclass/NewInstanceMetaMethod
Event: 3.965 loading class org/codehaus/groovy/runtime/metaclass/NewInstanceMetaMethod done
Event: 3.965 loading class org/codehaus/groovy/runtime/metaclass/NewMetaMethod
Event: 3.965 loading class org/codehaus/groovy/runtime/metaclass/NewMetaMethod done
Event: 3.965 loading class org/codehaus/groovy/runtime/metaclass/ReflectionMetaMethod
Event: 3.965 loading class org/codehaus/groovy/runtime/metaclass/ReflectionMetaMethod done
Event: 3.967 loading class org/codehaus/groovy/runtime/DefaultGroovyStaticMethods
Event: 3.967 loading class org/codehaus/groovy/runtime/DefaultGroovyStaticMethods done
Event: 3.968 loading class java/time/ZoneId
Event: 3.968 Executing VM operation: CollectForMetadataAllocation


Dynamic libraries:
0x00007ff6e8810000 - 0x00007ff6e881a000 	C:\Program Files\Android\Android Studio\jre\bin\java.exe
0x00007ffca7b80000 - 0x00007ffca7d89000 	C:\Windows\SYSTEM32\ntdll.dll
0x00007ffca63e0000 - 0x00007ffca649e000 	C:\Windows\System32\KERNEL32.DLL
0x00007ffca50d0000 - 0x00007ffca544b000 	C:\Windows\System32\KERNELBASE.dll
0x00007ffca5690000 - 0x00007ffca57a1000 	C:\Windows\System32\ucrtbase.dll
0x00007ffc86a10000 - 0x00007ffc86a29000 	C:\Program Files\Android\Android Studio\jre\bin\jli.dll
0x00007ffc80980000 - 0x00007ffc80997000 	C:\Program Files\Android\Android Studio\jre\bin\VCRUNTIME140.dll
0x00007ffca6870000 - 0x00007ffca6a1d000 	C:\Windows\System32\USER32.dll
0x00007ffca4220000 - 0x00007ffca44c5000 	C:\Windows\WinSxS\amd64_microsoft.windows.common-controls_6595b64144ccf1df_6.0.22000.120_none_9d947278b86cc467\COMCTL32.dll
0x00007ffca7290000 - 0x00007ffca7333000 	C:\Windows\System32\msvcrt.dll
0x00007ffca5450000 - 0x00007ffca5476000 	C:\Windows\System32\win32u.dll
0x00007ffca6e70000 - 0x00007ffca6e99000 	C:\Windows\System32\GDI32.dll
0x00007ffca58e0000 - 0x00007ffca59f8000 	C:\Windows\System32\gdi32full.dll
0x00007ffca55f0000 - 0x00007ffca568d000 	C:\Windows\System32\msvcp_win.dll
0x00007ffca6aa0000 - 0x00007ffca6ad2000 	C:\Windows\System32\IMM32.DLL
0x00007ffc7a0c0000 - 0x00007ffc7a15d000 	C:\Program Files\Android\Android Studio\jre\bin\msvcp140.dll
0x00007ffc63f00000 - 0x00007ffc64a02000 	C:\Program Files\Android\Android Studio\jre\bin\server\jvm.dll
0x00007ffca7030000 - 0x00007ffca70de000 	C:\Windows\System32\ADVAPI32.dll
0x00007ffca7170000 - 0x00007ffca720e000 	C:\Windows\System32\sechost.dll
0x00007ffca6ea0000 - 0x00007ffca6fc0000 	C:\Windows\System32\RPCRT4.dll
0x00007ffca6860000 - 0x00007ffca6868000 	C:\Windows\System32\PSAPI.DLL
0x00007ffc727a0000 - 0x00007ffc727a9000 	C:\Windows\SYSTEM32\WSOCK32.dll
0x00007ffca7ad0000 - 0x00007ffca7b3f000 	C:\Windows\System32\WS2_32.dll
0x00007ffc9b030000 - 0x00007ffc9b063000 	C:\Windows\SYSTEM32\WINMM.dll
0x00007ffc9a440000 - 0x00007ffc9a44a000 	C:\Windows\SYSTEM32\VERSION.dll
0x00007ffca3f70000 - 0x00007ffca3f88000 	C:\Windows\SYSTEM32\kernel.appcore.dll
0x00007ffca0680000 - 0x00007ffca0691000 	C:\Program Files\Android\Android Studio\jre\bin\verify.dll
0x00007ffca4930000 - 0x00007ffca4b51000 	C:\Windows\SYSTEM32\DBGHELP.DLL
0x00007ffca4870000 - 0x00007ffca48a1000 	C:\Windows\SYSTEM32\dbgcore.DLL
0x00007ffca5050000 - 0x00007ffca50cf000 	C:\Windows\System32\bcryptPrimitives.dll
0x00007ffc975a0000 - 0x00007ffc975c9000 	C:\Program Files\Android\Android Studio\jre\bin\java.dll
0x00007ffca15f0000 - 0x00007ffca15fb000 	C:\Program Files\Android\Android Studio\jre\bin\jimage.dll
0x00007ffc97bd0000 - 0x00007ffc97be8000 	C:\Program Files\Android\Android Studio\jre\bin\zip.dll
0x00007ffca5c20000 - 0x00007ffca63d7000 	C:\Windows\System32\SHELL32.dll
0x00007ffca2ac0000 - 0x00007ffca3325000 	C:\Windows\SYSTEM32\windows.storage.dll
0x00007ffca6ae0000 - 0x00007ffca6e58000 	C:\Windows\System32\combase.dll
0x00007ffca2950000 - 0x00007ffca2ab6000 	C:\Windows\SYSTEM32\wintypes.dll
0x00007ffca5b30000 - 0x00007ffca5c1a000 	C:\Windows\System32\SHCORE.dll
0x00007ffca6fd0000 - 0x00007ffca702d000 	C:\Windows\System32\shlwapi.dll
0x00007ffca4f80000 - 0x00007ffca4fa1000 	C:\Windows\SYSTEM32\profapi.dll
0x00007ffc938d0000 - 0x00007ffc938ea000 	C:\Program Files\Android\Android Studio\jre\bin\net.dll
0x00007ffc9d620000 - 0x00007ffc9d734000 	C:\Windows\SYSTEM32\WINHTTP.dll
0x00007ffca3fb0000 - 0x00007ffca4017000 	C:\Windows\system32\mswsock.dll
0x00007ffc938b0000 - 0x00007ffc938c4000 	C:\Program Files\Android\Android Studio\jre\bin\nio.dll
0x00007ffc93860000 - 0x00007ffc93887000 	C:\Users\Yusufjon\.gradle\native\e1d6ef7f7dcc3fd88c89a11ec53ec762bb8ba0a96d01ffa2cd45eb1d1d8dd5c5\windows-amd64\native-platform.dll
0x00007ffc65ff0000 - 0x00007ffc66134000 	C:\Users\Yusufjon\.gradle\native\0d407fdbe67a94daf76414ababcb853783967236a71b16ec16e742cd7a986fd3\windows-amd64\native-platform-file-events.dll
0x00007ffc9f4b0000 - 0x00007ffc9f4ba000 	C:\Program Files\Android\Android Studio\jre\bin\management.dll
0x00007ffc9a050000 - 0x00007ffc9a05d000 	C:\Program Files\Android\Android Studio\jre\bin\management_ext.dll
0x00007ffca4d00000 - 0x00007ffca4d18000 	C:\Windows\SYSTEM32\CRYPTSP.dll
0x00007ffca3cc0000 - 0x00007ffca3cf5000 	C:\Windows\system32\rsaenh.dll
0x00007ffca4020000 - 0x00007ffca4049000 	C:\Windows\SYSTEM32\USERENV.dll
0x00007ffca4ba0000 - 0x00007ffca4bc7000 	C:\Windows\SYSTEM32\bcrypt.dll
0x00007ffca4170000 - 0x00007ffca417c000 	C:\Windows\SYSTEM32\CRYPTBASE.dll
0x00007ffca3580000 - 0x00007ffca35ad000 	C:\Windows\SYSTEM32\IPHLPAPI.DLL
0x00007ffca6e60000 - 0x00007ffca6e69000 	C:\Windows\System32\NSI.dll
0x00007ffc97610000 - 0x00007ffc97629000 	C:\Windows\SYSTEM32\dhcpcsvc6.DLL
0x00007ffc97780000 - 0x00007ffc9779e000 	C:\Windows\SYSTEM32\dhcpcsvc.DLL
0x00007ffca35b0000 - 0x00007ffca3698000 	C:\Windows\SYSTEM32\DNSAPI.dll

dbghelp: loaded successfully - version: 4.0.5 - missing functions: none
symbol engine: initialized successfully - sym options: 0x614 - pdb path: .;C:\Program Files\Android\Android Studio\jre\bin;C:\Windows\SYSTEM32;C:\Windows\WinSxS\amd64_microsoft.windows.common-controls_6595b64144ccf1df_6.0.22000.120_none_9d947278b86cc467;C:\Program Files\Android\Android Studio\jre\bin\server;C:\Users\Yusufjon\.gradle\native\e1d6ef7f7dcc3fd88c89a11ec53ec762bb8ba0a96d01ffa2cd45eb1d1d8dd5c5\windows-amd64;C:\Users\Yusufjon\.gradle\native\0d407fdbe67a94daf76414ababcb853783967236a71b16ec16e742cd7a986fd3\windows-amd64

VM Arguments:
jvm_args: --add-opens=java.base/java.util=ALL-UNNAMED --add-opens=java.base/java.lang=ALL-UNNAMED --add-opens=java.base/java.lang.invoke=ALL-UNNAMED --add-opens=java.base/java.util=ALL-UNNAMED --add-opens=java.prefs/java.util.prefs=ALL-UNNAMED --add-opens=java.prefs/java.util.prefs=ALL-UNNAMED --add-opens=java.base/java.nio.charset=ALL-UNNAMED --add-opens=java.base/java.net=ALL-UNNAMED --add-opens=java.base/java.util.concurrent.atomic=ALL-UNNAMED -Xmx2048m -Dfile.encoding=UTF-8 -Duser.country=RU -Duser.language=ru -Duser.variant 
java_command: org.gradle.launcher.daemon.bootstrap.GradleDaemon 7.4
java_class_path (initial): C:\Users\Yusufjon\.gradle\wrapper\dists\gradle-7.4-bin\c0gwcg53nkjbqw7r0h0umtfvt\gradle-7.4\lib\gradle-launcher-7.4.jar
Launcher Type: SUN_STANDARD

[Global flags]
     intx CICompilerCount                          = 3                                         {product} {ergonomic}
     uint ConcGCThreads                            = 1                                         {product} {ergonomic}
     uint G1ConcRefinementThreads                  = 4                                         {product} {ergonomic}
   size_t G1HeapRegionSize                         = 1048576                                   {product} {ergonomic}
    uintx GCDrainStackTargetSize                   = 64                                        {product} {ergonomic}
   size_t InitialHeapSize                          = 132120576                                 {product} {ergonomic}
   size_t MarkStackSize                            = 4194304                                   {product} {ergonomic}
   size_t MaxHeapSize                              = 2147483648                                {product} {command line}
   size_t MaxNewSize                               = 1287651328                                {product} {ergonomic}
   size_t MinHeapDeltaBytes                        = 1048576                                   {product} {ergonomic}
    uintx NonNMethodCodeHeapSize                   = 5830732                                {pd product} {ergonomic}
    uintx NonProfiledCodeHeapSize                  = 122913754                              {pd product} {ergonomic}
    uintx ProfiledCodeHeapSize                     = 122913754                              {pd product} {ergonomic}
    uintx ReservedCodeCacheSize                    = 251658240                              {pd product} {ergonomic}
     bool SegmentedCodeCache                       = true                                      {product} {ergonomic}
     bool UseCompressedClassPointers               = true                                 {lp64_product} {ergonomic}
     bool UseCompressedOops                        = true                                 {lp64_product} {ergonomic}
     bool UseG1GC                                  = true                                      {product} {ergonomic}
     bool UseLargePagesIndividualAllocation        = false                                  {pd product} {ergonomic}

Logging:
Log output configuration:
 #0: stdout all=warning uptime,level,tags
 #1: stderr all=off uptime,level,tags

Environment Variables:
PATH=C:\Program Files\Common Files\Oracle\Java\javapath;C:\Windows\system32;C:\Windows;C:\Windows\System32\Wbem;C:\Windows\System32\WindowsPowerShell\v1.0\;C:\Windows\System32\OpenSSH\;C:\Program Files\Git\cmd;C:\Program Files\MySQL\MySQL Shell 8.0\bin\;C:\Users\Yusufjon\AppData\Local\Microsoft\WindowsApps;C:\Users\Yusufjon\AppData\Local\GitHubDesktop\bin
USERNAME=Yusufjon
OS=Windows_NT
PROCESSOR_IDENTIFIER=Intel64 Family 6 Model 140 Stepping 1, GenuineIntel



---------------  S Y S T E M  ---------------

OS: Windows 11 , 64 bit Build 22000 (10.0.22000.1335)
OS uptime: 0 days 14:33 hours

CPU:total 4 (initial active 4) (2 cores per cpu, 2 threads per core) family 6 model 140 stepping 1 microcode 0x66, cmov, cx8, fxsr, mmx, sse, sse2, sse3, ssse3, sse4.1, sse4.2, popcnt, avx, avx2, aes, clmul, erms, 3dnowpref, lzcnt, ht, tsc, tscinvbit, bmi1, bmi2, adx, evex, sha, fma

Memory: 4k page, system-wide physical 7991M (1008M free)
TotalPageFile size 10462M (AvailPageFile size 12M)
current process WorkingSet (physical memory assigned to process): 265M, peak: 265M
current process commit charge ("private bytes"): 300M, peak: 324M

vm_info: OpenJDK 64-Bit Server VM (11.0.13+0-b1751.21-8125866) for windows-amd64 JRE (11.0.13+0-b1751.21-8125866), built on Feb  2 2022 03:00:22 by "builder" with MS VC++ 14.0 (VS2015)

END.
