#
# There is insufficient memory for the Java Runtime Environment to continue.
# Native memory allocation (malloc) failed to allocate 1372336 bytes for Chunk::new
# Possible reasons:
#   The system is out of physical RAM or swap space
#   The process is running with CompressedOops enabled, and the Java Heap may be blocking the growth of the native heap
# Possible solutions:
#   Reduce memory load on the system
#   Increase physical memory or swap space
#   Check if swap backing store is full
#   Decrease Java heap size (-Xmx/-Xms)
#   Decrease number of Java threads
#   Decrease Java thread stack sizes (-Xss)
#   Set larger code cache with -XX:ReservedCodeCacheSize=
#   JVM is running with Unscaled Compressed Oops mode in which the Java heap is
#     placed in the first 4GB address space. The Java Heap base address is the
#     maximum limit for the native heap growth. Please use -XX:HeapBaseMinAddress
#     to set the Java Heap base and to place the Java Heap above 4GB virtual address.
# This output file may be truncated or incomplete.
#
#  Out of Memory Error (./src/hotspot/share/memory/arena.cpp:197), pid=3100, tid=17920
#
# JRE version: OpenJDK Runtime Environment (11.0.13) (build 11.0.13+0-b1751.21-8125866)
# Java VM: OpenJDK 64-Bit Server VM (11.0.13+0-b1751.21-8125866, mixed mode, tiered, compressed oops, g1 gc, windows-amd64)
# No core dump will be written. Minidumps are not enabled by default on client versions of Windows
#

---------------  S U M M A R Y ------------

Command Line: --add-opens=java.base/java.util=ALL-UNNAMED --add-opens=java.base/java.lang=ALL-UNNAMED --add-opens=java.base/java.lang.invoke=ALL-UNNAMED --add-opens=java.base/java.util=ALL-UNNAMED --add-opens=java.prefs/java.util.prefs=ALL-UNNAMED --add-opens=java.prefs/java.util.prefs=ALL-UNNAMED --add-opens=java.base/java.nio.charset=ALL-UNNAMED --add-opens=java.base/java.net=ALL-UNNAMED --add-opens=java.base/java.util.concurrent.atomic=ALL-UNNAMED -Xmx2048m -Dfile.encoding=UTF-8 -Duser.country=RU -Duser.language=ru -Duser.variant org.gradle.launcher.daemon.bootstrap.GradleDaemon 7.4

Host: 11th Gen Intel(R) Core(TM) i3-1115G4 @ 3.00GHz, 4 cores, 7G,  Windows 11 , 64 bit Build 22000 (10.0.22000.1335)
Time: Wed Feb  1 13:59:56 2023 ???????? ???? (????) elapsed time: 1.906451 seconds (0d 0h 0m 1s)

---------------  T H R E A D  ---------------

Current thread (0x0000025439e69800):  JavaThread "C2 CompilerThread1" daemon [_thread_in_native, id=17920, stack(0x000000a297100000,0x000000a297200000)]


Current CompileTask:
C2:   1906 1935   !   4       java.lang.ClassLoader::loadClass (122 bytes)

Stack: [0x000000a297100000,0x000000a297200000]
Native frames: (J=compiled Java code, j=interpreted, Vv=VM code, C=native code)
V  [jvm.dll+0x6100fa]
V  [jvm.dll+0x747090]
V  [jvm.dll+0x7486ad]
V  [jvm.dll+0x748d83]
V  [jvm.dll+0x24ab48]
V  [jvm.dll+0xc04dc]
V  [jvm.dll+0xc0a0c]
V  [jvm.dll+0x35eb9d]
V  [jvm.dll+0x19d9bc]
V  [jvm.dll+0x2033be]
V  [jvm.dll+0x202437]
V  [jvm.dll+0x188e01]
V  [jvm.dll+0x21106b]
V  [jvm.dll+0x20f8c1]
V  [jvm.dll+0x70de0f]
V  [jvm.dll+0x706a75]
V  [jvm.dll+0x60ed66]
C  [ucrtbase.dll+0x26c0c]
C  [KERNEL32.DLL+0x155a0]
C  [ntdll.dll+0x485b]


---------------  P R O C E S S  ---------------

Threads class SMR info:
_java_thread_list=0x000002543c47f790, length=24, elements={
0x000002541f573800, 0x0000025439174000, 0x0000025439177000, 0x0000025439b12800,
0x0000025439b13800, 0x0000025439196800, 0x0000025439199800, 0x00000254391a0000,
0x00000254391aa000, 0x0000025439c5d800, 0x0000025439e69800, 0x000002543bd40000,
0x000002543bf9c800, 0x0000025439f38800, 0x000002543a8ef800, 0x000002543a826800,
0x000002543c63b800, 0x000002543c9a6000, 0x000002543ae68800, 0x000002543bb70000,
0x000002543bb71000, 0x000002543c497000, 0x000002543b64a800, 0x000002543c515800
}

Java Threads: ( => current thread )
  0x000002541f573800 JavaThread "main" [_thread_blocked, id=17404, stack(0x000000a296000000,0x000000a296100000)]
  0x0000025439174000 JavaThread "Reference Handler" daemon [_thread_blocked, id=7216, stack(0x000000a296700000,0x000000a296800000)]
  0x0000025439177000 JavaThread "Finalizer" daemon [_thread_blocked, id=17496, stack(0x000000a296800000,0x000000a296900000)]
  0x0000025439b12800 JavaThread "Signal Dispatcher" daemon [_thread_blocked, id=17876, stack(0x000000a296900000,0x000000a296a00000)]
  0x0000025439b13800 JavaThread "Attach Listener" daemon [_thread_blocked, id=17464, stack(0x000000a296a00000,0x000000a296b00000)]
  0x0000025439196800 JavaThread "Service Thread" daemon [_thread_blocked, id=18888, stack(0x000000a296b00000,0x000000a296c00000)]
  0x0000025439199800 JavaThread "C2 CompilerThread0" daemon [_thread_in_native, id=12068, stack(0x000000a296c00000,0x000000a296d00000)]
  0x00000254391a0000 JavaThread "C1 CompilerThread0" daemon [_thread_blocked, id=3756, stack(0x000000a296d00000,0x000000a296e00000)]
  0x00000254391aa000 JavaThread "Sweeper thread" daemon [_thread_blocked, id=15300, stack(0x000000a296e00000,0x000000a296f00000)]
  0x0000025439c5d800 JavaThread "Common-Cleaner" daemon [_thread_blocked, id=17560, stack(0x000000a296f00000,0x000000a297000000)]
=>0x0000025439e69800 JavaThread "C2 CompilerThread1" daemon [_thread_in_native, id=17920, stack(0x000000a297100000,0x000000a297200000)]
  0x000002543bd40000 JavaThread "Daemon health stats" [_thread_blocked, id=2272, stack(0x000000a297400000,0x000000a297500000)]
  0x000002543bf9c800 JavaThread "Incoming local TCP Connector on port 14628" [_thread_in_native, id=19368, stack(0x000000a297500000,0x000000a297600000)]
  0x0000025439f38800 JavaThread "Daemon periodic checks" [_thread_blocked, id=17360, stack(0x000000a297700000,0x000000a297800000)]
  0x000002543a8ef800 JavaThread "Daemon" [_thread_blocked, id=13964, stack(0x000000a297800000,0x000000a297900000)]
  0x000002543a826800 JavaThread "Handler for socket connection from /127.0.0.1:14628 to /127.0.0.1:14629" [_thread_in_native, id=15600, stack(0x000000a297900000,0x000000a297a00000)]
  0x000002543c63b800 JavaThread "Cancel handler" [_thread_blocked, id=13388, stack(0x000000a297a00000,0x000000a297b00000)]
  0x000002543c9a6000 JavaThread "Daemon worker" [_thread_in_Java, id=4868, stack(0x000000a297b00000,0x000000a297c00000)]
  0x000002543ae68800 JavaThread "Asynchronous log dispatcher for DefaultDaemonConnection: socket connection from /127.0.0.1:14628 to /127.0.0.1:14629" [_thread_blocked, id=17912, stack(0x000000a297c00000,0x000000a297d00000)]
  0x000002543bb70000 JavaThread "Stdin handler" [_thread_blocked, id=16920, stack(0x000000a297d00000,0x000000a297e00000)]
  0x000002543bb71000 JavaThread "Daemon client event forwarder" [_thread_blocked, id=1424, stack(0x000000a297e00000,0x000000a297f00000)]
  0x000002543c497000 JavaThread "Cache worker for journal cache (C:\Users\Yusufjon\.gradle\caches\journal-1)" [_thread_blocked, id=4680, stack(0x000000a297f00000,0x000000a298000000)]
  0x000002543b64a800 JavaThread "File lock request listener" [_thread_in_native, id=15532, stack(0x000000a298000000,0x000000a298100000)]
  0x000002543c515800 JavaThread "Cache worker for file hash cache (C:\Users\Yusufjon\.gradle\caches\7.4\fileHashes)" [_thread_blocked, id=15992, stack(0x000000a298100000,0x000000a298200000)]

Other Threads:
  0x0000025439171000 VMThread "VM Thread" [stack: 0x000000a296600000,0x000000a296700000] [id=2212]
  0x0000025439ca4800 WatcherThread [stack: 0x000000a297000000,0x000000a297100000] [id=13288]
  0x000002541f588000 GCTaskThread "GC Thread#0" [stack: 0x000000a296100000,0x000000a296200000] [id=16228]
  0x000002543a700800 GCTaskThread "GC Thread#1" [stack: 0x000000a297200000,0x000000a297300000] [id=10572]
  0x000002543a838000 GCTaskThread "GC Thread#2" [stack: 0x000000a297300000,0x000000a297400000] [id=10996]
  0x000002543aa1a800 GCTaskThread "GC Thread#3" [stack: 0x000000a297600000,0x000000a297700000] [id=14120]
  0x000002541f5ba800 ConcurrentGCThread "G1 Main Marker" [stack: 0x000000a296200000,0x000000a296300000] [id=18072]
  0x000002541f5bb800 ConcurrentGCThread "G1 Conc#0" [stack: 0x000000a296300000,0x000000a296400000] [id=17512]
  0x000002541f64b800 ConcurrentGCThread "G1 Refine#0" [stack: 0x000000a296400000,0x000000a296500000] [id=16248]
  0x0000025438fc0800 ConcurrentGCThread "G1 Young RemSet Sampling" [stack: 0x000000a296500000,0x000000a296600000] [id=14232]

Threads with active compile tasks:
C2 CompilerThread0   1915 1997       4       java.net.URLClassLoader$1::run (5 bytes)
C1 CompilerThread0   1915 2035       3       sun.reflect.generics.factory.CoreReflectionFactory::<init> (15 bytes)
C2 CompilerThread1   1915 1935   !   4       java.lang.ClassLoader::loadClass (122 bytes)

VM state:not at safepoint (normal execution)

VM Mutex/Monitor currently owned by a thread: None

Heap address: 0x0000000080000000, size: 2048 MB, Compressed Oops mode: 32-bit
Narrow klass base: 0x0000000000000000, Narrow klass shift: 3
Compressed class space size: 1073741824 Address: 0x0000000100000000

Heap:
 garbage-first heap   total 129024K, used 44980K [0x0000000080000000, 0x0000000100000000)
  region size 1024K, 30 young (30720K), 2 survivors (2048K)
 Metaspace       used 23387K, capacity 23973K, committed 24192K, reserved 1071104K
  class space    used 2963K, capacity 3185K, committed 3200K, reserved 1048576K
Heap Regions: E=young(eden), S=young(survivor), O=old, HS=humongous(starts), HC=humongous(continues), CS=collection set, F=free, A=archive, TAMS=top-at-mark-start (previous, next)
|   0|0x0000000080000000, 0x0000000080100000, 0x0000000080100000|100%|HS|  |TAMS 0x0000000080100000, 0x0000000080000000| Complete 
|   1|0x0000000080100000, 0x0000000080200000, 0x0000000080200000|100%|HC|  |TAMS 0x0000000080200000, 0x0000000080100000| Complete 
|   2|0x0000000080200000, 0x0000000080300000, 0x0000000080300000|100%|HC|  |TAMS 0x0000000080300000, 0x0000000080200000| Complete 
|   3|0x0000000080300000, 0x0000000080400000, 0x0000000080400000|100%| O|  |TAMS 0x0000000080400000, 0x0000000080300000| Untracked 
|   4|0x0000000080400000, 0x0000000080500000, 0x0000000080500000|100%| O|  |TAMS 0x0000000080500000, 0x0000000080400000| Untracked 
|   5|0x0000000080500000, 0x0000000080600000, 0x0000000080600000|100%| O|  |TAMS 0x0000000080600000, 0x0000000080500000| Untracked 
|   6|0x0000000080600000, 0x0000000080700000, 0x0000000080700000|100%| O|  |TAMS 0x0000000080700000, 0x0000000080600000| Untracked 
|   7|0x0000000080700000, 0x0000000080800000, 0x0000000080800000|100%| O|  |TAMS 0x0000000080800000, 0x0000000080700000| Untracked 
|   8|0x0000000080800000, 0x0000000080900000, 0x0000000080900000|100%| O|  |TAMS 0x0000000080900000, 0x0000000080800000| Untracked 
|   9|0x0000000080900000, 0x0000000080a00000, 0x0000000080a00000|100%| O|  |TAMS 0x0000000080a00000, 0x0000000080900000| Untracked 
|  10|0x0000000080a00000, 0x0000000080b00000, 0x0000000080b00000|100%| O|  |TAMS 0x0000000080b00000, 0x0000000080a00000| Untracked 
|  11|0x0000000080b00000, 0x0000000080c00000, 0x0000000080c00000|100%| O|  |TAMS 0x0000000080c00000, 0x0000000080b00000| Untracked 
|  12|0x0000000080c00000, 0x0000000080d00000, 0x0000000080d00000|100%| O|  |TAMS 0x0000000080d00000, 0x0000000080c00000| Untracked 
|  13|0x0000000080d00000, 0x0000000080e00000, 0x0000000080e00000|100%| O|  |TAMS 0x0000000080e00000, 0x0000000080d00000| Untracked 
|  14|0x0000000080e00000, 0x0000000080f00000, 0x0000000080f00000|100%| O|  |TAMS 0x0000000080f00000, 0x0000000080e00000| Untracked 
|  15|0x0000000080f00000, 0x0000000080f36200, 0x0000000081000000| 21%| O|  |TAMS 0x0000000080f36200, 0x0000000080f00000| Untracked 
|  16|0x0000000081000000, 0x0000000081000000, 0x0000000081100000|  0%| F|  |TAMS 0x0000000081000000, 0x0000000081000000| Untracked 
|  17|0x0000000081100000, 0x0000000081100000, 0x0000000081200000|  0%| F|  |TAMS 0x0000000081100000, 0x0000000081100000| Untracked 
|  18|0x0000000081200000, 0x0000000081200000, 0x0000000081300000|  0%| F|  |TAMS 0x0000000081200000, 0x0000000081200000| Untracked 
|  19|0x0000000081300000, 0x0000000081300000, 0x0000000081400000|  0%| F|  |TAMS 0x0000000081300000, 0x0000000081300000| Untracked 
|  20|0x0000000081400000, 0x0000000081400000, 0x0000000081500000|  0%| F|  |TAMS 0x0000000081400000, 0x0000000081400000| Untracked 
|  21|0x0000000081500000, 0x0000000081500000, 0x0000000081600000|  0%| F|  |TAMS 0x0000000081500000, 0x0000000081500000| Untracked 
|  22|0x0000000081600000, 0x0000000081600000, 0x0000000081700000|  0%| F|  |TAMS 0x0000000081600000, 0x0000000081600000| Untracked 
|  23|0x0000000081700000, 0x0000000081700000, 0x0000000081800000|  0%| F|  |TAMS 0x0000000081700000, 0x0000000081700000| Untracked 
|  24|0x0000000081800000, 0x0000000081800000, 0x0000000081900000|  0%| F|  |TAMS 0x0000000081800000, 0x0000000081800000| Untracked 
|  25|0x0000000081900000, 0x0000000081900000, 0x0000000081a00000|  0%| F|  |TAMS 0x0000000081900000, 0x0000000081900000| Untracked 
|  26|0x0000000081a00000, 0x0000000081a00000, 0x0000000081b00000|  0%| F|  |TAMS 0x0000000081a00000, 0x0000000081a00000| Untracked 
|  27|0x0000000081b00000, 0x0000000081b00000, 0x0000000081c00000|  0%| F|  |TAMS 0x0000000081b00000, 0x0000000081b00000| Untracked 
|  28|0x0000000081c00000, 0x0000000081c00000, 0x0000000081d00000|  0%| F|  |TAMS 0x0000000081c00000, 0x0000000081c00000| Untracked 
|  29|0x0000000081d00000, 0x0000000081d00000, 0x0000000081e00000|  0%| F|  |TAMS 0x0000000081d00000, 0x0000000081d00000| Untracked 
|  30|0x0000000081e00000, 0x0000000081e00000, 0x0000000081f00000|  0%| F|  |TAMS 0x0000000081e00000, 0x0000000081e00000| Untracked 
|  31|0x0000000081f00000, 0x0000000081f00000, 0x0000000082000000|  0%| F|  |TAMS 0x0000000081f00000, 0x0000000081f00000| Untracked 
|  32|0x0000000082000000, 0x0000000082000000, 0x0000000082100000|  0%| F|  |TAMS 0x0000000082000000, 0x0000000082000000| Untracked 
|  33|0x0000000082100000, 0x0000000082100000, 0x0000000082200000|  0%| F|  |TAMS 0x0000000082100000, 0x0000000082100000| Untracked 
|  34|0x0000000082200000, 0x0000000082200000, 0x0000000082300000|  0%| F|  |TAMS 0x0000000082200000, 0x0000000082200000| Untracked 
|  35|0x0000000082300000, 0x0000000082300000, 0x0000000082400000|  0%| F|  |TAMS 0x0000000082300000, 0x0000000082300000| Untracked 
|  36|0x0000000082400000, 0x0000000082400000, 0x0000000082500000|  0%| F|  |TAMS 0x0000000082400000, 0x0000000082400000| Untracked 
|  37|0x0000000082500000, 0x0000000082500000, 0x0000000082600000|  0%| F|  |TAMS 0x0000000082500000, 0x0000000082500000| Untracked 
|  38|0x0000000082600000, 0x0000000082600000, 0x0000000082700000|  0%| F|  |TAMS 0x0000000082600000, 0x0000000082600000| Untracked 
|  39|0x0000000082700000, 0x0000000082700000, 0x0000000082800000|  0%| F|  |TAMS 0x0000000082700000, 0x0000000082700000| Untracked 
|  40|0x0000000082800000, 0x0000000082800000, 0x0000000082900000|  0%| F|  |TAMS 0x0000000082800000, 0x0000000082800000| Untracked 
|  41|0x0000000082900000, 0x0000000082900000, 0x0000000082a00000|  0%| F|  |TAMS 0x0000000082900000, 0x0000000082900000| Untracked 
|  42|0x0000000082a00000, 0x0000000082a00000, 0x0000000082b00000|  0%| F|  |TAMS 0x0000000082a00000, 0x0000000082a00000| Untracked 
|  43|0x0000000082b00000, 0x0000000082b00000, 0x0000000082c00000|  0%| F|  |TAMS 0x0000000082b00000, 0x0000000082b00000| Untracked 
|  44|0x0000000082c00000, 0x0000000082c00000, 0x0000000082d00000|  0%| F|  |TAMS 0x0000000082c00000, 0x0000000082c00000| Untracked 
|  45|0x0000000082d00000, 0x0000000082d00000, 0x0000000082e00000|  0%| F|  |TAMS 0x0000000082d00000, 0x0000000082d00000| Untracked 
|  46|0x0000000082e00000, 0x0000000082e00000, 0x0000000082f00000|  0%| F|  |TAMS 0x0000000082e00000, 0x0000000082e00000| Untracked 
|  47|0x0000000082f00000, 0x0000000082f00000, 0x0000000083000000|  0%| F|  |TAMS 0x0000000082f00000, 0x0000000082f00000| Untracked 
|  48|0x0000000083000000, 0x0000000083000000, 0x0000000083100000|  0%| F|  |TAMS 0x0000000083000000, 0x0000000083000000| Untracked 
|  49|0x0000000083100000, 0x0000000083100000, 0x0000000083200000|  0%| F|  |TAMS 0x0000000083100000, 0x0000000083100000| Untracked 
|  50|0x0000000083200000, 0x0000000083200000, 0x0000000083300000|  0%| F|  |TAMS 0x0000000083200000, 0x0000000083200000| Untracked 
|  51|0x0000000083300000, 0x0000000083300000, 0x0000000083400000|  0%| F|  |TAMS 0x0000000083300000, 0x0000000083300000| Untracked 
|  52|0x0000000083400000, 0x0000000083400000, 0x0000000083500000|  0%| F|  |TAMS 0x0000000083400000, 0x0000000083400000| Untracked 
|  53|0x0000000083500000, 0x0000000083500000, 0x0000000083600000|  0%| F|  |TAMS 0x0000000083500000, 0x0000000083500000| Untracked 
|  54|0x0000000083600000, 0x0000000083600000, 0x0000000083700000|  0%| F|  |TAMS 0x0000000083600000, 0x0000000083600000| Untracked 
|  55|0x0000000083700000, 0x0000000083700000, 0x0000000083800000|  0%| F|  |TAMS 0x0000000083700000, 0x0000000083700000| Untracked 
|  56|0x0000000083800000, 0x0000000083800000, 0x0000000083900000|  0%| F|  |TAMS 0x0000000083800000, 0x0000000083800000| Untracked 
|  57|0x0000000083900000, 0x0000000083900000, 0x0000000083a00000|  0%| F|  |TAMS 0x0000000083900000, 0x0000000083900000| Untracked 
|  58|0x0000000083a00000, 0x0000000083a00000, 0x0000000083b00000|  0%| F|  |TAMS 0x0000000083a00000, 0x0000000083a00000| Untracked 
|  59|0x0000000083b00000, 0x0000000083b00000, 0x0000000083c00000|  0%| F|  |TAMS 0x0000000083b00000, 0x0000000083b00000| Untracked 
|  60|0x0000000083c00000, 0x0000000083c00000, 0x0000000083d00000|  0%| F|  |TAMS 0x0000000083c00000, 0x0000000083c00000| Untracked 
|  61|0x0000000083d00000, 0x0000000083d00000, 0x0000000083e00000|  0%| F|  |TAMS 0x0000000083d00000, 0x0000000083d00000| Untracked 
|  62|0x0000000083e00000, 0x0000000083e00000, 0x0000000083f00000|  0%| F|  |TAMS 0x0000000083e00000, 0x0000000083e00000| Untracked 
|  63|0x0000000083f00000, 0x0000000083f00000, 0x0000000084000000|  0%| F|  |TAMS 0x0000000083f00000, 0x0000000083f00000| Untracked 
|  64|0x0000000084000000, 0x0000000084000000, 0x0000000084100000|  0%| F|  |TAMS 0x0000000084000000, 0x0000000084000000| Untracked 
|  65|0x0000000084100000, 0x0000000084100000, 0x0000000084200000|  0%| F|  |TAMS 0x0000000084100000, 0x0000000084100000| Untracked 
|  66|0x0000000084200000, 0x0000000084200000, 0x0000000084300000|  0%| F|  |TAMS 0x0000000084200000, 0x0000000084200000| Untracked 
|  67|0x0000000084300000, 0x0000000084300000, 0x0000000084400000|  0%| F|  |TAMS 0x0000000084300000, 0x0000000084300000| Untracked 
|  68|0x0000000084400000, 0x0000000084400000, 0x0000000084500000|  0%| F|  |TAMS 0x0000000084400000, 0x0000000084400000| Untracked 
|  69|0x0000000084500000, 0x0000000084500000, 0x0000000084600000|  0%| F|  |TAMS 0x0000000084500000, 0x0000000084500000| Untracked 
|  70|0x0000000084600000, 0x0000000084600000, 0x0000000084700000|  0%| F|  |TAMS 0x0000000084600000, 0x0000000084600000| Untracked 
|  71|0x0000000084700000, 0x0000000084700000, 0x0000000084800000|  0%| F|  |TAMS 0x0000000084700000, 0x0000000084700000| Untracked 
|  72|0x0000000084800000, 0x0000000084800000, 0x0000000084900000|  0%| F|  |TAMS 0x0000000084800000, 0x0000000084800000| Untracked 
|  73|0x0000000084900000, 0x0000000084900000, 0x0000000084a00000|  0%| F|  |TAMS 0x0000000084900000, 0x0000000084900000| Untracked 
|  74|0x0000000084a00000, 0x0000000084a00000, 0x0000000084b00000|  0%| F|  |TAMS 0x0000000084a00000, 0x0000000084a00000| Untracked 
|  75|0x0000000084b00000, 0x0000000084b00000, 0x0000000084c00000|  0%| F|  |TAMS 0x0000000084b00000, 0x0000000084b00000| Untracked 
|  76|0x0000000084c00000, 0x0000000084c00000, 0x0000000084d00000|  0%| F|  |TAMS 0x0000000084c00000, 0x0000000084c00000| Untracked 
|  77|0x0000000084d00000, 0x0000000084d00000, 0x0000000084e00000|  0%| F|  |TAMS 0x0000000084d00000, 0x0000000084d00000| Untracked 
|  78|0x0000000084e00000, 0x0000000084e00000, 0x0000000084f00000|  0%| F|  |TAMS 0x0000000084e00000, 0x0000000084e00000| Untracked 
|  79|0x0000000084f00000, 0x0000000084f00000, 0x0000000085000000|  0%| F|  |TAMS 0x0000000084f00000, 0x0000000084f00000| Untracked 
|  80|0x0000000085000000, 0x0000000085000000, 0x0000000085100000|  0%| F|  |TAMS 0x0000000085000000, 0x0000000085000000| Untracked 
|  81|0x0000000085100000, 0x0000000085100000, 0x0000000085200000|  0%| F|  |TAMS 0x0000000085100000, 0x0000000085100000| Untracked 
|  82|0x0000000085200000, 0x0000000085200000, 0x0000000085300000|  0%| F|  |TAMS 0x0000000085200000, 0x0000000085200000| Untracked 
|  83|0x0000000085300000, 0x0000000085300000, 0x0000000085400000|  0%| F|  |TAMS 0x0000000085300000, 0x0000000085300000| Untracked 
|  84|0x0000000085400000, 0x0000000085400000, 0x0000000085500000|  0%| F|  |TAMS 0x0000000085400000, 0x0000000085400000| Untracked 
|  85|0x0000000085500000, 0x0000000085500000, 0x0000000085600000|  0%| F|  |TAMS 0x0000000085500000, 0x0000000085500000| Untracked 
|  86|0x0000000085600000, 0x0000000085600000, 0x0000000085700000|  0%| F|  |TAMS 0x0000000085600000, 0x0000000085600000| Untracked 
|  87|0x0000000085700000, 0x0000000085700000, 0x0000000085800000|  0%| F|  |TAMS 0x0000000085700000, 0x0000000085700000| Untracked 
|  88|0x0000000085800000, 0x0000000085800000, 0x0000000085900000|  0%| F|  |TAMS 0x0000000085800000, 0x0000000085800000| Untracked 
|  89|0x0000000085900000, 0x0000000085900000, 0x0000000085a00000|  0%| F|  |TAMS 0x0000000085900000, 0x0000000085900000| Untracked 
|  90|0x0000000085a00000, 0x0000000085a00000, 0x0000000085b00000|  0%| F|  |TAMS 0x0000000085a00000, 0x0000000085a00000| Untracked 
|  91|0x0000000085b00000, 0x0000000085b00000, 0x0000000085c00000|  0%| F|  |TAMS 0x0000000085b00000, 0x0000000085b00000| Untracked 
|  92|0x0000000085c00000, 0x0000000085c00000, 0x0000000085d00000|  0%| F|  |TAMS 0x0000000085c00000, 0x0000000085c00000| Untracked 
|  93|0x0000000085d00000, 0x0000000085d00000, 0x0000000085e00000|  0%| F|  |TAMS 0x0000000085d00000, 0x0000000085d00000| Untracked 
|  94|0x0000000085e00000, 0x0000000085e00000, 0x0000000085f00000|  0%| F|  |TAMS 0x0000000085e00000, 0x0000000085e00000| Untracked 
|  95|0x0000000085f00000, 0x0000000085f00000, 0x0000000086000000|  0%| F|  |TAMS 0x0000000085f00000, 0x0000000085f00000| Untracked 
|  96|0x0000000086000000, 0x0000000086100000, 0x0000000086100000|100%| E|  |TAMS 0x0000000086000000, 0x0000000086000000| Complete 
|  97|0x0000000086100000, 0x0000000086200000, 0x0000000086200000|100%| E|CS|TAMS 0x0000000086100000, 0x0000000086100000| Complete 
|  98|0x0000000086200000, 0x0000000086300000, 0x0000000086300000|100%| E|CS|TAMS 0x0000000086200000, 0x0000000086200000| Complete 
|  99|0x0000000086300000, 0x0000000086400000, 0x0000000086400000|100%| E|CS|TAMS 0x0000000086300000, 0x0000000086300000| Complete 
| 100|0x0000000086400000, 0x0000000086500000, 0x0000000086500000|100%| E|CS|TAMS 0x0000000086400000, 0x0000000086400000| Complete 
| 101|0x0000000086500000, 0x0000000086600000, 0x0000000086600000|100%| E|CS|TAMS 0x0000000086500000, 0x0000000086500000| Complete 
| 102|0x0000000086600000, 0x0000000086700000, 0x0000000086700000|100%| E|CS|TAMS 0x0000000086600000, 0x0000000086600000| Complete 
| 103|0x0000000086700000, 0x0000000086800000, 0x0000000086800000|100%| E|CS|TAMS 0x0000000086700000, 0x0000000086700000| Complete 
| 104|0x0000000086800000, 0x0000000086900000, 0x0000000086900000|100%| E|CS|TAMS 0x0000000086800000, 0x0000000086800000| Complete 
| 105|0x0000000086900000, 0x0000000086a00000, 0x0000000086a00000|100%| E|CS|TAMS 0x0000000086900000, 0x0000000086900000| Complete 
| 106|0x0000000086a00000, 0x0000000086b00000, 0x0000000086b00000|100%| E|CS|TAMS 0x0000000086a00000, 0x0000000086a00000| Complete 
| 107|0x0000000086b00000, 0x0000000086c00000, 0x0000000086c00000|100%| E|CS|TAMS 0x0000000086b00000, 0x0000000086b00000| Complete 
| 108|0x0000000086c00000, 0x0000000086d00000, 0x0000000086d00000|100%| E|CS|TAMS 0x0000000086c00000, 0x0000000086c00000| Complete 
| 109|0x0000000086d00000, 0x0000000086e00000, 0x0000000086e00000|100%| E|CS|TAMS 0x0000000086d00000, 0x0000000086d00000| Complete 
| 110|0x0000000086e00000, 0x0000000086f00000, 0x0000000086f00000|100%| E|CS|TAMS 0x0000000086e00000, 0x0000000086e00000| Complete 
| 111|0x0000000086f00000, 0x0000000087000000, 0x0000000087000000|100%| E|CS|TAMS 0x0000000086f00000, 0x0000000086f00000| Complete 
| 112|0x0000000087000000, 0x0000000087100000, 0x0000000087100000|100%| E|CS|TAMS 0x0000000087000000, 0x0000000087000000| Complete 
| 113|0x0000000087100000, 0x0000000087200000, 0x0000000087200000|100%| E|CS|TAMS 0x0000000087100000, 0x0000000087100000| Complete 
| 114|0x0000000087200000, 0x0000000087300000, 0x0000000087300000|100%| E|CS|TAMS 0x0000000087200000, 0x0000000087200000| Complete 
| 115|0x0000000087300000, 0x00000000873b70d0, 0x0000000087400000| 71%| S|CS|TAMS 0x0000000087300000, 0x0000000087300000| Complete 
| 116|0x0000000087400000, 0x0000000087500000, 0x0000000087500000|100%| S|CS|TAMS 0x0000000087400000, 0x0000000087400000| Complete 
| 117|0x0000000087500000, 0x0000000087600000, 0x0000000087600000|100%| E|CS|TAMS 0x0000000087500000, 0x0000000087500000| Complete 
| 118|0x0000000087600000, 0x0000000087700000, 0x0000000087700000|100%| E|CS|TAMS 0x0000000087600000, 0x0000000087600000| Complete 
| 119|0x0000000087700000, 0x0000000087800000, 0x0000000087800000|100%| E|CS|TAMS 0x0000000087700000, 0x0000000087700000| Complete 
| 120|0x0000000087800000, 0x0000000087900000, 0x0000000087900000|100%| E|CS|TAMS 0x0000000087800000, 0x0000000087800000| Complete 
| 121|0x0000000087900000, 0x0000000087a00000, 0x0000000087a00000|100%| E|CS|TAMS 0x0000000087900000, 0x0000000087900000| Complete 
| 122|0x0000000087a00000, 0x0000000087b00000, 0x0000000087b00000|100%| E|CS|TAMS 0x0000000087a00000, 0x0000000087a00000| Complete 
| 123|0x0000000087b00000, 0x0000000087c00000, 0x0000000087c00000|100%| E|CS|TAMS 0x0000000087b00000, 0x0000000087b00000| Complete 
| 124|0x0000000087c00000, 0x0000000087d00000, 0x0000000087d00000|100%| E|CS|TAMS 0x0000000087c00000, 0x0000000087c00000| Complete 
| 125|0x0000000087d00000, 0x0000000087e00000, 0x0000000087e00000|100%| E|CS|TAMS 0x0000000087d00000, 0x0000000087d00000| Complete 

Card table byte_map: [0x0000025432490000,0x0000025432890000] _byte_map_base: 0x0000025432090000

Marking Bits (Prev, Next): (CMBitMap*) 0x000002541f5b1ca0, (CMBitMap*) 0x000002541f5b1c68
 Prev Bits: [0x0000025434c90000, 0x0000025436c90000)
 Next Bits: [0x0000025432c90000, 0x0000025434c90000)

Polling page: 0x000002541ed50000

Metaspace:

Usage:
  Non-class:     20.31 MB capacity,    19.96 MB ( 98%) used,   310.50 KB (  1%) free+waste,    41.56 KB ( <1%) overhead. 
      Class:      3.11 MB capacity,     2.90 MB ( 93%) used,   198.09 KB (  6%) free+waste,    20.81 KB ( <1%) overhead. 
       Both:     23.42 MB capacity,    22.86 MB ( 98%) used,   508.59 KB (  2%) free+waste,    62.38 KB ( <1%) overhead. 

Virtual space:
  Non-class space:       22.00 MB reserved,      20.50 MB ( 93%) committed 
      Class space:        1.00 GB reserved,       3.13 MB ( <1%) committed 
             Both:        1.02 GB reserved,      23.63 MB (  2%) committed 

Chunk freelists:
   Non-Class:  5.00 KB
       Class:  13.00 KB
        Both:  18.00 KB

MaxMetaspaceSize: 17179869184.00 GB
CompressedClassSpaceSize: 1.00 GB
Initial GC threshold: 20.80 MB
Current GC threshold: 35.20 MB
CDS: off

CodeHeap 'non-profiled nmethods': size=120064Kb used=1050Kb max_used=1050Kb free=119013Kb
 bounds [0x000002542ab50000, 0x000002542adc0000, 0x0000025432090000]
CodeHeap 'profiled nmethods': size=120000Kb used=4262Kb max_used=4262Kb free=115737Kb
 bounds [0x0000025423620000, 0x0000025423a50000, 0x000002542ab50000]
CodeHeap 'non-nmethods': size=5696Kb used=1216Kb max_used=1241Kb free=4480Kb
 bounds [0x0000025423090000, 0x0000025423300000, 0x0000025423620000]
 total_blobs=2513 nmethods=2030 adapters=395
 compilation: enabled
              stopped_count=0, restarted_count=0
 full_count=0

Compilation events (20 events):
Event: 1.892 Thread 0x00000254391a0000 2013       3       java.lang.reflect.Constructor::newInstance (76 bytes)
Event: 1.893 Thread 0x00000254391a0000 nmethod 2013 0x0000025423a3bf10 code [0x0000025423a3c120, 0x0000025423a3c558]
Event: 1.893 Thread 0x00000254391a0000 2012       3       jdk.internal.reflect.NativeConstructorAccessorImpl::newInstance (89 bytes)
Event: 1.894 Thread 0x00000254391a0000 nmethod 2012 0x0000025423a3c710 code [0x0000025423a3c9c0, 0x0000025423a3d838]
Event: 1.894 Thread 0x00000254391a0000 2014       3       sun.reflect.generics.parser.SignatureParser::init (16 bytes)
Event: 1.894 Thread 0x00000254391a0000 nmethod 2014 0x0000025423a3dd10 code [0x0000025423a3dec0, 0x0000025423a3e018]
Event: 1.894 Thread 0x00000254391a0000 2015       3       sun.reflect.annotation.AnnotationType::getInstance (65 bytes)
Event: 1.894 Thread 0x00000254391a0000 nmethod 2015 0x0000025423a3e090 code [0x0000025423a3e2a0, 0x0000025423a3e888]
Event: 1.894 Thread 0x00000254391a0000 2018       3       java.lang.System$2::getAnnotationType (5 bytes)
Event: 1.894 Thread 0x00000254391a0000 nmethod 2018 0x0000025423a3eb10 code [0x0000025423a3ecc0, 0x0000025423a3edd8]
Event: 1.894 Thread 0x00000254391a0000 2016       3       java.util.Objects::hashCode (13 bytes)
Event: 1.894 Thread 0x00000254391a0000 nmethod 2016 0x0000025423a3ee90 code [0x0000025423a3f060, 0x0000025423a3f268]
Event: 1.894 Thread 0x00000254391a0000 2011       3       java.lang.invoke.TypeConvertingMethodAdapter::cast (42 bytes)
Event: 1.894 Thread 0x00000254391a0000 nmethod 2011 0x0000025423a3f310 code [0x0000025423a3f520, 0x0000025423a3f988]
Event: 1.894 Thread 0x00000254391a0000 2020       3       java.lang.invoke.VarHandleGuards::guard_LL_V (103 bytes)
Event: 1.896 Thread 0x00000254391a0000 nmethod 2020 0x0000025423a3fb10 code [0x0000025423a3fe80, 0x0000025423a41928]
Event: 1.896 Thread 0x00000254391a0000 2019       1       jdk.internal.reflect.ClassFileAssembler::getStack (5 bytes)
Event: 1.896 Thread 0x00000254391a0000 nmethod 2019 0x000002542ac56590 code [0x000002542ac56740, 0x000002542ac567f8]
Event: 1.896 Thread 0x00000254391a0000 2022       3       java.lang.invoke.VarHandleObjects$FieldInstanceReadWrite::set (30 bytes)
Event: 1.896 Thread 0x00000254391a0000 nmethod 2022 0x0000025423a42210 code [0x0000025423a42440, 0x0000025423a42b48]

GC Heap History (8 events):
Event: 0.325 GC heap before
{Heap before GC invocations=0 (full 0):
 garbage-first heap   total 129024K, used 16384K [0x0000000080000000, 0x0000000100000000)
  region size 1024K, 14 young (14336K), 0 survivors (0K)
 Metaspace       used 6717K, capacity 6925K, committed 7168K, reserved 1056768K
  class space    used 572K, capacity 650K, committed 768K, reserved 1048576K
}
Event: 0.328 GC heap after
{Heap after GC invocations=1 (full 0):
 garbage-first heap   total 129024K, used 4549K [0x0000000080000000, 0x0000000100000000)
  region size 1024K, 2 young (2048K), 2 survivors (2048K)
 Metaspace       used 6717K, capacity 6925K, committed 7168K, reserved 1056768K
  class space    used 572K, capacity 650K, committed 768K, reserved 1048576K
}
Event: 1.414 GC heap before
{Heap before GC invocations=1 (full 0):
 garbage-first heap   total 129024K, used 82373K [0x0000000080000000, 0x0000000100000000)
  region size 1024K, 75 young (76800K), 2 survivors (2048K)
 Metaspace       used 16110K, capacity 16513K, committed 16640K, reserved 1064960K
  class space    used 1815K, capacity 1935K, committed 2048K, reserved 1048576K
}
Event: 1.423 GC heap after
{Heap after GC invocations=2 (full 0):
 garbage-first heap   total 129024K, used 16194K [0x0000000080000000, 0x0000000100000000)
  region size 1024K, 10 young (10240K), 10 survivors (10240K)
 Metaspace       used 16110K, capacity 16513K, committed 16640K, reserved 1064960K
  class space    used 1815K, capacity 1935K, committed 2048K, reserved 1048576K
}
Event: 1.648 GC heap before
{Heap before GC invocations=2 (full 0):
 garbage-first heap   total 129024K, used 44866K [0x0000000080000000, 0x0000000100000000)
  region size 1024K, 38 young (38912K), 10 survivors (10240K)
 Metaspace       used 19810K, capacity 20250K, committed 20480K, reserved 1067008K
  class space    used 2392K, capacity 2555K, committed 2560K, reserved 1048576K
}
Event: 1.657 GC heap after
{Heap after GC invocations=3 (full 0):
 garbage-first heap   total 129024K, used 17286K [0x0000000080000000, 0x0000000100000000)
  region size 1024K, 2 young (2048K), 2 survivors (2048K)
 Metaspace       used 19810K, capacity 20250K, committed 20480K, reserved 1067008K
  class space    used 2392K, capacity 2555K, committed 2560K, reserved 1048576K
}
Event: 1.719 GC heap before
{Heap before GC invocations=3 (full 0):
 garbage-first heap   total 129024K, used 25478K [0x0000000080000000, 0x0000000100000000)
  region size 1024K, 11 young (11264K), 2 survivors (2048K)
 Metaspace       used 20670K, capacity 21154K, committed 21296K, reserved 1069056K
  class space    used 2511K, capacity 2665K, committed 2688K, reserved 1048576K
}
Event: 1.723 GC heap after
{Heap after GC invocations=4 (full 0):
 garbage-first heap   total 129024K, used 17332K [0x0000000080000000, 0x0000000100000000)
  region size 1024K, 2 young (2048K), 2 survivors (2048K)
 Metaspace       used 20670K, capacity 21154K, committed 21296K, reserved 1069056K
  class space    used 2511K, capacity 2665K, committed 2688K, reserved 1048576K
}

Deoptimization events (20 events):
Event: 1.734 Thread 0x000002543c9a6000 Uncommon trap: trap_request=0xffffffc6 fr.pc=0x000002542abcd424 relative=0x0000000000000084
Event: 1.734 Thread 0x000002543c9a6000 Uncommon trap: reason=bimorphic_or_optimized_type_check action=maybe_recompile pc=0x000002542abcd424 method=java.util.AbstractList$Itr.hasNext()Z @ 8 c2
Event: 1.734 Thread 0x000002543c9a6000 DEOPT PACKING pc=0x000002542abcd424 sp=0x000000a297bfaaf0
Event: 1.734 Thread 0x000002543c9a6000 DEOPT UNPACKING pc=0x00000254230985af sp=0x000000a297bfaa88 mode 2
Event: 1.734 Thread 0x000002543c9a6000 Uncommon trap: trap_request=0xffffffc6 fr.pc=0x000002542abd26d4 relative=0x0000000000000114
Event: 1.734 Thread 0x000002543c9a6000 Uncommon trap: reason=bimorphic_or_optimized_type_check action=maybe_recompile pc=0x000002542abd26d4 method=java.util.AbstractList$Itr.next()Ljava/lang/Object; @ 14 c2
Event: 1.734 Thread 0x000002543c9a6000 DEOPT PACKING pc=0x000002542abd26d4 sp=0x000000a297bfaae0
Event: 1.734 Thread 0x000002543c9a6000 DEOPT UNPACKING pc=0x00000254230985af sp=0x000000a297bfaa78 mode 2
Event: 1.735 Thread 0x000002543c9a6000 Uncommon trap: trap_request=0xffffff4d fr.pc=0x000002542abc5a04 relative=0x00000000000005c4
Event: 1.735 Thread 0x000002543c9a6000 Uncommon trap: reason=unstable_if action=reinterpret pc=0x000002542abc5a04 method=java.io.File.getName()Ljava/lang/String; @ 16 c2
Event: 1.735 Thread 0x000002543c9a6000 DEOPT PACKING pc=0x000002542abc5a04 sp=0x000000a297bfb4c0
Event: 1.735 Thread 0x000002543c9a6000 DEOPT UNPACKING pc=0x00000254230985af sp=0x000000a297bfb490 mode 2
Event: 1.735 Thread 0x000002543c9a6000 Uncommon trap: trap_request=0xffffff4d fr.pc=0x000002542abc4b34 relative=0x0000000000000474
Event: 1.735 Thread 0x000002543c9a6000 Uncommon trap: reason=unstable_if action=reinterpret pc=0x000002542abc4b34 method=java.lang.String.substring(I)Ljava/lang/String; @ 34 c2
Event: 1.735 Thread 0x000002543c9a6000 DEOPT PACKING pc=0x000002542abc4b34 sp=0x000000a297bfb440
Event: 1.735 Thread 0x000002543c9a6000 DEOPT UNPACKING pc=0x00000254230985af sp=0x000000a297bfb418 mode 2
Event: 1.800 Thread 0x000002543c9a6000 Uncommon trap: trap_request=0xffffff4d fr.pc=0x000002542ac36198 relative=0x0000000000000398
Event: 1.800 Thread 0x000002543c9a6000 Uncommon trap: reason=unstable_if action=reinterpret pc=0x000002542ac36198 method=jdk.internal.org.objectweb.asm.Type.getArgumentsAndReturnSizes(Ljava/lang/String;)I @ 88 c2
Event: 1.800 Thread 0x000002543c9a6000 DEOPT PACKING pc=0x000002542ac36198 sp=0x000000a297bf9a10
Event: 1.800 Thread 0x000002543c9a6000 DEOPT UNPACKING pc=0x00000254230985af sp=0x000000a297bf9998 mode 2

Classes redefined (0 events):
No events

Internal exceptions (20 events):
Event: 0.992 Thread 0x000002541f573800 Exception <a 'java/lang/NoSuchMethodError'{0x0000000083c97cd0}: 'java.lang.Object java.lang.invoke.DirectMethodHandle$Holder.invokeStaticInit(java.lang.Object, java.lang.Object, java.lang.Object)'> (0x0000000083c97cd0) thrown at [./src/hotspot/share/interpreter/linkResolver.cpp, line 773]
Event: 1.110 Thread 0x000002541f573800 Exception <a 'java/lang/NoSuchMethodError'{0x000000008351c660}: 'java.lang.Object java.lang.invoke.DirectMethodHandle$Holder.invokeStaticInit(java.lang.Object, int, int, int, int)'> (0x000000008351c660) thrown at [./src/hotspot/share/interpreter/linkResolver.cpp, line 773]
Event: 1.231 Thread 0x000002541f573800 Exception <a 'java/lang/NoSuchMethodError'{0x00000000835676f8}: 'java.lang.Object java.lang.invoke.DirectMethodHandle$Holder.invokeStaticInit(java.lang.Object, java.lang.Object, int, int, int, int)'> (0x00000000835676f8) thrown at [./src/hotspot/share/interpreter/linkResolver.cpp, line 773]
Event: 1.408 Thread 0x000002541f573800 Exception <a 'java/io/IOException'{0x00000000833bc020}> (0x00000000833bc020) thrown at [./src/hotspot/share/prims/jni.cpp, line 616]
Event: 1.463 Thread 0x000002543a826800 Exception <a 'java/lang/NoSuchMethodError'{0x0000000087bcf678}: <clinit>> (0x0000000087bcf678) thrown at [./src/hotspot/share/prims/jni.cpp, line 1366]
Event: 1.464 Thread 0x000002543a826800 Exception <a 'java/lang/NoSuchMethodError'{0x0000000087a070f0}: <clinit>> (0x0000000087a070f0) thrown at [./src/hotspot/share/prims/jni.cpp, line 1366]
Event: 1.465 Thread 0x000002543a826800 Exception <a 'java/lang/NoSuchMethodError'{0x0000000087a10ab8}: <clinit>> (0x0000000087a10ab8) thrown at [./src/hotspot/share/prims/jni.cpp, line 1366]
Event: 1.467 Thread 0x000002543a826800 Exception <a 'java/lang/NoSuchMethodError'{0x0000000087a25e28}: <clinit>> (0x0000000087a25e28) thrown at [./src/hotspot/share/prims/jni.cpp, line 1366]
Event: 1.518 Thread 0x000002543c9a6000 Exception <a 'java/lang/NoSuchMethodError'{0x00000000877c0f68}: 'long java.lang.invoke.DirectMethodHandle$Holder.invokeInterface(java.lang.Object, java.lang.Object)'> (0x00000000877c0f68) thrown at [./src/hotspot/share/interpreter/linkResolver.cpp, line 773]
Event: 1.519 Thread 0x000002543c9a6000 Exception <a 'java/lang/NoSuchMethodError'{0x00000000877ce008}: 'void java.lang.invoke.DelegatingMethodHandle$Holder.reinvoke_L(java.lang.Object, java.lang.Object, java.lang.Object, java.lang.Object, java.lang.Object, java.lang.Object, java.lang.Object)'> (0x00000000877ce008) thrown at [./src/hotspot/share/interpreter/linkResolver.cpp, line 773]
Event: 1.677 Thread 0x000002543c9a6000 Exception <a 'java/lang/NoSuchMethodError'{0x0000000087840b08}: 'void java.lang.invoke.DirectMethodHandle$Holder.invokeStaticInit(java.lang.Object)'> (0x0000000087840b08) thrown at [./src/hotspot/share/interpreter/linkResolver.cpp, line 773]
Event: 1.686 Thread 0x000002543c9a6000 Exception <a 'java/lang/NoSuchMethodError'{0x00000000878ecf48}: 'java.lang.Object java.lang.invoke.DirectMethodHandle$Holder.invokeStatic(java.lang.Object, java.lang.Object, java.lang.Object, int)'> (0x00000000878ecf48) thrown at [./src/hotspot/share/interpreter/linkResolver.cpp, line 773]
Event: 1.687 Thread 0x000002543c9a6000 Exception <a 'java/lang/NoSuchMethodError'{0x00000000878f1660}: 'java.lang.Object java.lang.invoke.DirectMethodHandle$Holder.invokeSpecial(java.lang.Object, java.lang.Object, java.lang.Object, java.lang.Object, int)'> (0x00000000878f1660) thrown at [./src/hotspot/share/interpreter/linkResolver.cpp, line 773]
Event: 1.687 Thread 0x000002543c9a6000 Exception <a 'java/lang/NoSuchMethodError'{0x00000000878f5598}: 'java.lang.Object java.lang.invoke.Invokers$Holder.linkToTargetMethod(java.lang.Object, java.lang.Object, int, java.lang.Object)'> (0x00000000878f5598) thrown at [./src/hotspot/share/interpreter/linkResolver.cpp, line 773]
Event: 1.763 Thread 0x000002543c9a6000 Exception <a 'java/lang/NoSuchMethodError'{0x0000000087ab3460}: 'int java.lang.invoke.DirectMethodHandle$Holder.invokeSpecialIFC(java.lang.Object, java.lang.Object, java.lang.Object, java.lang.Object)'> (0x0000000087ab3460) thrown at [./src/hotspot/share/interpreter/linkResolver.cpp, line 773]
Event: 1.765 Thread 0x000002543c9a6000 Exception <a 'java/lang/NoSuchMethodError'{0x0000000087ac1418}: 'java.lang.Object java.lang.invoke.DirectMethodHandle$Holder.invokeInterface(java.lang.Object, java.lang.Object, java.lang.Object)'> (0x0000000087ac1418) thrown at [./src/hotspot/share/interpreter/linkResolver.cpp, line 773]
Event: 1.765 Thread 0x000002543c9a6000 Exception <a 'java/lang/IncompatibleClassChangeError'{0x0000000087ac48f0}: Found class java.lang.Object, but interface was expected> (0x0000000087ac48f0) thrown at [./src/hotspot/share/interpreter/linkResolver.cpp, line 839]
Event: 1.823 Thread 0x000002543c9a6000 Exception <a 'java/lang/NoSuchMethodError'{0x000000008701b7f8}: 'void java.lang.invoke.DirectMethodHandle$Holder.invokeSpecial(java.lang.Object, java.lang.Object, java.lang.Object, java.lang.Object, java.lang.Object)'> (0x000000008701b7f8) thrown at [./src/hotspot/share/interpreter/linkResolver.cpp, line 773]
Event: 1.834 Thread 0x000002543c9a6000 Exception <a 'java/lang/NoSuchMethodError'{0x0000000086e416f8}: 'java.lang.Object java.lang.invoke.DirectMethodHandle$Holder.invokeSpecial(java.lang.Object, java.lang.Object, java.lang.Object, java.lang.Object, java.lang.Object, java.lang.Object, java.lang.Object, java.lang.Object, java.lang.Object)'> (0x0000000086e416f8) thrown at [./src/hotspot/share/interpreter/linkResolver.cpp, line 773]
Event: 1.882 Thread 0x000002543c9a6000 Exception <a 'java/lang/NoSuchMethodError'{0x0000000086480a78}: 'java.lang.Object java.lang.invoke.DirectMethodHandle$Holder.invokeVirtual(java.lang.Object, java.lang.Object, java.lang.Object, java.lang.Object)'> (0x0000000086480a78) thrown at [./src/hotspot/share/interpreter/linkResolver.cpp, line 773]

Events (20 events):
Event: 1.903 loading class org/gradle/internal/instantiation/generator/AbstractClassGenerator$ClassGenerationVisitor
Event: 1.903 loading class org/gradle/internal/instantiation/generator/AbstractClassGenerator$ClassGenerationVisitor done
Event: 1.904 loading class org/gradle/internal/reflect/ClassInspector
Event: 1.904 loading class org/gradle/internal/reflect/ClassInspector done
Event: 1.904 loading class org/gradle/internal/reflect/ClassDetails
Event: 1.904 loading class org/gradle/internal/reflect/ClassDetails done
Event: 1.904 loading class org/gradle/internal/reflect/MutableClassDetails
Event: 1.904 loading class org/gradle/internal/reflect/MutableClassDetails done
Event: 1.904 loading class org/gradle/internal/reflect/NoSuchPropertyException
Event: 1.904 loading class org/gradle/internal/reflect/NoSuchPropertyException done
Event: 1.904 loading class org/gradle/internal/reflect/PropertyDetails
Event: 1.904 loading class org/gradle/internal/reflect/PropertyDetails done
Event: 1.904 loading class org/gradle/api/plugins/PluginManager
Event: 1.904 loading class org/gradle/api/plugins/PluginManager done
Event: 1.905 loading class org/gradle/api/execution/TaskExecutionGraph
Event: 1.905 loading class org/gradle/api/execution/TaskExecutionGraph done
Event: 1.905 loading class org/gradle/api/UnknownDomainObjectException
Event: 1.905 loading class org/gradle/api/UnknownDomainObjectException done
Event: 1.905 loading class org/gradle/internal/MutableActionSet
Event: 1.905 loading class org/gradle/internal/MutableActionSet done


Dynamic libraries:
0x00007ff6e8810000 - 0x00007ff6e881a000 	C:\Program Files\Android\Android Studio\jre\bin\java.exe
0x00007ffca7b80000 - 0x00007ffca7d89000 	C:\Windows\SYSTEM32\ntdll.dll
0x00007ffca63e0000 - 0x00007ffca649e000 	C:\Windows\System32\KERNEL32.DLL
0x00007ffca50d0000 - 0x00007ffca544b000 	C:\Windows\System32\KERNELBASE.dll
0x00007ffca5690000 - 0x00007ffca57a1000 	C:\Windows\System32\ucrtbase.dll
0x00007ffc97c40000 - 0x00007ffc97c57000 	C:\Program Files\Android\Android Studio\jre\bin\VCRUNTIME140.dll
0x00007ffc92c10000 - 0x00007ffc92c29000 	C:\Program Files\Android\Android Studio\jre\bin\jli.dll
0x00007ffca6870000 - 0x00007ffca6a1d000 	C:\Windows\System32\USER32.dll
0x00007ffca4220000 - 0x00007ffca44c5000 	C:\Windows\WinSxS\amd64_microsoft.windows.common-controls_6595b64144ccf1df_6.0.22000.120_none_9d947278b86cc467\COMCTL32.dll
0x00007ffca5450000 - 0x00007ffca5476000 	C:\Windows\System32\win32u.dll
0x00007ffca6e70000 - 0x00007ffca6e99000 	C:\Windows\System32\GDI32.dll
0x00007ffca7290000 - 0x00007ffca7333000 	C:\Windows\System32\msvcrt.dll
0x00007ffca58e0000 - 0x00007ffca59f8000 	C:\Windows\System32\gdi32full.dll
0x00007ffca55f0000 - 0x00007ffca568d000 	C:\Windows\System32\msvcp_win.dll
0x00007ffca6aa0000 - 0x00007ffca6ad2000 	C:\Windows\System32\IMM32.DLL
0x00007ffc81d80000 - 0x00007ffc81e1d000 	C:\Program Files\Android\Android Studio\jre\bin\msvcp140.dll
0x00007ffc63f00000 - 0x00007ffc64a02000 	C:\Program Files\Android\Android Studio\jre\bin\server\jvm.dll
0x00007ffca7030000 - 0x00007ffca70de000 	C:\Windows\System32\ADVAPI32.dll
0x00007ffca7170000 - 0x00007ffca720e000 	C:\Windows\System32\sechost.dll
0x00007ffca6ea0000 - 0x00007ffca6fc0000 	C:\Windows\System32\RPCRT4.dll
0x00007ffca6860000 - 0x00007ffca6868000 	C:\Windows\System32\PSAPI.DLL
0x00007ffc727a0000 - 0x00007ffc727a9000 	C:\Windows\SYSTEM32\WSOCK32.dll
0x00007ffc9b030000 - 0x00007ffc9b063000 	C:\Windows\SYSTEM32\WINMM.dll
0x00007ffca7ad0000 - 0x00007ffca7b3f000 	C:\Windows\System32\WS2_32.dll
0x00007ffc9a440000 - 0x00007ffc9a44a000 	C:\Windows\SYSTEM32\VERSION.dll
0x00007ffca3f70000 - 0x00007ffca3f88000 	C:\Windows\SYSTEM32\kernel.appcore.dll
0x00007ffca0680000 - 0x00007ffca0691000 	C:\Program Files\Android\Android Studio\jre\bin\verify.dll
0x00007ffca4930000 - 0x00007ffca4b51000 	C:\Windows\SYSTEM32\DBGHELP.DLL
0x00007ffca4870000 - 0x00007ffca48a1000 	C:\Windows\SYSTEM32\dbgcore.DLL
0x00007ffca5050000 - 0x00007ffca50cf000 	C:\Windows\System32\bcryptPrimitives.dll
0x00007ffc975a0000 - 0x00007ffc975c9000 	C:\Program Files\Android\Android Studio\jre\bin\java.dll
0x00007ffca15f0000 - 0x00007ffca15fb000 	C:\Program Files\Android\Android Studio\jre\bin\jimage.dll
0x00007ffc97bd0000 - 0x00007ffc97be8000 	C:\Program Files\Android\Android Studio\jre\bin\zip.dll
0x00007ffca5c20000 - 0x00007ffca63d7000 	C:\Windows\System32\SHELL32.dll
0x00007ffca2ac0000 - 0x00007ffca3325000 	C:\Windows\SYSTEM32\windows.storage.dll
0x00007ffca6ae0000 - 0x00007ffca6e58000 	C:\Windows\System32\combase.dll
0x00007ffca2950000 - 0x00007ffca2ab6000 	C:\Windows\SYSTEM32\wintypes.dll
0x00007ffca5b30000 - 0x00007ffca5c1a000 	C:\Windows\System32\SHCORE.dll
0x00007ffca6fd0000 - 0x00007ffca702d000 	C:\Windows\System32\shlwapi.dll
0x00007ffca4f80000 - 0x00007ffca4fa1000 	C:\Windows\SYSTEM32\profapi.dll
0x00007ffc938d0000 - 0x00007ffc938ea000 	C:\Program Files\Android\Android Studio\jre\bin\net.dll
0x00007ffc9d620000 - 0x00007ffc9d734000 	C:\Windows\SYSTEM32\WINHTTP.dll
0x00007ffca3fb0000 - 0x00007ffca4017000 	C:\Windows\system32\mswsock.dll
0x00007ffc938b0000 - 0x00007ffc938c4000 	C:\Program Files\Android\Android Studio\jre\bin\nio.dll
0x00007ffc93860000 - 0x00007ffc93887000 	C:\Users\Yusufjon\.gradle\native\e1d6ef7f7dcc3fd88c89a11ec53ec762bb8ba0a96d01ffa2cd45eb1d1d8dd5c5\windows-amd64\native-platform.dll
0x00007ffc7b9d0000 - 0x00007ffc7bb14000 	C:\Users\Yusufjon\.gradle\native\0d407fdbe67a94daf76414ababcb853783967236a71b16ec16e742cd7a986fd3\windows-amd64\native-platform-file-events.dll
0x00007ffc9f4b0000 - 0x00007ffc9f4ba000 	C:\Program Files\Android\Android Studio\jre\bin\management.dll
0x00007ffc9a050000 - 0x00007ffc9a05d000 	C:\Program Files\Android\Android Studio\jre\bin\management_ext.dll
0x00007ffca4d00000 - 0x00007ffca4d18000 	C:\Windows\SYSTEM32\CRYPTSP.dll
0x00007ffca3cc0000 - 0x00007ffca3cf5000 	C:\Windows\system32\rsaenh.dll
0x00007ffca4020000 - 0x00007ffca4049000 	C:\Windows\SYSTEM32\USERENV.dll
0x00007ffca4ba0000 - 0x00007ffca4bc7000 	C:\Windows\SYSTEM32\bcrypt.dll
0x00007ffca4170000 - 0x00007ffca417c000 	C:\Windows\SYSTEM32\CRYPTBASE.dll
0x00007ffca3580000 - 0x00007ffca35ad000 	C:\Windows\SYSTEM32\IPHLPAPI.DLL
0x00007ffca6e60000 - 0x00007ffca6e69000 	C:\Windows\System32\NSI.dll
0x00007ffc97610000 - 0x00007ffc97629000 	C:\Windows\SYSTEM32\dhcpcsvc6.DLL
0x00007ffc97780000 - 0x00007ffc9779e000 	C:\Windows\SYSTEM32\dhcpcsvc.DLL
0x00007ffca35b0000 - 0x00007ffca3698000 	C:\Windows\SYSTEM32\DNSAPI.dll

dbghelp: loaded successfully - version: 4.0.5 - missing functions: none
symbol engine: initialized successfully - sym options: 0x614 - pdb path: .;C:\Program Files\Android\Android Studio\jre\bin;C:\Windows\SYSTEM32;C:\Windows\WinSxS\amd64_microsoft.windows.common-controls_6595b64144ccf1df_6.0.22000.120_none_9d947278b86cc467;C:\Program Files\Android\Android Studio\jre\bin\server;C:\Users\Yusufjon\.gradle\native\e1d6ef7f7dcc3fd88c89a11ec53ec762bb8ba0a96d01ffa2cd45eb1d1d8dd5c5\windows-amd64;C:\Users\Yusufjon\.gradle\native\0d407fdbe67a94daf76414ababcb853783967236a71b16ec16e742cd7a986fd3\windows-amd64

VM Arguments:
jvm_args: --add-opens=java.base/java.util=ALL-UNNAMED --add-opens=java.base/java.lang=ALL-UNNAMED --add-opens=java.base/java.lang.invoke=ALL-UNNAMED --add-opens=java.base/java.util=ALL-UNNAMED --add-opens=java.prefs/java.util.prefs=ALL-UNNAMED --add-opens=java.prefs/java.util.prefs=ALL-UNNAMED --add-opens=java.base/java.nio.charset=ALL-UNNAMED --add-opens=java.base/java.net=ALL-UNNAMED --add-opens=java.base/java.util.concurrent.atomic=ALL-UNNAMED -Xmx2048m -Dfile.encoding=UTF-8 -Duser.country=RU -Duser.language=ru -Duser.variant 
java_command: org.gradle.launcher.daemon.bootstrap.GradleDaemon 7.4
java_class_path (initial): C:\Users\Yusufjon\.gradle\wrapper\dists\gradle-7.4-bin\c0gwcg53nkjbqw7r0h0umtfvt\gradle-7.4\lib\gradle-launcher-7.4.jar
Launcher Type: SUN_STANDARD

[Global flags]
     intx CICompilerCount                          = 3                                         {product} {ergonomic}
     uint ConcGCThreads                            = 1                                         {product} {ergonomic}
     uint G1ConcRefinementThreads                  = 4                                         {product} {ergonomic}
   size_t G1HeapRegionSize                         = 1048576                                   {product} {ergonomic}
    uintx GCDrainStackTargetSize                   = 64                                        {product} {ergonomic}
   size_t InitialHeapSize                          = 132120576                                 {product} {ergonomic}
   size_t MarkStackSize                            = 4194304                                   {product} {ergonomic}
   size_t MaxHeapSize                              = 2147483648                                {product} {command line}
   size_t MaxNewSize                               = 1287651328                                {product} {ergonomic}
   size_t MinHeapDeltaBytes                        = 1048576                                   {product} {ergonomic}
    uintx NonNMethodCodeHeapSize                   = 5830732                                {pd product} {ergonomic}
    uintx NonProfiledCodeHeapSize                  = 122913754                              {pd product} {ergonomic}
    uintx ProfiledCodeHeapSize                     = 122913754                              {pd product} {ergonomic}
    uintx ReservedCodeCacheSize                    = 251658240                              {pd product} {ergonomic}
     bool SegmentedCodeCache                       = true                                      {product} {ergonomic}
     bool UseCompressedClassPointers               = true                                 {lp64_product} {ergonomic}
     bool UseCompressedOops                        = true                                 {lp64_product} {ergonomic}
     bool UseG1GC                                  = true                                      {product} {ergonomic}
     bool UseLargePagesIndividualAllocation        = false                                  {pd product} {ergonomic}

Logging:
Log output configuration:
 #0: stdout all=warning uptime,level,tags
 #1: stderr all=off uptime,level,tags

Environment Variables:
PATH=C:\Program Files\Common Files\Oracle\Java\javapath;C:\Windows\system32;C:\Windows;C:\Windows\System32\Wbem;C:\Windows\System32\WindowsPowerShell\v1.0\;C:\Windows\System32\OpenSSH\;C:\Program Files\Git\cmd;C:\Program Files\MySQL\MySQL Shell 8.0\bin\;C:\Users\Yusufjon\AppData\Local\Microsoft\WindowsApps;C:\Users\Yusufjon\AppData\Local\GitHubDesktop\bin
USERNAME=Yusufjon
OS=Windows_NT
PROCESSOR_IDENTIFIER=Intel64 Family 6 Model 140 Stepping 1, GenuineIntel



---------------  S Y S T E M  ---------------

OS: Windows 11 , 64 bit Build 22000 (10.0.22000.1335)
OS uptime: 0 days 14:35 hours

CPU:total 4 (initial active 4) (2 cores per cpu, 2 threads per core) family 6 model 140 stepping 1 microcode 0x66, cmov, cx8, fxsr, mmx, sse, sse2, sse3, ssse3, sse4.1, sse4.2, popcnt, avx, avx2, aes, clmul, erms, 3dnowpref, lzcnt, ht, tsc, tscinvbit, bmi1, bmi2, adx, evex, sha, fma

Memory: 4k page, system-wide physical 7991M (1047M free)
TotalPageFile size 10462M (AvailPageFile size 5M)
current process WorkingSet (physical memory assigned to process): 213M, peak: 213M
current process commit charge ("private bytes"): 270M, peak: 270M

vm_info: OpenJDK 64-Bit Server VM (11.0.13+0-b1751.21-8125866) for windows-amd64 JRE (11.0.13+0-b1751.21-8125866), built on Feb  2 2022 03:00:22 by "builder" with MS VC++ 14.0 (VS2015)

END.
