#
# There is insufficient memory for the Java Runtime Environment to continue.
# Native memory allocation (malloc) failed to allocate 1057136 bytes for Chunk::new
# Possible reasons:
#   The system is out of physical RAM or swap space
#   The process is running with CompressedOops enabled, and the Java Heap may be blocking the growth of the native heap
# Possible solutions:
#   Reduce memory load on the system
#   Increase physical memory or swap space
#   Check if swap backing store is full
#   Decrease Java heap size (-Xmx/-Xms)
#   Decrease number of Java threads
#   Decrease Java thread stack sizes (-Xss)
#   Set larger code cache with -XX:ReservedCodeCacheSize=
#   JVM is running with Unscaled Compressed Oops mode in which the Java heap is
#     placed in the first 4GB address space. The Java Heap base address is the
#     maximum limit for the native heap growth. Please use -XX:HeapBaseMinAddress
#     to set the Java Heap base and to place the Java Heap above 4GB virtual address.
# This output file may be truncated or incomplete.
#
#  Out of Memory Error (./src/hotspot/share/memory/arena.cpp:197), pid=19440, tid=17364
#
# JRE version: OpenJDK Runtime Environment (11.0.13) (build 11.0.13+0-b1751.21-8125866)
# Java VM: OpenJDK 64-Bit Server VM (11.0.13+0-b1751.21-8125866, mixed mode, tiered, compressed oops, g1 gc, windows-amd64)
# No core dump will be written. Minidumps are not enabled by default on client versions of Windows
#

---------------  S U M M A R Y ------------

Command Line: --add-opens=java.base/java.util=ALL-UNNAMED --add-opens=java.base/java.lang=ALL-UNNAMED --add-opens=java.base/java.lang.invoke=ALL-UNNAMED --add-opens=java.base/java.util=ALL-UNNAMED --add-opens=java.prefs/java.util.prefs=ALL-UNNAMED --add-opens=java.prefs/java.util.prefs=ALL-UNNAMED --add-opens=java.base/java.nio.charset=ALL-UNNAMED --add-opens=java.base/java.net=ALL-UNNAMED --add-opens=java.base/java.util.concurrent.atomic=ALL-UNNAMED -Xmx2048m -Dfile.encoding=UTF-8 -Duser.country=RU -Duser.language=ru -Duser.variant org.gradle.launcher.daemon.bootstrap.GradleDaemon 7.4

Host: 11th Gen Intel(R) Core(TM) i3-1115G4 @ 3.00GHz, 4 cores, 7G,  Windows 11 , 64 bit Build 22000 (10.0.22000.1335)
Time: Wed Feb  1 13:56:35 2023 ???????? ???? (????) elapsed time: 3.607132 seconds (0d 0h 0m 3s)

---------------  T H R E A D  ---------------

Current thread (0x000002f94d372000):  JavaThread "C2 CompilerThread1" daemon [_thread_in_native, id=17364, stack(0x000000fb65400000,0x000000fb65500000)]


Current CompileTask:
C2:   3607 3025       4       java.lang.invoke.MethodType::makeImpl (108 bytes)

Stack: [0x000000fb65400000,0x000000fb65500000]
Native frames: (J=compiled Java code, j=interpreted, Vv=VM code, C=native code)
V  [jvm.dll+0x6100fa]
V  [jvm.dll+0x747090]
V  [jvm.dll+0x7486ad]
V  [jvm.dll+0x748d83]
V  [jvm.dll+0x24ab48]
V  [jvm.dll+0xc04dc]
V  [jvm.dll+0xc0a0c]
V  [jvm.dll+0x35eb9d]
V  [jvm.dll+0x19d9bc]
V  [jvm.dll+0x2033be]
V  [jvm.dll+0x202437]
V  [jvm.dll+0x188e01]
V  [jvm.dll+0x21106b]
V  [jvm.dll+0x20f8c1]
V  [jvm.dll+0x70de0f]
V  [jvm.dll+0x706a75]
V  [jvm.dll+0x60ed66]
C  [ucrtbase.dll+0x26c0c]
C  [KERNEL32.DLL+0x155a0]
C  [ntdll.dll+0x485b]


---------------  P R O C E S S  ---------------

Threads class SMR info:
_java_thread_list=0x000002f952594fa0, length=35, elements={
0x000002f932d44800, 0x000002f94c984800, 0x000002f94c975800, 0x000002f94c989800,
0x000002f94c98b800, 0x000002f94c98c800, 0x000002f94c98d800, 0x000002f94d23a800,
0x000002f94d25d000, 0x000002f94d356800, 0x000002f94d372000, 0x000002f94eddf800,
0x000002f950675000, 0x000002f94fd30800, 0x000002f94ff4f800, 0x000002f95083e800,
0x000002f94ed34000, 0x000002f94ff6b800, 0x000002f950516800, 0x000002f950af1000,
0x000002f94e7c4800, 0x000002f94f9fb000, 0x000002f94f9f6800, 0x000002f94f9f6000,
0x000002f94f9f7800, 0x000002f94f9fb800, 0x000002f94f9fc800, 0x000002f94f9f8800,
0x000002f94f9f9000, 0x000002f94f9fa000, 0x000002f950be0800, 0x000002f950be4000,
0x000002f950be1800, 0x000002f950bdf000, 0x000002f950be2800
}

Java Threads: ( => current thread )
  0x000002f932d44800 JavaThread "main" [_thread_blocked, id=15636, stack(0x000000fb64300000,0x000000fb64400000)]
  0x000002f94c984800 JavaThread "Reference Handler" daemon [_thread_blocked, id=1960, stack(0x000000fb64a00000,0x000000fb64b00000)]
  0x000002f94c975800 JavaThread "Finalizer" daemon [_thread_blocked, id=16892, stack(0x000000fb64b00000,0x000000fb64c00000)]
  0x000002f94c989800 JavaThread "Signal Dispatcher" daemon [_thread_blocked, id=17420, stack(0x000000fb64c00000,0x000000fb64d00000)]
  0x000002f94c98b800 JavaThread "Attach Listener" daemon [_thread_blocked, id=3588, stack(0x000000fb64d00000,0x000000fb64e00000)]
  0x000002f94c98c800 JavaThread "Service Thread" daemon [_thread_blocked, id=17240, stack(0x000000fb64e00000,0x000000fb64f00000)]
  0x000002f94c98d800 JavaThread "C2 CompilerThread0" daemon [_thread_in_native, id=5556, stack(0x000000fb64f00000,0x000000fb65000000)]
  0x000002f94d23a800 JavaThread "C1 CompilerThread0" daemon [_thread_in_vm, id=18812, stack(0x000000fb65000000,0x000000fb65100000)]
  0x000002f94d25d000 JavaThread "Sweeper thread" daemon [_thread_blocked, id=18500, stack(0x000000fb65100000,0x000000fb65200000)]
  0x000002f94d356800 JavaThread "Common-Cleaner" daemon [_thread_blocked, id=10384, stack(0x000000fb65200000,0x000000fb65300000)]
=>0x000002f94d372000 JavaThread "C2 CompilerThread1" daemon [_thread_in_native, id=17364, stack(0x000000fb65400000,0x000000fb65500000)]
  0x000002f94eddf800 JavaThread "Daemon health stats" [_thread_blocked, id=13444, stack(0x000000fb65700000,0x000000fb65800000)]
  0x000002f950675000 JavaThread "Incoming local TCP Connector on port 14516" [_thread_in_native, id=12128, stack(0x000000fb65800000,0x000000fb65900000)]
  0x000002f94fd30800 JavaThread "Daemon periodic checks" [_thread_blocked, id=5876, stack(0x000000fb65900000,0x000000fb65a00000)]
  0x000002f94ff4f800 JavaThread "Daemon" [_thread_blocked, id=18532, stack(0x000000fb65a00000,0x000000fb65b00000)]
  0x000002f95083e800 JavaThread "Handler for socket connection from /127.0.0.1:14516 to /127.0.0.1:14517" [_thread_in_native, id=18792, stack(0x000000fb65b00000,0x000000fb65c00000)]
  0x000002f94ed34000 JavaThread "Cancel handler" [_thread_blocked, id=15900, stack(0x000000fb65c00000,0x000000fb65d00000)]
  0x000002f94ff6b800 JavaThread "Daemon worker" [_thread_in_Java, id=18956, stack(0x000000fb65d00000,0x000000fb65e00000)]
  0x000002f950516800 JavaThread "Asynchronous log dispatcher for DefaultDaemonConnection: socket connection from /127.0.0.1:14516 to /127.0.0.1:14517" [_thread_blocked, id=18440, stack(0x000000fb65e00000,0x000000fb65f00000)]
  0x000002f950af1000 JavaThread "Stdin handler" [_thread_blocked, id=18196, stack(0x000000fb65f00000,0x000000fb66000000)]
  0x000002f94e7c4800 JavaThread "Daemon client event forwarder" [_thread_blocked, id=3268, stack(0x000000fb66000000,0x000000fb66100000)]
  0x000002f94f9fb000 JavaThread "Cache worker for journal cache (C:\Users\Yusufjon\.gradle\caches\journal-1)" [_thread_blocked, id=1452, stack(0x000000fb66200000,0x000000fb66300000)]
  0x000002f94f9f6800 JavaThread "File lock request listener" [_thread_in_native, id=18576, stack(0x000000fb66300000,0x000000fb66400000)]
  0x000002f94f9f6000 JavaThread "Cache worker for file hash cache (C:\Users\Yusufjon\.gradle\caches\7.4\fileHashes)" [_thread_blocked, id=17376, stack(0x000000fb66400000,0x000000fb66500000)]
  0x000002f94f9f7800 JavaThread "File watcher server" daemon [_thread_in_native, id=12132, stack(0x000000fb66500000,0x000000fb66600000)]
  0x000002f94f9fb800 JavaThread "File watcher consumer" daemon [_thread_blocked, id=15400, stack(0x000000fb66600000,0x000000fb66700000)]
  0x000002f94f9fc800 JavaThread "jar transforms" [_thread_blocked, id=10040, stack(0x000000fb66700000,0x000000fb66800000)]
  0x000002f94f9f8800 JavaThread "jar transforms Thread 2" [_thread_blocked, id=2324, stack(0x000000fb66800000,0x000000fb66900000)]
  0x000002f94f9f9000 JavaThread "jar transforms Thread 3" [_thread_blocked, id=16680, stack(0x000000fb66900000,0x000000fb66a00000)]
  0x000002f94f9fa000 JavaThread "jar transforms Thread 4" [_thread_blocked, id=6948, stack(0x000000fb66a00000,0x000000fb66b00000)]
  0x000002f950be0800 JavaThread "Cache worker for checksums cache (C:\Users\Yusufjon\AndroidStudioProjects\Quizapp\.gradle\7.4\checksums)" [_thread_blocked, id=18752, stack(0x000000fb66b00000,0x000000fb66c00000)]
  0x000002f950be4000 JavaThread "Cache worker for cache directory md-rule (C:\Users\Yusufjon\.gradle\caches\7.4\md-rule)" [_thread_blocked, id=8084, stack(0x000000fb66c00000,0x000000fb66d00000)]
  0x000002f950be1800 JavaThread "Cache worker for file hash cache (C:\Users\Yusufjon\AndroidStudioProjects\Quizapp\.gradle\7.4\fileHashes)" [_thread_blocked, id=18408, stack(0x000000fb66d00000,0x000000fb66e00000)]
  0x000002f950bdf000 JavaThread "Cache worker for cache directory md-supplier (C:\Users\Yusufjon\.gradle\caches\7.4\md-supplier)" [_thread_blocked, id=19120, stack(0x000000fb66e00000,0x000000fb66f00000)]
  0x000002f950be2800 JavaThread "Cache worker for execution history cache (C:\Users\Yusufjon\.gradle\caches\7.4\executionHistory)" [_thread_blocked, id=15716, stack(0x000000fb66f00000,0x000000fb67000000)]

Other Threads:
  0x000002f94d198800 VMThread "VM Thread" [stack: 0x000000fb64900000,0x000000fb64a00000] [id=13516]
  0x000002f94d3a7800 WatcherThread [stack: 0x000000fb65300000,0x000000fb65400000] [id=13760]
  0x000002f932d57800 GCTaskThread "GC Thread#0" [stack: 0x000000fb64400000,0x000000fb64500000] [id=18256]
  0x000002f94d6b2800 GCTaskThread "GC Thread#1" [stack: 0x000000fb65500000,0x000000fb65600000] [id=7004]
  0x000002f94d735000 GCTaskThread "GC Thread#2" [stack: 0x000000fb65600000,0x000000fb65700000] [id=9648]
  0x000002f9503a5000 GCTaskThread "GC Thread#3" [stack: 0x000000fb66100000,0x000000fb66200000] [id=3264]
  0x000002f932d89800 ConcurrentGCThread "G1 Main Marker" [stack: 0x000000fb64500000,0x000000fb64600000] [id=15200]
  0x000002f932d8a800 ConcurrentGCThread "G1 Conc#0" [stack: 0x000000fb64600000,0x000000fb64700000] [id=17444]
  0x000002f94c7c5800 ConcurrentGCThread "G1 Refine#0" [stack: 0x000000fb64700000,0x000000fb64800000] [id=18904]
  0x000002f94c7c8800 ConcurrentGCThread "G1 Young RemSet Sampling" [stack: 0x000000fb64800000,0x000000fb64900000] [id=18124]

Threads with active compile tasks:
C2 CompilerThread0   3616 3278       4       java.nio.ByteBuffer::<init> (45 bytes)
C2 CompilerThread1   3616 3025       4       java.lang.invoke.MethodType::makeImpl (108 bytes)

VM state:not at safepoint (normal execution)

VM Mutex/Monitor currently owned by a thread: None

Heap address: 0x0000000080000000, size: 2048 MB, Compressed Oops mode: 32-bit
Narrow klass base: 0x0000000000000000, Narrow klass shift: 3
Compressed class space size: 1073741824 Address: 0x0000000100000000

Heap:
 garbage-first heap   total 155648K, used 55944K [0x0000000080000000, 0x0000000100000000)
  region size 1024K, 19 young (19456K), 2 survivors (2048K)
 Metaspace       used 39074K, capacity 40176K, committed 40392K, reserved 1085440K
  class space    used 5026K, capacity 5433K, committed 5504K, reserved 1048576K
Heap Regions: E=young(eden), S=young(survivor), O=old, HS=humongous(starts), HC=humongous(continues), CS=collection set, F=free, A=archive, TAMS=top-at-mark-start (previous, next)
|   0|0x0000000080000000, 0x0000000080100000, 0x0000000080100000|100%|HS|  |TAMS 0x0000000080100000, 0x0000000080000000| Complete 
|   1|0x0000000080100000, 0x0000000080200000, 0x0000000080200000|100%|HC|  |TAMS 0x0000000080200000, 0x0000000080100000| Complete 
|   2|0x0000000080200000, 0x0000000080300000, 0x0000000080300000|100%|HC|  |TAMS 0x0000000080300000, 0x0000000080200000| Complete 
|   3|0x0000000080300000, 0x0000000080400000, 0x0000000080400000|100%| O|  |TAMS 0x0000000080400000, 0x0000000080300000| Untracked 
|   4|0x0000000080400000, 0x0000000080500000, 0x0000000080500000|100%| O|  |TAMS 0x0000000080500000, 0x0000000080400000| Untracked 
|   5|0x0000000080500000, 0x0000000080600000, 0x0000000080600000|100%| O|  |TAMS 0x0000000080600000, 0x0000000080500000| Untracked 
|   6|0x0000000080600000, 0x0000000080700000, 0x0000000080700000|100%| O|  |TAMS 0x0000000080700000, 0x0000000080600000| Untracked 
|   7|0x0000000080700000, 0x0000000080800000, 0x0000000080800000|100%| O|  |TAMS 0x0000000080800000, 0x0000000080700000| Untracked 
|   8|0x0000000080800000, 0x0000000080900000, 0x0000000080900000|100%| O|  |TAMS 0x0000000080900000, 0x0000000080800000| Untracked 
|   9|0x0000000080900000, 0x0000000080a00000, 0x0000000080a00000|100%| O|  |TAMS 0x0000000080a00000, 0x0000000080900000| Untracked 
|  10|0x0000000080a00000, 0x0000000080b00000, 0x0000000080b00000|100%| O|  |TAMS 0x0000000080b00000, 0x0000000080a00000| Untracked 
|  11|0x0000000080b00000, 0x0000000080c00000, 0x0000000080c00000|100%| O|  |TAMS 0x0000000080c00000, 0x0000000080b00000| Untracked 
|  12|0x0000000080c00000, 0x0000000080d00000, 0x0000000080d00000|100%| O|  |TAMS 0x0000000080d00000, 0x0000000080c00000| Untracked 
|  13|0x0000000080d00000, 0x0000000080e00000, 0x0000000080e00000|100%| O|  |TAMS 0x0000000080e00000, 0x0000000080d00000| Untracked 
|  14|0x0000000080e00000, 0x0000000080f00000, 0x0000000080f00000|100%| O|  |TAMS 0x0000000080f00000, 0x0000000080e00000| Untracked 
|  15|0x0000000080f00000, 0x0000000081000000, 0x0000000081000000|100%| O|  |TAMS 0x0000000081000000, 0x0000000080f00000| Untracked 
|  16|0x0000000081000000, 0x0000000081100000, 0x0000000081100000|100%| O|  |TAMS 0x0000000081100000, 0x0000000081000000| Untracked 
|  17|0x0000000081100000, 0x0000000081200000, 0x0000000081200000|100%|HS|  |TAMS 0x0000000081200000, 0x0000000081100000| Complete 
|  18|0x0000000081200000, 0x0000000081300000, 0x0000000081300000|100%|HC|  |TAMS 0x0000000081300000, 0x0000000081200000| Complete 
|  19|0x0000000081300000, 0x0000000081400000, 0x0000000081400000|100%|HS|  |TAMS 0x0000000081400000, 0x0000000081300000| Complete 
|  20|0x0000000081400000, 0x0000000081500000, 0x0000000081500000|100%|HC|  |TAMS 0x0000000081500000, 0x0000000081400000| Complete 
|  21|0x0000000081500000, 0x0000000081600000, 0x0000000081600000|100%|HC|  |TAMS 0x0000000081600000, 0x0000000081500000| Complete 
|  22|0x0000000081600000, 0x0000000081700000, 0x0000000081700000|100%|HS|  |TAMS 0x0000000081700000, 0x0000000081600000| Complete 
|  23|0x0000000081700000, 0x0000000081800000, 0x0000000081800000|100%|HC|  |TAMS 0x0000000081800000, 0x0000000081700000| Complete 
|  24|0x0000000081800000, 0x0000000081900000, 0x0000000081900000|100%|HC|  |TAMS 0x0000000081900000, 0x0000000081800000| Complete 
|  25|0x0000000081900000, 0x0000000081a00000, 0x0000000081a00000|100%|HS|  |TAMS 0x0000000081a00000, 0x0000000081900000| Complete 
|  26|0x0000000081a00000, 0x0000000081b00000, 0x0000000081b00000|100%|HC|  |TAMS 0x0000000081b00000, 0x0000000081a00000| Complete 
|  27|0x0000000081b00000, 0x0000000081c00000, 0x0000000081c00000|100%|HC|  |TAMS 0x0000000081c00000, 0x0000000081b00000| Complete 
|  28|0x0000000081c00000, 0x0000000081d00000, 0x0000000081d00000|100%|HC|  |TAMS 0x0000000081d00000, 0x0000000081c00000| Complete 
|  29|0x0000000081d00000, 0x0000000081e00000, 0x0000000081e00000|100%|HC|  |TAMS 0x0000000081e00000, 0x0000000081d00000| Complete 
|  30|0x0000000081e00000, 0x0000000081f00000, 0x0000000081f00000|100%|HS|  |TAMS 0x0000000081f00000, 0x0000000081e00000| Complete 
|  31|0x0000000081f00000, 0x0000000082000000, 0x0000000082000000|100%| O|  |TAMS 0x0000000082000000, 0x0000000081f00000| Untracked 
|  32|0x0000000082000000, 0x0000000082100000, 0x0000000082100000|100%| O|  |TAMS 0x0000000082100000, 0x0000000082000000| Untracked 
|  33|0x0000000082100000, 0x0000000082200000, 0x0000000082200000|100%| O|  |TAMS 0x0000000082200000, 0x0000000082100000| Untracked 
|  34|0x0000000082200000, 0x0000000082300000, 0x0000000082300000|100%| O|  |TAMS 0x0000000082300000, 0x0000000082200000| Untracked 
|  35|0x0000000082300000, 0x0000000082400000, 0x0000000082400000|100%| O|  |TAMS 0x0000000082400000, 0x0000000082300000| Untracked 
|  36|0x0000000082400000, 0x0000000082500000, 0x0000000082500000|100%| O|  |TAMS 0x0000000082500000, 0x0000000082400000| Untracked 
|  37|0x0000000082500000, 0x0000000082600000, 0x0000000082600000|100%| O|  |TAMS 0x0000000082600000, 0x0000000082500000| Untracked 
|  38|0x0000000082600000, 0x0000000082600000, 0x0000000082700000|  0%| F|  |TAMS 0x0000000082600000, 0x0000000082600000| Untracked 
|  39|0x0000000082700000, 0x0000000082700000, 0x0000000082800000|  0%| F|  |TAMS 0x0000000082700000, 0x0000000082700000| Untracked 
|  40|0x0000000082800000, 0x0000000082800000, 0x0000000082900000|  0%| F|  |TAMS 0x0000000082800000, 0x0000000082800000| Untracked 
|  41|0x0000000082900000, 0x0000000082900000, 0x0000000082a00000|  0%| F|  |TAMS 0x0000000082900000, 0x0000000082900000| Untracked 
|  42|0x0000000082a00000, 0x0000000082a00000, 0x0000000082b00000|  0%| F|  |TAMS 0x0000000082a00000, 0x0000000082a00000| Untracked 
|  43|0x0000000082b00000, 0x0000000082b00000, 0x0000000082c00000|  0%| F|  |TAMS 0x0000000082b00000, 0x0000000082b00000| Untracked 
|  44|0x0000000082c00000, 0x0000000082c00000, 0x0000000082d00000|  0%| F|  |TAMS 0x0000000082c00000, 0x0000000082c00000| Untracked 
|  45|0x0000000082d00000, 0x0000000082d00000, 0x0000000082e00000|  0%| F|  |TAMS 0x0000000082d00000, 0x0000000082d00000| Untracked 
|  46|0x0000000082e00000, 0x0000000082e00000, 0x0000000082f00000|  0%| F|  |TAMS 0x0000000082e00000, 0x0000000082e00000| Untracked 
|  47|0x0000000082f00000, 0x0000000082f00000, 0x0000000083000000|  0%| F|  |TAMS 0x0000000082f00000, 0x0000000082f00000| Untracked 
|  48|0x0000000083000000, 0x0000000083000000, 0x0000000083100000|  0%| F|  |TAMS 0x0000000083000000, 0x0000000083000000| Untracked 
|  49|0x0000000083100000, 0x0000000083100000, 0x0000000083200000|  0%| F|  |TAMS 0x0000000083100000, 0x0000000083100000| Untracked 
|  50|0x0000000083200000, 0x0000000083200000, 0x0000000083300000|  0%| F|  |TAMS 0x0000000083200000, 0x0000000083200000| Untracked 
|  51|0x0000000083300000, 0x0000000083300000, 0x0000000083400000|  0%| F|  |TAMS 0x0000000083300000, 0x0000000083300000| Untracked 
|  52|0x0000000083400000, 0x0000000083400000, 0x0000000083500000|  0%| F|  |TAMS 0x0000000083400000, 0x0000000083400000| Untracked 
|  53|0x0000000083500000, 0x0000000083500000, 0x0000000083600000|  0%| F|  |TAMS 0x0000000083500000, 0x0000000083500000| Untracked 
|  54|0x0000000083600000, 0x0000000083600000, 0x0000000083700000|  0%| F|  |TAMS 0x0000000083600000, 0x0000000083600000| Untracked 
|  55|0x0000000083700000, 0x0000000083700000, 0x0000000083800000|  0%| F|  |TAMS 0x0000000083700000, 0x0000000083700000| Untracked 
|  56|0x0000000083800000, 0x0000000083800000, 0x0000000083900000|  0%| F|  |TAMS 0x0000000083800000, 0x0000000083800000| Untracked 
|  57|0x0000000083900000, 0x0000000083900000, 0x0000000083a00000|  0%| F|  |TAMS 0x0000000083900000, 0x0000000083900000| Untracked 
|  58|0x0000000083a00000, 0x0000000083a00000, 0x0000000083b00000|  0%| F|  |TAMS 0x0000000083a00000, 0x0000000083a00000| Untracked 
|  59|0x0000000083b00000, 0x0000000083b00000, 0x0000000083c00000|  0%| F|  |TAMS 0x0000000083b00000, 0x0000000083b00000| Untracked 
|  60|0x0000000083c00000, 0x0000000083c00000, 0x0000000083d00000|  0%| F|  |TAMS 0x0000000083c00000, 0x0000000083c00000| Untracked 
|  61|0x0000000083d00000, 0x0000000083d00000, 0x0000000083e00000|  0%| F|  |TAMS 0x0000000083d00000, 0x0000000083d00000| Untracked 
|  62|0x0000000083e00000, 0x0000000083e00000, 0x0000000083f00000|  0%| F|  |TAMS 0x0000000083e00000, 0x0000000083e00000| Untracked 
|  63|0x0000000083f00000, 0x0000000083f00000, 0x0000000084000000|  0%| F|  |TAMS 0x0000000083f00000, 0x0000000083f00000| Untracked 
|  64|0x0000000084000000, 0x0000000084000000, 0x0000000084100000|  0%| F|  |TAMS 0x0000000084000000, 0x0000000084000000| Untracked 
|  65|0x0000000084100000, 0x0000000084100000, 0x0000000084200000|  0%| F|  |TAMS 0x0000000084100000, 0x0000000084100000| Untracked 
|  66|0x0000000084200000, 0x0000000084200000, 0x0000000084300000|  0%| F|  |TAMS 0x0000000084200000, 0x0000000084200000| Untracked 
|  67|0x0000000084300000, 0x0000000084300000, 0x0000000084400000|  0%| F|  |TAMS 0x0000000084300000, 0x0000000084300000| Untracked 
|  68|0x0000000084400000, 0x0000000084400000, 0x0000000084500000|  0%| F|  |TAMS 0x0000000084400000, 0x0000000084400000| Untracked 
|  69|0x0000000084500000, 0x0000000084500000, 0x0000000084600000|  0%| F|  |TAMS 0x0000000084500000, 0x0000000084500000| Untracked 
|  70|0x0000000084600000, 0x0000000084600000, 0x0000000084700000|  0%| F|  |TAMS 0x0000000084600000, 0x0000000084600000| Untracked 
|  71|0x0000000084700000, 0x0000000084700000, 0x0000000084800000|  0%| F|  |TAMS 0x0000000084700000, 0x0000000084700000| Untracked 
|  72|0x0000000084800000, 0x0000000084800000, 0x0000000084900000|  0%| F|  |TAMS 0x0000000084800000, 0x0000000084800000| Untracked 
|  73|0x0000000084900000, 0x0000000084900000, 0x0000000084a00000|  0%| F|  |TAMS 0x0000000084900000, 0x0000000084900000| Untracked 
|  74|0x0000000084a00000, 0x0000000084a00000, 0x0000000084b00000|  0%| F|  |TAMS 0x0000000084a00000, 0x0000000084a00000| Untracked 
|  75|0x0000000084b00000, 0x0000000084b00000, 0x0000000084c00000|  0%| F|  |TAMS 0x0000000084b00000, 0x0000000084b00000| Untracked 
|  76|0x0000000084c00000, 0x0000000084c00000, 0x0000000084d00000|  0%| F|  |TAMS 0x0000000084c00000, 0x0000000084c00000| Untracked 
|  77|0x0000000084d00000, 0x0000000084d00000, 0x0000000084e00000|  0%| F|  |TAMS 0x0000000084d00000, 0x0000000084d00000| Untracked 
|  78|0x0000000084e00000, 0x0000000084e00000, 0x0000000084f00000|  0%| F|  |TAMS 0x0000000084e00000, 0x0000000084e00000| Untracked 
|  79|0x0000000084f00000, 0x0000000084f00000, 0x0000000085000000|  0%| F|  |TAMS 0x0000000084f00000, 0x0000000084f00000| Untracked 
|  80|0x0000000085000000, 0x0000000085000000, 0x0000000085100000|  0%| F|  |TAMS 0x0000000085000000, 0x0000000085000000| Untracked 
|  81|0x0000000085100000, 0x0000000085100000, 0x0000000085200000|  0%| F|  |TAMS 0x0000000085100000, 0x0000000085100000| Untracked 
|  82|0x0000000085200000, 0x0000000085200000, 0x0000000085300000|  0%| F|  |TAMS 0x0000000085200000, 0x0000000085200000| Untracked 
|  83|0x0000000085300000, 0x0000000085300000, 0x0000000085400000|  0%| F|  |TAMS 0x0000000085300000, 0x0000000085300000| Untracked 
|  84|0x0000000085400000, 0x0000000085400000, 0x0000000085500000|  0%| F|  |TAMS 0x0000000085400000, 0x0000000085400000| Untracked 
|  85|0x0000000085500000, 0x0000000085500000, 0x0000000085600000|  0%| F|  |TAMS 0x0000000085500000, 0x0000000085500000| Untracked 
|  86|0x0000000085600000, 0x0000000085600000, 0x0000000085700000|  0%| F|  |TAMS 0x0000000085600000, 0x0000000085600000| Untracked 
|  87|0x0000000085700000, 0x0000000085700000, 0x0000000085800000|  0%| F|  |TAMS 0x0000000085700000, 0x0000000085700000| Untracked 
|  88|0x0000000085800000, 0x0000000085800000, 0x0000000085900000|  0%| F|  |TAMS 0x0000000085800000, 0x0000000085800000| Untracked 
|  89|0x0000000085900000, 0x0000000085900000, 0x0000000085a00000|  0%| F|  |TAMS 0x0000000085900000, 0x0000000085900000| Untracked 
|  90|0x0000000085a00000, 0x0000000085a00000, 0x0000000085b00000|  0%| F|  |TAMS 0x0000000085a00000, 0x0000000085a00000| Untracked 
|  91|0x0000000085b00000, 0x0000000085b00000, 0x0000000085c00000|  0%| F|  |TAMS 0x0000000085b00000, 0x0000000085b00000| Untracked 
|  92|0x0000000085c00000, 0x0000000085c00000, 0x0000000085d00000|  0%| F|  |TAMS 0x0000000085c00000, 0x0000000085c00000| Untracked 
|  93|0x0000000085d00000, 0x0000000085d00000, 0x0000000085e00000|  0%| F|  |TAMS 0x0000000085d00000, 0x0000000085d00000| Untracked 
|  94|0x0000000085e00000, 0x0000000085e00000, 0x0000000085f00000|  0%| F|  |TAMS 0x0000000085e00000, 0x0000000085e00000| Untracked 
|  95|0x0000000085f00000, 0x0000000085f00000, 0x0000000086000000|  0%| F|  |TAMS 0x0000000085f00000, 0x0000000085f00000| Untracked 
|  96|0x0000000086000000, 0x0000000086000000, 0x0000000086100000|  0%| F|  |TAMS 0x0000000086000000, 0x0000000086000000| Untracked 
|  97|0x0000000086100000, 0x0000000086100000, 0x0000000086200000|  0%| F|  |TAMS 0x0000000086100000, 0x0000000086100000| Untracked 
|  98|0x0000000086200000, 0x0000000086200000, 0x0000000086300000|  0%| F|  |TAMS 0x0000000086200000, 0x0000000086200000| Untracked 
|  99|0x0000000086300000, 0x0000000086300000, 0x0000000086400000|  0%| F|  |TAMS 0x0000000086300000, 0x0000000086300000| Untracked 
| 100|0x0000000086400000, 0x0000000086400000, 0x0000000086500000|  0%| F|  |TAMS 0x0000000086400000, 0x0000000086400000| Untracked 
| 101|0x0000000086500000, 0x0000000086500000, 0x0000000086600000|  0%| F|  |TAMS 0x0000000086500000, 0x0000000086500000| Untracked 
| 102|0x0000000086600000, 0x0000000086600000, 0x0000000086700000|  0%| F|  |TAMS 0x0000000086600000, 0x0000000086600000| Untracked 
| 103|0x0000000086700000, 0x0000000086700000, 0x0000000086800000|  0%| F|  |TAMS 0x0000000086700000, 0x0000000086700000| Untracked 
| 104|0x0000000086800000, 0x0000000086800000, 0x0000000086900000|  0%| F|  |TAMS 0x0000000086800000, 0x0000000086800000| Untracked 
| 105|0x0000000086900000, 0x0000000086900000, 0x0000000086a00000|  0%| F|  |TAMS 0x0000000086900000, 0x0000000086900000| Untracked 
| 106|0x0000000086a00000, 0x0000000086a00000, 0x0000000086b00000|  0%| F|  |TAMS 0x0000000086a00000, 0x0000000086a00000| Untracked 
| 107|0x0000000086b00000, 0x0000000086b00000, 0x0000000086c00000|  0%| F|  |TAMS 0x0000000086b00000, 0x0000000086b00000| Untracked 
| 108|0x0000000086c00000, 0x0000000086c00000, 0x0000000086d00000|  0%| F|  |TAMS 0x0000000086c00000, 0x0000000086c00000| Untracked 
| 109|0x0000000086d00000, 0x0000000086d00000, 0x0000000086e00000|  0%| F|  |TAMS 0x0000000086d00000, 0x0000000086d00000| Untracked 
| 110|0x0000000086e00000, 0x0000000086e00000, 0x0000000086f00000|  0%| F|  |TAMS 0x0000000086e00000, 0x0000000086e00000| Untracked 
| 111|0x0000000086f00000, 0x0000000086f00000, 0x0000000087000000|  0%| F|  |TAMS 0x0000000086f00000, 0x0000000086f00000| Untracked 
| 112|0x0000000087000000, 0x0000000087000000, 0x0000000087100000|  0%| F|  |TAMS 0x0000000087000000, 0x0000000087000000| Untracked 
| 113|0x0000000087100000, 0x0000000087100000, 0x0000000087200000|  0%| F|  |TAMS 0x0000000087100000, 0x0000000087100000| Untracked 
| 114|0x0000000087200000, 0x0000000087200000, 0x0000000087300000|  0%| F|  |TAMS 0x0000000087200000, 0x0000000087200000| Untracked 
| 115|0x0000000087300000, 0x0000000087300000, 0x0000000087400000|  0%| F|  |TAMS 0x0000000087300000, 0x0000000087300000| Untracked 
| 116|0x0000000087400000, 0x0000000087400000, 0x0000000087500000|  0%| F|  |TAMS 0x0000000087400000, 0x0000000087400000| Untracked 
| 117|0x0000000087500000, 0x0000000087500000, 0x0000000087600000|  0%| F|  |TAMS 0x0000000087500000, 0x0000000087500000| Untracked 
| 118|0x0000000087600000, 0x0000000087600000, 0x0000000087700000|  0%| F|  |TAMS 0x0000000087600000, 0x0000000087600000| Untracked 
| 119|0x0000000087700000, 0x0000000087700000, 0x0000000087800000|  0%| F|  |TAMS 0x0000000087700000, 0x0000000087700000| Untracked 
| 120|0x0000000087800000, 0x0000000087800000, 0x0000000087900000|  0%| F|  |TAMS 0x0000000087800000, 0x0000000087800000| Untracked 
| 121|0x0000000087900000, 0x0000000087900000, 0x0000000087a00000|  0%| F|  |TAMS 0x0000000087900000, 0x0000000087900000| Untracked 
| 122|0x0000000087a00000, 0x0000000087a00000, 0x0000000087b00000|  0%| F|  |TAMS 0x0000000087a00000, 0x0000000087a00000| Untracked 
| 123|0x0000000087b00000, 0x0000000087b00000, 0x0000000087c00000|  0%| F|  |TAMS 0x0000000087b00000, 0x0000000087b00000| Untracked 
| 124|0x0000000087c00000, 0x0000000087c00000, 0x0000000087d00000|  0%| F|  |TAMS 0x0000000087c00000, 0x0000000087c00000| Untracked 
| 125|0x0000000087d00000, 0x0000000087d00000, 0x0000000087e00000|  0%| F|  |TAMS 0x0000000087d00000, 0x0000000087d00000| Untracked 
| 126|0x0000000087e00000, 0x0000000087e00000, 0x0000000087f00000|  0%| F|  |TAMS 0x0000000087e00000, 0x0000000087e00000| Untracked 
| 127|0x0000000087f00000, 0x0000000087f00000, 0x0000000088000000|  0%| F|  |TAMS 0x0000000087f00000, 0x0000000087f00000| Untracked 
| 128|0x0000000088000000, 0x0000000088000000, 0x0000000088100000|  0%| F|  |TAMS 0x0000000088000000, 0x0000000088000000| Untracked 
| 129|0x0000000088100000, 0x0000000088100000, 0x0000000088200000|  0%| F|  |TAMS 0x0000000088100000, 0x0000000088100000| Untracked 
| 130|0x0000000088200000, 0x0000000088200000, 0x0000000088300000|  0%| F|  |TAMS 0x0000000088200000, 0x0000000088200000| Untracked 
| 131|0x0000000088300000, 0x0000000088300000, 0x0000000088400000|  0%| F|  |TAMS 0x0000000088300000, 0x0000000088300000| Untracked 
| 132|0x0000000088400000, 0x0000000088400000, 0x0000000088500000|  0%| F|  |TAMS 0x0000000088400000, 0x0000000088400000| Untracked 
| 133|0x0000000088500000, 0x00000000885a23f0, 0x0000000088600000| 63%| S|CS|TAMS 0x0000000088500000, 0x0000000088500000| Complete 
| 134|0x0000000088600000, 0x0000000088700000, 0x0000000088700000|100%| S|CS|TAMS 0x0000000088600000, 0x0000000088600000| Complete 
| 135|0x0000000088700000, 0x0000000088800000, 0x0000000088800000|100%| E|  |TAMS 0x0000000088700000, 0x0000000088700000| Complete 
| 136|0x0000000088800000, 0x0000000088900000, 0x0000000088900000|100%| E|CS|TAMS 0x0000000088800000, 0x0000000088800000| Complete 
| 137|0x0000000088900000, 0x0000000088a00000, 0x0000000088a00000|100%| E|CS|TAMS 0x0000000088900000, 0x0000000088900000| Complete 
| 138|0x0000000088a00000, 0x0000000088b00000, 0x0000000088b00000|100%| E|CS|TAMS 0x0000000088a00000, 0x0000000088a00000| Complete 
| 139|0x0000000088b00000, 0x0000000088c00000, 0x0000000088c00000|100%| E|CS|TAMS 0x0000000088b00000, 0x0000000088b00000| Complete 
| 140|0x0000000088c00000, 0x0000000088d00000, 0x0000000088d00000|100%| E|  |TAMS 0x0000000088c00000, 0x0000000088c00000| Complete 
| 141|0x0000000088d00000, 0x0000000088e00000, 0x0000000088e00000|100%| E|CS|TAMS 0x0000000088d00000, 0x0000000088d00000| Complete 
| 142|0x0000000088e00000, 0x0000000088f00000, 0x0000000088f00000|100%| E|CS|TAMS 0x0000000088e00000, 0x0000000088e00000| Complete 
| 143|0x0000000088f00000, 0x0000000089000000, 0x0000000089000000|100%| E|CS|TAMS 0x0000000088f00000, 0x0000000088f00000| Complete 
| 144|0x0000000089000000, 0x0000000089100000, 0x0000000089100000|100%| E|CS|TAMS 0x0000000089000000, 0x0000000089000000| Complete 
| 145|0x0000000089100000, 0x0000000089200000, 0x0000000089200000|100%| E|CS|TAMS 0x0000000089100000, 0x0000000089100000| Complete 
| 146|0x0000000089200000, 0x0000000089300000, 0x0000000089300000|100%| E|CS|TAMS 0x0000000089200000, 0x0000000089200000| Complete 
| 147|0x0000000089300000, 0x0000000089400000, 0x0000000089400000|100%| E|CS|TAMS 0x0000000089300000, 0x0000000089300000| Complete 
| 148|0x0000000089400000, 0x0000000089500000, 0x0000000089500000|100%| E|CS|TAMS 0x0000000089400000, 0x0000000089400000| Complete 
| 149|0x0000000089500000, 0x0000000089600000, 0x0000000089600000|100%| E|CS|TAMS 0x0000000089500000, 0x0000000089500000| Complete 
| 150|0x0000000089600000, 0x0000000089700000, 0x0000000089700000|100%| E|CS|TAMS 0x0000000089600000, 0x0000000089600000| Complete 
| 151|0x0000000089700000, 0x0000000089800000, 0x0000000089800000|100%| E|CS|TAMS 0x0000000089700000, 0x0000000089700000| Complete 

Card table byte_map: [0x000002f945c60000,0x000002f946060000] _byte_map_base: 0x000002f945860000

Marking Bits (Prev, Next): (CMBitMap*) 0x000002f932d80d88, (CMBitMap*) 0x000002f932d80dc0
 Prev Bits: [0x000002f946460000, 0x000002f948460000)
 Next Bits: [0x000002f948460000, 0x000002f94a460000)

Polling page: 0x000002f930cc0000

Metaspace:

Usage:
  Non-class:     33.93 MB capacity,    33.25 MB ( 98%) used,   596.42 KB (  2%) free+waste,    95.06 KB ( <1%) overhead. 
      Class:      5.31 MB capacity,     4.91 MB ( 93%) used,   359.72 KB (  7%) free+waste,    46.44 KB ( <1%) overhead. 
       Both:     39.23 MB capacity,    38.16 MB ( 97%) used,   956.14 KB (  2%) free+waste,   141.50 KB ( <1%) overhead. 

Virtual space:
  Non-class space:       36.00 MB reserved,      34.07 MB ( 95%) committed 
      Class space:        1.00 GB reserved,       5.38 MB ( <1%) committed 
             Both:        1.04 GB reserved,      39.45 MB (  4%) committed 

Chunk freelists:
   Non-Class:  17.00 KB
       Class:  7.00 KB
        Both:  24.00 KB

MaxMetaspaceSize: 17179869184.00 GB
CompressedClassSpaceSize: 1.00 GB
Initial GC threshold: 20.80 MB
Current GC threshold: 59.49 MB
CDS: off

CodeHeap 'non-profiled nmethods': size=120064Kb used=1775Kb max_used=1775Kb free=118288Kb
 bounds [0x000002f93e320000, 0x000002f93e590000, 0x000002f945860000]
CodeHeap 'profiled nmethods': size=120000Kb used=6991Kb max_used=6991Kb free=113008Kb
 bounds [0x000002f936df0000, 0x000002f9374d0000, 0x000002f93e320000]
CodeHeap 'non-nmethods': size=5696Kb used=1592Kb max_used=1605Kb free=4103Kb
 bounds [0x000002f936860000, 0x000002f936ad0000, 0x000002f936df0000]
 total_blobs=3912 nmethods=3289 adapters=534
 compilation: enabled
              stopped_count=0, restarted_count=0
 full_count=0

Compilation events (20 events):
Event: 3.601 Thread 0x000002f94d23a800 3244       3       jdk.internal.jimage.ImageLocation::getFullName (109 bytes)
Event: 3.602 Thread 0x000002f94d23a800 nmethod 3244 0x000002f9374a9590 code [0x000002f9374a9920, 0x000002f9374aab48]
Event: 3.603 Thread 0x000002f94c98d800 nmethod 3239 0x000002f93e4d8110 code [0x000002f93e4d82c0, 0x000002f93e4d8558]
Event: 3.603 Thread 0x000002f94c98d800 3240       4       jdk.internal.jimage.ImageStringsReader::charsFromByteBufferLength (47 bytes)
Event: 3.603 Thread 0x000002f94d23a800 3245       3       java.util.ArrayDeque::size (17 bytes)
Event: 3.604 Thread 0x000002f94d23a800 nmethod 3245 0x000002f9374ab190 code [0x000002f9374ab340, 0x000002f9374ab4f8]
Event: 3.604 Thread 0x000002f94d23a800 3246       3       java.lang.String::join (59 bytes)
Event: 3.604 Thread 0x000002f94d23a800 nmethod 3246 0x000002f9374ab610 code [0x000002f9374ab840, 0x000002f9374abe08]
Event: 3.604 Thread 0x000002f94d23a800 3247   !   3       java.nio.file.FileTreeWalker::getAttributes (126 bytes)
Event: 3.605 Thread 0x000002f94c98d800 nmethod 3240 0x000002f93e4d8790 code [0x000002f93e4d8940, 0x000002f93e4d8a78]
Event: 3.605 Thread 0x000002f94c98d800 3241       4       jdk.internal.jimage.ImageStringsReader::charsFromByteBuffer (186 bytes)
Event: 3.605 Thread 0x000002f94d23a800 nmethod 3247 0x000002f9374ac110 code [0x000002f9374ac440, 0x000002f9374adb78]
Event: 3.605 Thread 0x000002f94d23a800 3248       3       java.nio.file.FileTreeWalker$Event::<init> (9 bytes)
Event: 3.605 Thread 0x000002f94d23a800 nmethod 3248 0x000002f9374ae290 code [0x000002f9374ae460, 0x000002f9374ae758]
Event: 3.605 Thread 0x000002f94d23a800 3249       1       jdk.internal.jrtfs.JrtPath::getFileSystem (5 bytes)
Event: 3.605 Thread 0x000002f94d23a800 nmethod 3249 0x000002f93e4d8c10 code [0x000002f93e4d8dc0, 0x000002f93e4d8e78]
Event: 3.605 Thread 0x000002f94d23a800 3250       1       jdk.internal.jrtfs.JrtFileSystem::provider (5 bytes)
Event: 3.605 Thread 0x000002f94d23a800 nmethod 3250 0x000002f93e4d8f10 code [0x000002f93e4d90c0, 0x000002f93e4d9178]
Event: 3.606 Thread 0x000002f94d23a800 3251       3       jdk.internal.jrtfs.JrtPath::isAbsolute (29 bytes)
Event: 3.606 Thread 0x000002f94d23a800 nmethod 3251 0x000002f9374ae890 code [0x000002f9374aeac0, 0x000002f9374af158]

GC Heap History (16 events):
Event: 0.415 GC heap before
{Heap before GC invocations=0 (full 0):
 garbage-first heap   total 129024K, used 16384K [0x0000000080000000, 0x0000000100000000)
  region size 1024K, 14 young (14336K), 0 survivors (0K)
 Metaspace       used 6740K, capacity 6929K, committed 7168K, reserved 1056768K
  class space    used 572K, capacity 650K, committed 768K, reserved 1048576K
}
Event: 0.420 GC heap after
{Heap after GC invocations=1 (full 0):
 garbage-first heap   total 129024K, used 4475K [0x0000000080000000, 0x0000000100000000)
  region size 1024K, 2 young (2048K), 2 survivors (2048K)
 Metaspace       used 6740K, capacity 6929K, committed 7168K, reserved 1056768K
  class space    used 572K, capacity 650K, committed 768K, reserved 1048576K
}
Event: 0.745 GC heap before
{Heap before GC invocations=1 (full 0):
 garbage-first heap   total 129024K, used 19835K [0x0000000080000000, 0x0000000100000000)
  region size 1024K, 14 young (14336K), 2 survivors (2048K)
 Metaspace       used 10254K, capacity 10557K, committed 10624K, reserved 1058816K
  class space    used 1053K, capacity 1139K, committed 1152K, reserved 1048576K
}
Event: 0.751 GC heap after
{Heap after GC invocations=2 (full 0):
 garbage-first heap   total 129024K, used 9721K [0x0000000080000000, 0x0000000100000000)
  region size 1024K, 2 young (2048K), 2 survivors (2048K)
 Metaspace       used 10254K, capacity 10557K, committed 10624K, reserved 1058816K
  class space    used 1053K, capacity 1139K, committed 1152K, reserved 1048576K
}
Event: 1.059 GC heap before
{Heap before GC invocations=2 (full 0):
 garbage-first heap   total 129024K, used 41465K [0x0000000080000000, 0x0000000100000000)
  region size 1024K, 33 young (33792K), 2 survivors (2048K)
 Metaspace       used 11248K, capacity 11512K, committed 11776K, reserved 1060864K
  class space    used 1153K, capacity 1244K, committed 1280K, reserved 1048576K
}
Event: 1.062 GC heap after
{Heap after GC invocations=3 (full 0):
 garbage-first heap   total 129024K, used 11769K [0x0000000080000000, 0x0000000100000000)
  region size 1024K, 4 young (4096K), 4 survivors (4096K)
 Metaspace       used 11248K, capacity 11512K, committed 11776K, reserved 1060864K
  class space    used 1153K, capacity 1244K, committed 1280K, reserved 1048576K
}
Event: 1.799 GC heap before
{Heap before GC invocations=3 (full 0):
 garbage-first heap   total 129024K, used 56825K [0x0000000080000000, 0x0000000100000000)
  region size 1024K, 48 young (49152K), 4 survivors (4096K)
 Metaspace       used 18062K, capacity 18506K, committed 18688K, reserved 1064960K
  class space    used 2115K, capacity 2228K, committed 2304K, reserved 1048576K
}
Event: 1.806 GC heap after
{Heap after GC invocations=4 (full 0):
 garbage-first heap   total 129024K, used 16507K [0x0000000080000000, 0x0000000100000000)
  region size 1024K, 6 young (6144K), 6 survivors (6144K)
 Metaspace       used 18062K, capacity 18506K, committed 18688K, reserved 1064960K
  class space    used 2115K, capacity 2228K, committed 2304K, reserved 1048576K
}
Event: 2.023 GC heap before
{Heap before GC invocations=4 (full 0):
 garbage-first heap   total 129024K, used 39035K [0x0000000080000000, 0x0000000100000000)
  region size 1024K, 29 young (29696K), 6 survivors (6144K)
 Metaspace       used 20678K, capacity 21158K, committed 21296K, reserved 1069056K
  class space    used 2512K, capacity 2665K, committed 2688K, reserved 1048576K
}
Event: 2.033 GC heap after
{Heap after GC invocations=5 (full 0):
 garbage-first heap   total 155648K, used 17742K [0x0000000080000000, 0x0000000100000000)
  region size 1024K, 1 young (1024K), 1 survivors (1024K)
 Metaspace       used 20678K, capacity 21158K, committed 21296K, reserved 1069056K
  class space    used 2512K, capacity 2665K, committed 2688K, reserved 1048576K
}
Event: 2.568 GC heap before
{Heap before GC invocations=6 (full 0):
 garbage-first heap   total 155648K, used 73038K [0x0000000080000000, 0x0000000100000000)
  region size 1024K, 55 young (56320K), 1 survivors (1024K)
 Metaspace       used 26653K, capacity 27370K, committed 27568K, reserved 1073152K
  class space    used 3470K, capacity 3725K, committed 3840K, reserved 1048576K
}
Event: 2.575 GC heap after
{Heap after GC invocations=7 (full 0):
 garbage-first heap   total 155648K, used 19835K [0x0000000080000000, 0x0000000100000000)
  region size 1024K, 3 young (3072K), 3 survivors (3072K)
 Metaspace       used 26653K, capacity 27370K, committed 27568K, reserved 1073152K
  class space    used 3470K, capacity 3725K, committed 3840K, reserved 1048576K
}
Event: 3.126 GC heap before
{Heap before GC invocations=7 (full 0):
 garbage-first heap   total 155648K, used 96635K [0x0000000080000000, 0x0000000100000000)
  region size 1024K, 65 young (66560K), 3 survivors (3072K)
 Metaspace       used 31744K, capacity 32721K, committed 32944K, reserved 1077248K
  class space    used 4240K, capacity 4608K, committed 4608K, reserved 1048576K
}
Event: 3.132 GC heap after
{Heap after GC invocations=8 (full 0):
 garbage-first heap   total 155648K, used 39208K [0x0000000080000000, 0x0000000100000000)
  region size 1024K, 8 young (8192K), 8 survivors (8192K)
 Metaspace       used 31744K, capacity 32721K, committed 32944K, reserved 1077248K
  class space    used 4240K, capacity 4608K, committed 4608K, reserved 1048576K
}
Event: 3.347 GC heap before
{Heap before GC invocations=8 (full 0):
 garbage-first heap   total 155648K, used 55592K [0x0000000080000000, 0x0000000100000000)
  region size 1024K, 25 young (25600K), 8 survivors (8192K)
 Metaspace       used 34599K, capacity 35562K, committed 35632K, reserved 1079296K
  class space    used 4586K, capacity 4958K, committed 4992K, reserved 1048576K
}
Event: 3.358 GC heap after
{Heap after GC invocations=9 (full 0):
 garbage-first heap   total 155648K, used 40584K [0x0000000080000000, 0x0000000100000000)
  region size 1024K, 2 young (2048K), 2 survivors (2048K)
 Metaspace       used 34599K, capacity 35562K, committed 35632K, reserved 1079296K
  class space    used 4586K, capacity 4958K, committed 4992K, reserved 1048576K
}

Deoptimization events (20 events):
Event: 3.521 Thread 0x000002f94ff6b800 Uncommon trap: trap_request=0xffffff4d fr.pc=0x000002f93e33865c relative=0x000000000000003c
Event: 3.521 Thread 0x000002f94ff6b800 Uncommon trap: reason=unstable_if action=reinterpret pc=0x000002f93e33865c method=sun.nio.fs.WindowsPathParser.isSlash(C)Z @ 9 c2
Event: 3.521 Thread 0x000002f94ff6b800 DEOPT PACKING pc=0x000002f93e33865c sp=0x000000fb65df7370
Event: 3.521 Thread 0x000002f94ff6b800 DEOPT UNPACKING pc=0x000002f9368685af sp=0x000000fb65df72f8 mode 2
Event: 3.521 Thread 0x000002f94ff6b800 Uncommon trap: trap_request=0xffffff4d fr.pc=0x000002f93e3a5ca0 relative=0x0000000000001240
Event: 3.521 Thread 0x000002f94ff6b800 Uncommon trap: reason=unstable_if action=reinterpret pc=0x000002f93e3a5ca0 method=sun.nio.fs.WindowsPathParser.isSlash(C)Z @ 9 c2
Event: 3.521 Thread 0x000002f94ff6b800 DEOPT PACKING pc=0x000002f93e3a5ca0 sp=0x000000fb65df7360
Event: 3.521 Thread 0x000002f94ff6b800 DEOPT UNPACKING pc=0x000002f9368685af sp=0x000000fb65df7300 mode 2
Event: 3.527 Thread 0x000002f94ff6b800 Uncommon trap: trap_request=0xffffffc6 fr.pc=0x000002f93e48369c relative=0x00000000000057bc
Event: 3.527 Thread 0x000002f94ff6b800 Uncommon trap: reason=bimorphic_or_optimized_type_check action=maybe_recompile pc=0x000002f93e48369c method=java.net.URL.<init>(Ljava/net/URL;Ljava/lang/String;Ljava/net/URLStreamHandler;)V @ 504 c2
Event: 3.527 Thread 0x000002f94ff6b800 DEOPT PACKING pc=0x000002f93e48369c sp=0x000000fb65df55c0
Event: 3.527 Thread 0x000002f94ff6b800 DEOPT UNPACKING pc=0x000002f9368685af sp=0x000000fb65df5560 mode 2
Event: 3.560 Thread 0x000002f94ff6b800 Uncommon trap: trap_request=0xffffff4d fr.pc=0x000002f93e471fb0 relative=0x0000000000000550
Event: 3.560 Thread 0x000002f94ff6b800 Uncommon trap: reason=unstable_if action=reinterpret pc=0x000002f93e471fb0 method=java.lang.StringCoding.decode(Ljava/nio/charset/Charset;[BII)Ljava/lang/StringCoding$Result; @ 4 c2
Event: 3.560 Thread 0x000002f94ff6b800 DEOPT PACKING pc=0x000002f93e471fb0 sp=0x000000fb65df72b0
Event: 3.560 Thread 0x000002f94ff6b800 DEOPT UNPACKING pc=0x000002f9368685af sp=0x000000fb65df7238 mode 2
Event: 3.584 Thread 0x000002f94ff6b800 Uncommon trap: trap_request=0xffffff7e fr.pc=0x000002f93e4b45b0 relative=0x0000000000000330
Event: 3.584 Thread 0x000002f94ff6b800 Uncommon trap: reason=predicate action=maybe_recompile pc=0x000002f93e4b45b0 method=java.util.stream.ReferencePipeline.forEachWithCancel(Ljava/util/Spliterator;Ljava/util/stream/Sink;)Z @ 8 c2
Event: 3.584 Thread 0x000002f94ff6b800 DEOPT PACKING pc=0x000002f93e4b45b0 sp=0x000000fb65df7090
Event: 3.584 Thread 0x000002f94ff6b800 DEOPT UNPACKING pc=0x000002f9368685af sp=0x000000fb65df7030 mode 2

Classes redefined (0 events):
No events

Internal exceptions (20 events):
Event: 3.012 Thread 0x000002f94ff6b800 Exception <a 'java/lang/NoSuchMethodError'{0x0000000086b633e0}: 'java.lang.Object java.lang.invoke.Invokers$Holder.linkToTargetMethod(java.lang.Object, java.lang.Object, java.lang.Object, java.lang.Object, java.lang.Object, java.lang.Object, java.lang.Object, java.lang.Object, java.lang.Object, java.lang.Object, java.lang.Object, java.lang.Object)'> (0x0000000086b633e0) thrown at [./src/hotspot/share/interpreter/linkResolver.cpp, line 773]
Event: 3.018 Thread 0x000002f94ff6b800 Exception <a 'java/lang/NoSuchMethodError'{0x0000000086a513e0}: 'java.lang.Object java.lang.invoke.DirectMethodHandle$Holder.invokeStaticInit(java.lang.Object, java.lang.Object, java.lang.Object, java.lang.Object)'> (0x0000000086a513e0) thrown at [./src/hotspot/share/interpreter/linkResolver.cpp, line 773]
Event: 3.072 Thread 0x000002f94ff6b800 Exception <a 'java/lang/NoSuchMethodError'{0x0000000086150988}: 'java.lang.Object java.lang.invoke.Invokers$Holder.linkToTargetMethod(java.lang.Object, java.lang.Object, java.lang.Object, java.lang.Object, java.lang.Object, java.lang.Object, java.lang.Object, java.lang.Object)'> (0x0000000086150988) thrown at [./src/hotspot/share/interpreter/linkResolver.cpp, line 773]
Event: 3.074 Thread 0x000002f94ff6b800 Exception <a 'java/lang/NoSuchMethodError'{0x00000000861a7a38}: 'java.lang.Object java.lang.invoke.Invokers$Holder.linkToTargetMethod(java.lang.Object, java.lang.Object, java.lang.Object, java.lang.Object, java.lang.Object, java.lang.Object, java.lang.Object)'> (0x00000000861a7a38) thrown at [./src/hotspot/share/interpreter/linkResolver.cpp, line 773]
Event: 3.076 Thread 0x000002f94ff6b800 Exception <a 'java/lang/IncompatibleClassChangeError'{0x00000000861feac0}: Found class java.lang.Object, but interface was expected> (0x00000000861feac0) thrown at [./src/hotspot/share/interpreter/linkResolver.cpp, line 839]
Event: 3.196 Thread 0x000002f94ff6b800 Exception <a 'java/lang/NoSuchMethodError'{0x000000008901f098}: 'int java.lang.invoke.DirectMethodHandle$Holder.invokeStatic(java.lang.Object, java.lang.Object, java.lang.Object, java.lang.Object, java.lang.Object)'> (0x000000008901f098) thrown at [./src/hotspot/share/interpreter/linkResolver.cpp, line 773]
Event: 3.293 Thread 0x000002f94ff6b800 Exception <a 'java/lang/NoSuchMethodError'{0x0000000088adeea0}: 'void java.lang.invoke.DirectMethodHandle$Holder.invokeStaticInit(java.lang.Object, java.lang.Object, java.lang.Object)'> (0x0000000088adeea0) thrown at [./src/hotspot/share/interpreter/linkResolver.cpp, line 773]
Event: 3.294 Thread 0x000002f94ff6b800 Exception <a 'java/lang/NoSuchMethodError'{0x0000000088ae63a0}: 'void java.lang.invoke.DirectMethodHandle$Holder.invokeStaticInit(java.lang.Object, java.lang.Object, java.lang.Object, java.lang.Object)'> (0x0000000088ae63a0) thrown at [./src/hotspot/share/interpreter/linkResolver.cpp, line 773]
Event: 3.297 Thread 0x000002f94ff6b800 Exception <a 'java/lang/NoSuchMethodError'{0x0000000088909228}: 'void java.lang.invoke.DirectMethodHandle$Holder.invokeStaticInit(java.lang.Object, java.lang.Object, java.lang.Object, java.lang.Object, java.lang.Object)'> (0x0000000088909228) thrown at [./src/hotspot/share/interpreter/linkResolver.cpp, line 773]
Event: 3.322 Thread 0x000002f94ff6b800 Exception <a 'java/lang/NoSuchMethodError'{0x0000000088981738}: 'int java.lang.invoke.DirectMethodHandle$Holder.invokeStaticInit(java.lang.Object, java.lang.Object, java.lang.Object, java.lang.Object)'> (0x0000000088981738) thrown at [./src/hotspot/share/interpreter/linkResolver.cpp, line 773]
Event: 3.464 Thread 0x000002f94ff6b800 Exception <a 'java/lang/NoSuchMethodError'{0x00000000891c1300}: 'java.lang.Object java.lang.invoke.DirectMethodHandle$Holder.invokeStatic(java.lang.Object, java.lang.Object, java.lang.Object, java.lang.Object, java.lang.Object, java.lang.Object, java.lang.Object, java.lang.Object, java.lang.Object, java.lang.Object, java.lang.Object, int)'> (0x00000000891c1300) thrown at [./src/hotspot/share/interpreter/linkResolver.cpp, line 773]
Event: 3.465 Thread 0x000002f94ff6b800 Exception <a 'java/lang/NoSuchMethodError'{0x00000000891e01f0}: 'java.lang.Object java.lang.invoke.DirectMethodHandle$Holder.invokeStatic(java.lang.Object, java.lang.Object, java.lang.Object, java.lang.Object, java.lang.Object, java.lang.Object, java.lang.Object, java.lang.Object, java.lang.Object, java.lang.Object, java.lang.Object, int, int)'> (0x00000000891e01f0) thrown at [./src/hotspot/share/interpreter/linkResolver.cpp, line 773]
Event: 3.466 Thread 0x000002f94ff6b800 Exception <a 'java/lang/NoSuchMethodError'{0x00000000890001b8}: 'java.lang.Object java.lang.invoke.DirectMethodHandle$Holder.invokeStatic(java.lang.Object, java.lang.Object, java.lang.Object, java.lang.Object, java.lang.Object, java.lang.Object, java.lang.Object, java.lang.Object, java.lang.Object, java.lang.Object, java.lang.Object, int, int, java.lang.Object)'> (0x00000000890001b8) thrown at [./src/hotspot/share/interpreter/linkResolver.cpp, line 773]
Event: 3.467 Thread 0x000002f94ff6b800 Exception <a 'java/lang/NoSuchMethodError'{0x0000000089021a70}: 'java.lang.Object java.lang.invoke.DirectMethodHandle$Holder.invokeStatic(java.lang.Object, java.lang.Object, java.lang.Object, java.lang.Object, java.lang.Object, java.lang.Object, java.lang.Object, java.lang.Object, java.lang.Object, java.lang.Object, java.lang.Object, int, int, java.lang.Object, java.lang.Object)'> (0x0000000089021a70) thrown at [./src/hotspot/share/interpreter/linkResolver.cpp, line 773]
Event: 3.469 Thread 0x000002f94ff6b800 Exception <a 'java/lang/ClassNotFoundException'{0x0000000089052fe8}: groovy/lang/ExpandoMetaClassBeanInfo> (0x0000000089052fe8) thrown at [./src/hotspot/share/classfile/systemDictionary.cpp, line 231]
Event: 3.470 Thread 0x000002f94ff6b800 Exception <a 'java/lang/ClassNotFoundException'{0x0000000089074798}: groovy/lang/MetaClassImplBeanInfo> (0x0000000089074798) thrown at [./src/hotspot/share/classfile/systemDictionary.cpp, line 231]
Event: 3.470 Thread 0x000002f94ff6b800 Exception <a 'java/lang/ClassNotFoundException'{0x000000008907e640}: java/lang/ObjectBeanInfo> (0x000000008907e640) thrown at [./src/hotspot/share/classfile/systemDictionary.cpp, line 231]
Event: 3.471 Thread 0x000002f94ff6b800 Exception <a 'java/lang/ClassNotFoundException'{0x000000008908ab98}: java/lang/ObjectCustomizer> (0x000000008908ab98) thrown at [./src/hotspot/share/classfile/systemDictionary.cpp, line 231]
Event: 3.477 Thread 0x000002f94ff6b800 Exception <a 'java/lang/ClassNotFoundException'{0x00000000890b30f8}: groovy/lang/MetaClassImplCustomizer> (0x00000000890b30f8) thrown at [./src/hotspot/share/classfile/systemDictionary.cpp, line 231]
Event: 3.480 Thread 0x000002f94ff6b800 Exception <a 'java/lang/ClassNotFoundException'{0x00000000890f4328}: groovy/lang/ExpandoMetaClassCustomizer> (0x00000000890f4328) thrown at [./src/hotspot/share/classfile/systemDictionary.cpp, line 231]

Events (20 events):
Event: 3.595 loading class jdk/internal/jimage/ImageReader$Node done
Event: 3.595 loading class jdk/internal/jimage/ImageReader$Directory done
Event: 3.595 loading class jdk/internal/jrtfs/SystemImage$1
Event: 3.595 loading class jdk/internal/jrtfs/SystemImage$1 done
Event: 3.595 loading class jdk/internal/jrtfs/JrtFileAttributeView
Event: 3.595 loading class jdk/internal/jrtfs/JrtFileAttributeView done
Event: 3.596 loading class jdk/internal/jimage/ImageReader$SharedImageReader$LocationVisitor
Event: 3.596 loading class jdk/internal/jimage/ImageReader$SharedImageReader$LocationVisitor done
Event: 3.596 loading class java/nio/ByteBufferAsIntBufferL
Event: 3.596 loading class java/nio/ByteBufferAsIntBufferL done
Event: 3.597 loading class jdk/internal/jrtfs/JrtFileAttributes
Event: 3.597 loading class jdk/internal/jrtfs/JrtFileAttributes done
Event: 3.597 loading class jdk/internal/jrtfs/JrtDirectoryStream
Event: 3.597 loading class jdk/internal/jrtfs/JrtDirectoryStream done
Event: 3.597 loading class jdk/internal/jrtfs/JrtDirectoryStream$1
Event: 3.597 loading class jdk/internal/jrtfs/JrtDirectoryStream$1 done
Event: 3.598 loading class java/util/function/BooleanSupplier
Event: 3.598 loading class java/util/function/BooleanSupplier done
Event: 3.598 loading class jdk/internal/jimage/ImageReader$Resource
Event: 3.598 loading class jdk/internal/jimage/ImageReader$Resource done


Dynamic libraries:
0x00007ff6e8810000 - 0x00007ff6e881a000 	C:\Program Files\Android\Android Studio\jre\bin\java.exe
0x00007ffca7b80000 - 0x00007ffca7d89000 	C:\Windows\SYSTEM32\ntdll.dll
0x00007ffca63e0000 - 0x00007ffca649e000 	C:\Windows\System32\KERNEL32.DLL
0x00007ffca50d0000 - 0x00007ffca544b000 	C:\Windows\System32\KERNELBASE.dll
0x00007ffca5690000 - 0x00007ffca57a1000 	C:\Windows\System32\ucrtbase.dll
0x00007ffc97c40000 - 0x00007ffc97c57000 	C:\Program Files\Android\Android Studio\jre\bin\VCRUNTIME140.dll
0x00007ffc902b0000 - 0x00007ffc902c9000 	C:\Program Files\Android\Android Studio\jre\bin\jli.dll
0x00007ffca6870000 - 0x00007ffca6a1d000 	C:\Windows\System32\USER32.dll
0x00007ffca4220000 - 0x00007ffca44c5000 	C:\Windows\WinSxS\amd64_microsoft.windows.common-controls_6595b64144ccf1df_6.0.22000.120_none_9d947278b86cc467\COMCTL32.dll
0x00007ffca5450000 - 0x00007ffca5476000 	C:\Windows\System32\win32u.dll
0x00007ffca7290000 - 0x00007ffca7333000 	C:\Windows\System32\msvcrt.dll
0x00007ffca6e70000 - 0x00007ffca6e99000 	C:\Windows\System32\GDI32.dll
0x00007ffca58e0000 - 0x00007ffca59f8000 	C:\Windows\System32\gdi32full.dll
0x00007ffca55f0000 - 0x00007ffca568d000 	C:\Windows\System32\msvcp_win.dll
0x00007ffca6aa0000 - 0x00007ffca6ad2000 	C:\Windows\System32\IMM32.DLL
0x00007ffc7a220000 - 0x00007ffc7a2bd000 	C:\Program Files\Android\Android Studio\jre\bin\msvcp140.dll
0x00007ffc63f00000 - 0x00007ffc64a02000 	C:\Program Files\Android\Android Studio\jre\bin\server\jvm.dll
0x00007ffca7030000 - 0x00007ffca70de000 	C:\Windows\System32\ADVAPI32.dll
0x00007ffca7170000 - 0x00007ffca720e000 	C:\Windows\System32\sechost.dll
0x00007ffca6ea0000 - 0x00007ffca6fc0000 	C:\Windows\System32\RPCRT4.dll
0x00007ffca6860000 - 0x00007ffca6868000 	C:\Windows\System32\PSAPI.DLL
0x00007ffc727a0000 - 0x00007ffc727a9000 	C:\Windows\SYSTEM32\WSOCK32.dll
0x00007ffc9b030000 - 0x00007ffc9b063000 	C:\Windows\SYSTEM32\WINMM.dll
0x00007ffca7ad0000 - 0x00007ffca7b3f000 	C:\Windows\System32\WS2_32.dll
0x00007ffc9a440000 - 0x00007ffc9a44a000 	C:\Windows\SYSTEM32\VERSION.dll
0x00007ffca3f70000 - 0x00007ffca3f88000 	C:\Windows\SYSTEM32\kernel.appcore.dll
0x00007ffca0680000 - 0x00007ffca0691000 	C:\Program Files\Android\Android Studio\jre\bin\verify.dll
0x00007ffca4930000 - 0x00007ffca4b51000 	C:\Windows\SYSTEM32\DBGHELP.DLL
0x00007ffca4870000 - 0x00007ffca48a1000 	C:\Windows\SYSTEM32\dbgcore.DLL
0x00007ffca5050000 - 0x00007ffca50cf000 	C:\Windows\System32\bcryptPrimitives.dll
0x00007ffc975a0000 - 0x00007ffc975c9000 	C:\Program Files\Android\Android Studio\jre\bin\java.dll
0x00007ffca15f0000 - 0x00007ffca15fb000 	C:\Program Files\Android\Android Studio\jre\bin\jimage.dll
0x00007ffc97bd0000 - 0x00007ffc97be8000 	C:\Program Files\Android\Android Studio\jre\bin\zip.dll
0x00007ffca5c20000 - 0x00007ffca63d7000 	C:\Windows\System32\SHELL32.dll
0x00007ffca2ac0000 - 0x00007ffca3325000 	C:\Windows\SYSTEM32\windows.storage.dll
0x00007ffca6ae0000 - 0x00007ffca6e58000 	C:\Windows\System32\combase.dll
0x00007ffca2950000 - 0x00007ffca2ab6000 	C:\Windows\SYSTEM32\wintypes.dll
0x00007ffca5b30000 - 0x00007ffca5c1a000 	C:\Windows\System32\SHCORE.dll
0x00007ffca6fd0000 - 0x00007ffca702d000 	C:\Windows\System32\shlwapi.dll
0x00007ffca4f80000 - 0x00007ffca4fa1000 	C:\Windows\SYSTEM32\profapi.dll
0x00007ffc938d0000 - 0x00007ffc938ea000 	C:\Program Files\Android\Android Studio\jre\bin\net.dll
0x00007ffc9d620000 - 0x00007ffc9d734000 	C:\Windows\SYSTEM32\WINHTTP.dll
0x00007ffca3fb0000 - 0x00007ffca4017000 	C:\Windows\system32\mswsock.dll
0x00007ffc938b0000 - 0x00007ffc938c4000 	C:\Program Files\Android\Android Studio\jre\bin\nio.dll
0x00007ffc93860000 - 0x00007ffc93887000 	C:\Users\Yusufjon\.gradle\native\e1d6ef7f7dcc3fd88c89a11ec53ec762bb8ba0a96d01ffa2cd45eb1d1d8dd5c5\windows-amd64\native-platform.dll
0x00007ffc65ff0000 - 0x00007ffc66134000 	C:\Users\Yusufjon\.gradle\native\0d407fdbe67a94daf76414ababcb853783967236a71b16ec16e742cd7a986fd3\windows-amd64\native-platform-file-events.dll
0x00007ffc9f4b0000 - 0x00007ffc9f4ba000 	C:\Program Files\Android\Android Studio\jre\bin\management.dll
0x00007ffc9a050000 - 0x00007ffc9a05d000 	C:\Program Files\Android\Android Studio\jre\bin\management_ext.dll
0x00007ffca4d00000 - 0x00007ffca4d18000 	C:\Windows\SYSTEM32\CRYPTSP.dll
0x00007ffca3cc0000 - 0x00007ffca3cf5000 	C:\Windows\system32\rsaenh.dll
0x00007ffca4020000 - 0x00007ffca4049000 	C:\Windows\SYSTEM32\USERENV.dll
0x00007ffca4ba0000 - 0x00007ffca4bc7000 	C:\Windows\SYSTEM32\bcrypt.dll
0x00007ffca4170000 - 0x00007ffca417c000 	C:\Windows\SYSTEM32\CRYPTBASE.dll
0x00007ffca3580000 - 0x00007ffca35ad000 	C:\Windows\SYSTEM32\IPHLPAPI.DLL
0x00007ffca6e60000 - 0x00007ffca6e69000 	C:\Windows\System32\NSI.dll
0x00007ffc97610000 - 0x00007ffc97629000 	C:\Windows\SYSTEM32\dhcpcsvc6.DLL
0x00007ffc97780000 - 0x00007ffc9779e000 	C:\Windows\SYSTEM32\dhcpcsvc.DLL
0x00007ffca35b0000 - 0x00007ffca3698000 	C:\Windows\SYSTEM32\DNSAPI.dll

dbghelp: loaded successfully - version: 4.0.5 - missing functions: none
symbol engine: initialized successfully - sym options: 0x614 - pdb path: .;C:\Program Files\Android\Android Studio\jre\bin;C:\Windows\SYSTEM32;C:\Windows\WinSxS\amd64_microsoft.windows.common-controls_6595b64144ccf1df_6.0.22000.120_none_9d947278b86cc467;C:\Program Files\Android\Android Studio\jre\bin\server;C:\Users\Yusufjon\.gradle\native\e1d6ef7f7dcc3fd88c89a11ec53ec762bb8ba0a96d01ffa2cd45eb1d1d8dd5c5\windows-amd64;C:\Users\Yusufjon\.gradle\native\0d407fdbe67a94daf76414ababcb853783967236a71b16ec16e742cd7a986fd3\windows-amd64

VM Arguments:
jvm_args: --add-opens=java.base/java.util=ALL-UNNAMED --add-opens=java.base/java.lang=ALL-UNNAMED --add-opens=java.base/java.lang.invoke=ALL-UNNAMED --add-opens=java.base/java.util=ALL-UNNAMED --add-opens=java.prefs/java.util.prefs=ALL-UNNAMED --add-opens=java.prefs/java.util.prefs=ALL-UNNAMED --add-opens=java.base/java.nio.charset=ALL-UNNAMED --add-opens=java.base/java.net=ALL-UNNAMED --add-opens=java.base/java.util.concurrent.atomic=ALL-UNNAMED -Xmx2048m -Dfile.encoding=UTF-8 -Duser.country=RU -Duser.language=ru -Duser.variant 
java_command: org.gradle.launcher.daemon.bootstrap.GradleDaemon 7.4
java_class_path (initial): C:\Users\Yusufjon\.gradle\wrapper\dists\gradle-7.4-bin\c0gwcg53nkjbqw7r0h0umtfvt\gradle-7.4\lib\gradle-launcher-7.4.jar
Launcher Type: SUN_STANDARD

[Global flags]
     intx CICompilerCount                          = 3                                         {product} {ergonomic}
     uint ConcGCThreads                            = 1                                         {product} {ergonomic}
     uint G1ConcRefinementThreads                  = 4                                         {product} {ergonomic}
   size_t G1HeapRegionSize                         = 1048576                                   {product} {ergonomic}
    uintx GCDrainStackTargetSize                   = 64                                        {product} {ergonomic}
   size_t InitialHeapSize                          = 132120576                                 {product} {ergonomic}
   size_t MarkStackSize                            = 4194304                                   {product} {ergonomic}
   size_t MaxHeapSize                              = 2147483648                                {product} {command line}
   size_t MaxNewSize                               = 1287651328                                {product} {ergonomic}
   size_t MinHeapDeltaBytes                        = 1048576                                   {product} {ergonomic}
    uintx NonNMethodCodeHeapSize                   = 5830732                                {pd product} {ergonomic}
    uintx NonProfiledCodeHeapSize                  = 122913754                              {pd product} {ergonomic}
    uintx ProfiledCodeHeapSize                     = 122913754                              {pd product} {ergonomic}
    uintx ReservedCodeCacheSize                    = 251658240                              {pd product} {ergonomic}
     bool SegmentedCodeCache                       = true                                      {product} {ergonomic}
     bool UseCompressedClassPointers               = true                                 {lp64_product} {ergonomic}
     bool UseCompressedOops                        = true                                 {lp64_product} {ergonomic}
     bool UseG1GC                                  = true                                      {product} {ergonomic}
     bool UseLargePagesIndividualAllocation        = false                                  {pd product} {ergonomic}

Logging:
Log output configuration:
 #0: stdout all=warning uptime,level,tags
 #1: stderr all=off uptime,level,tags

Environment Variables:
PATH=C:\Program Files\Common Files\Oracle\Java\javapath;C:\Windows\system32;C:\Windows;C:\Windows\System32\Wbem;C:\Windows\System32\WindowsPowerShell\v1.0\;C:\Windows\System32\OpenSSH\;C:\Program Files\Git\cmd;C:\Program Files\MySQL\MySQL Shell 8.0\bin\;C:\Users\Yusufjon\AppData\Local\Microsoft\WindowsApps;C:\Users\Yusufjon\AppData\Local\GitHubDesktop\bin
USERNAME=Yusufjon
OS=Windows_NT
PROCESSOR_IDENTIFIER=Intel64 Family 6 Model 140 Stepping 1, GenuineIntel



---------------  S Y S T E M  ---------------

OS: Windows 11 , 64 bit Build 22000 (10.0.22000.1335)
OS uptime: 0 days 14:31 hours

CPU:total 4 (initial active 4) (2 cores per cpu, 2 threads per core) family 6 model 140 stepping 1 microcode 0x66, cmov, cx8, fxsr, mmx, sse, sse2, sse3, ssse3, sse4.1, sse4.2, popcnt, avx, avx2, aes, clmul, erms, 3dnowpref, lzcnt, ht, tsc, tscinvbit, bmi1, bmi2, adx, evex, sha, fma

Memory: 4k page, system-wide physical 7991M (973M free)
TotalPageFile size 10462M (AvailPageFile size 5M)
current process WorkingSet (physical memory assigned to process): 271M, peak: 271M
current process commit charge ("private bytes"): 335M, peak: 336M

vm_info: OpenJDK 64-Bit Server VM (11.0.13+0-b1751.21-8125866) for windows-amd64 JRE (11.0.13+0-b1751.21-8125866), built on Feb  2 2022 03:00:22 by "builder" with MS VC++ 14.0 (VS2015)

END.
